2023-11-14T11:27:52: PM2 log: ===============================================================================
2023-11-14T11:27:52: PM2 log: --- New PM2 Daemon started ----------------------------------------------------
2023-11-14T11:27:52: PM2 log: Time                 : Tue Nov 14 2023 11:27:52 GMT+0000 (Coordinated Universal Time)
2023-11-14T11:27:52: PM2 log: PM2 version          : 5.3.0
2023-11-14T11:27:52: PM2 log: Node.js version      : 21.1.0
2023-11-14T11:27:52: PM2 log: Current arch         : x64
2023-11-14T11:27:52: PM2 log: PM2 home             : /home/ubuntu/.pm2
2023-11-14T11:27:52: PM2 log: PM2 PID file         : /home/ubuntu/.pm2/pm2.pid
2023-11-14T11:27:52: PM2 log: RPC socket file      : /home/ubuntu/.pm2/rpc.sock
2023-11-14T11:27:52: PM2 log: BUS socket file      : /home/ubuntu/.pm2/pub.sock
2023-11-14T11:27:52: PM2 log: Application log path : /home/ubuntu/.pm2/logs
2023-11-14T11:27:52: PM2 log: Worker Interval      : 30000
2023-11-14T11:27:52: PM2 log: Process dump file    : /home/ubuntu/.pm2/dump.pm2
2023-11-14T11:27:52: PM2 log: Concurrent actions   : 2
2023-11-14T11:27:52: PM2 log: SIGTERM timeout      : 1600
2023-11-14T11:27:52: PM2 log: ===============================================================================
2023-11-14T11:27:52: PM2 log: App [server:0] starting in -fork mode-
2023-11-14T11:27:52: PM2 log: App [server:0] online
2023-11-14T11:32:25: PM2 log: App [frontend:1] starting in -fork mode-
2023-11-14T11:32:25: PM2 log: App [frontend:1] online
2023-11-14T11:51:09: PM2 log: Stopping app:frontend id:1
2023-11-14T11:51:09: PM2 log: App [frontend:1] exited with code [0] via signal [SIGINT]
2023-11-14T11:51:09: PM2 log: pid=19666 msg=process killed
2023-11-14T11:51:09: PM2 log: App [frontend:1] starting in -fork mode-
2023-11-14T11:51:09: PM2 log: App [frontend:1] online
2023-11-14T11:55:38: PM2 log: Stopping app:frontend id:1
2023-11-14T11:55:38: PM2 log: App [frontend:1] exited with code [0] via signal [SIGINT]
2023-11-14T11:55:38: PM2 log: pid=19901 msg=process killed
2023-11-14T11:55:38: PM2 log: App [frontend:1] starting in -fork mode-
2023-11-14T11:55:38: PM2 log: App [frontend:1] online
2023-11-14T14:26:49: PM2 log: Stopping app:frontend id:1
2023-11-14T14:26:49: PM2 log: App [frontend:1] exited with code [0] via signal [SIGINT]
2023-11-14T14:26:49: PM2 log: pid=19986 msg=process killed
2023-11-14T14:26:49: PM2 log: App [frontend:1] starting in -fork mode-
2023-11-14T14:26:49: PM2 log: App [frontend:1] online
2023-11-14T14:28:36: PM2 log: Stopping app:frontend id:1
2023-11-14T14:28:36: PM2 log: App [frontend:1] exited with code [0] via signal [SIGINT]
2023-11-14T14:28:36: PM2 log: pid=20367 msg=process killed
2023-11-14T14:30:57: PM2 log: App [frontend:2] starting in -fork mode-
2023-11-14T14:30:57: PM2 log: App [frontend:2] online
2023-11-14T14:43:06: PM2 log: Stopping app:frontend id:2
2023-11-14T14:43:06: PM2 log: App [frontend:2] exited with code [0] via signal [SIGINT]
2023-11-14T14:43:06: PM2 log: pid=20547 msg=process killed
2023-11-14T14:44:16: PM2 log: App [frontend:3] starting in -fork mode-
2023-11-14T14:44:16: PM2 log: App [frontend:3] online
2023-11-15T15:15:20: PM2 log: pm2 has been killed by signal, dumping process list before exit...
2023-11-15T15:15:21: PM2 log: Deleting process 0
2023-11-15T15:15:21: PM2 log: Stopping app:server id:0
2023-11-15T15:15:21: PM2 log: App [server:0] exited with code [0] via signal [SIGHUP]
2023-11-15T15:15:21: PM2 log: App [frontend:3] exited with code [0] via signal [SIGHUP]
2023-11-15T15:15:21: PM2 log: App [frontend:3] starting in -fork mode-
2023-11-15T15:15:21: PM2 log: App [frontend:3] online
2023-11-15T15:15:21: PM2 log: pid=19440 msg=process killed
2023-11-15T15:15:21: PM2 log: Deleting process 3
2023-11-15T15:15:21: PM2 log: Stopping app:frontend id:3
2023-11-15T15:15:21: PM2 log: App [frontend:3] exited with code [0] via signal [SIGINT]
2023-11-15T15:15:21: PM2 log: pid=25951 msg=process killed
2023-11-15T15:15:21: PM2 log: Exited peacefully
2023-11-16T03:13:24: PM2 log: ===============================================================================
2023-11-16T03:13:24: PM2 log: --- New PM2 Daemon started ----------------------------------------------------
2023-11-16T03:13:24: PM2 log: Time                 : Thu Nov 16 2023 03:13:24 GMT+0000 (Coordinated Universal Time)
2023-11-16T03:13:24: PM2 log: PM2 version          : 5.3.0
2023-11-16T03:13:24: PM2 log: Node.js version      : 21.1.0
2023-11-16T03:13:24: PM2 log: Current arch         : x64
2023-11-16T03:13:24: PM2 log: PM2 home             : /home/ubuntu/.pm2
2023-11-16T03:13:24: PM2 log: PM2 PID file         : /home/ubuntu/.pm2/pm2.pid
2023-11-16T03:13:24: PM2 log: RPC socket file      : /home/ubuntu/.pm2/rpc.sock
2023-11-16T03:13:24: PM2 log: BUS socket file      : /home/ubuntu/.pm2/pub.sock
2023-11-16T03:13:24: PM2 log: Application log path : /home/ubuntu/.pm2/logs
2023-11-16T03:13:24: PM2 log: Worker Interval      : 30000
2023-11-16T03:13:24: PM2 log: Process dump file    : /home/ubuntu/.pm2/dump.pm2
2023-11-16T03:13:24: PM2 log: Concurrent actions   : 2
2023-11-16T03:13:24: PM2 log: SIGTERM timeout      : 1600
2023-11-16T03:13:24: PM2 log: ===============================================================================
2023-11-16T03:14:16: PM2 log: App [server:0] starting in -fork mode-
2023-11-16T03:14:16: PM2 log: App [server:0] online
2023-11-16T03:16:38: PM2 log: App [frontend:1] starting in -fork mode-
2023-11-16T03:16:38: PM2 log: App [frontend:1] online
2023-11-18T09:15:24: PM2 log: ===============================================================================
2023-11-18T09:15:24: PM2 log: --- New PM2 Daemon started ----------------------------------------------------
2023-11-18T09:15:24: PM2 log: Time                 : Sat Nov 18 2023 09:15:24 GMT+0000 (Coordinated Universal Time)
2023-11-18T09:15:24: PM2 log: PM2 version          : 5.3.0
2023-11-18T09:15:24: PM2 log: Node.js version      : 21.1.0
2023-11-18T09:15:24: PM2 log: Current arch         : x64
2023-11-18T09:15:24: PM2 log: PM2 home             : /home/ubuntu/.pm2
2023-11-18T09:15:24: PM2 log: PM2 PID file         : /home/ubuntu/.pm2/pm2.pid
2023-11-18T09:15:24: PM2 log: RPC socket file      : /home/ubuntu/.pm2/rpc.sock
2023-11-18T09:15:24: PM2 log: BUS socket file      : /home/ubuntu/.pm2/pub.sock
2023-11-18T09:15:24: PM2 log: Application log path : /home/ubuntu/.pm2/logs
2023-11-18T09:15:24: PM2 log: Worker Interval      : 30000
2023-11-18T09:15:24: PM2 log: Process dump file    : /home/ubuntu/.pm2/dump.pm2
2023-11-18T09:15:24: PM2 log: Concurrent actions   : 2
2023-11-18T09:15:24: PM2 log: SIGTERM timeout      : 1600
2023-11-18T09:15:24: PM2 log: ===============================================================================
2023-11-18T09:16:41: PM2 log: App [server:0] starting in -fork mode-
2023-11-18T09:16:41: PM2 log: App [server:0] online
2023-11-18T09:25:16: PM2 log: App [frontend:1] starting in -fork mode-
2023-11-18T09:25:16: PM2 log: App [frontend:1] online
2023-11-20T03:39:55: PM2 log: Stopping app:frontend id:1
2023-11-20T03:39:55: PM2 log: App [frontend:1] exited with code [0] via signal [SIGINT]
2023-11-20T03:39:55: PM2 log: pid=1356 msg=process killed
2023-11-20T03:39:55: PM2 log: App [frontend:1] starting in -fork mode-
2023-11-20T03:39:55: PM2 log: App [frontend:1] online
2023-11-20T03:43:18: PM2 log: Stopping app:frontend id:1
2023-11-20T03:43:18: PM2 log: App [frontend:1] exited with code [0] via signal [SIGINT]
2023-11-20T03:43:18: PM2 log: pid=6140 msg=process killed
2023-11-20T03:43:47: PM2 log: App [frontend:2] starting in -fork mode-
2023-11-20T03:43:47: PM2 log: App [frontend:2] online
2023-11-20T06:57:31: PM2 log: Stopping app:frontend id:2
2023-11-20T06:57:31: PM2 log: App [frontend:2] exited with code [0] via signal [SIGINT]
2023-11-20T06:57:31: PM2 log: pid=6287 msg=process killed
2023-11-20T07:05:21: PM2 log: pm2 has been killed by signal, dumping process list before exit...
2023-11-20T07:05:21: PM2 log: Deleting process 0
2023-11-20T07:05:21: PM2 log: Stopping app:server id:0
2023-11-20T07:05:21: PM2 log: App [server:0] exited with code [0] via signal [SIGHUP]
2023-11-20T07:05:21: PM2 error: Error caught while calling pidusage
2023-11-20T07:05:21: PM2 error: Error: ESRCH: no such process, read
2023-11-20T07:05:21: PM2 log: pid=973 msg=process killed
2023-11-20T07:05:21: PM2 log: Exited peacefully
2023-11-20T07:11:19: PM2 log: ===============================================================================
2023-11-20T07:11:19: PM2 log: --- New PM2 Daemon started ----------------------------------------------------
2023-11-20T07:11:19: PM2 log: Time                 : Mon Nov 20 2023 07:11:19 GMT+0000 (Coordinated Universal Time)
2023-11-20T07:11:19: PM2 log: PM2 version          : 5.3.0
2023-11-20T07:11:19: PM2 log: Node.js version      : 21.1.0
2023-11-20T07:11:19: PM2 log: Current arch         : x64
2023-11-20T07:11:19: PM2 log: PM2 home             : /home/ubuntu/.pm2
2023-11-20T07:11:19: PM2 log: PM2 PID file         : /home/ubuntu/.pm2/pm2.pid
2023-11-20T07:11:19: PM2 log: RPC socket file      : /home/ubuntu/.pm2/rpc.sock
2023-11-20T07:11:19: PM2 log: BUS socket file      : /home/ubuntu/.pm2/pub.sock
2023-11-20T07:11:19: PM2 log: Application log path : /home/ubuntu/.pm2/logs
2023-11-20T07:11:19: PM2 log: Worker Interval      : 30000
2023-11-20T07:11:19: PM2 log: Process dump file    : /home/ubuntu/.pm2/dump.pm2
2023-11-20T07:11:19: PM2 log: Concurrent actions   : 2
2023-11-20T07:11:19: PM2 log: SIGTERM timeout      : 1600
2023-11-20T07:11:19: PM2 log: ===============================================================================
2023-11-20T07:11:19: PM2 log: App [frontend:0] starting in -fork mode-
2023-11-20T07:11:19: PM2 log: App [frontend:0] online
2023-11-20T07:12:01: PM2 log: App [server:1] starting in -fork mode-
2023-11-20T07:12:01: PM2 log: App [server:1] online
2023-12-02T12:16:57: PM2 log: Stopping app:frontend id:0
2023-12-02T12:16:57: PM2 log: App [frontend:0] exited with code [0] via signal [SIGINT]
2023-12-02T12:16:57: PM2 log: pid=1106 msg=process killed
2023-12-02T12:17:25: PM2 log: App [frontend:2] starting in -fork mode-
2023-12-02T12:17:25: PM2 log: App [frontend:2] online
2023-12-02T12:18:26: PM2 log: Stopping app:server id:1
2023-12-02T12:18:26: PM2 log: App [server:1] exited with code [0] via signal [SIGINT]
2023-12-02T12:18:26: PM2 log: pid=1171 msg=process killed
2023-12-02T12:18:26: PM2 log: App [server:1] starting in -fork mode-
2023-12-02T12:18:26: PM2 log: App [server:1] online
2023-12-02T12:18:31: PM2 log: Stopping app:frontend id:2
2023-12-02T12:18:31: PM2 log: App [frontend:2] exited with code [0] via signal [SIGINT]
2023-12-02T12:18:31: PM2 log: pid=37280 msg=process killed
2023-12-02T12:18:31: PM2 log: App [frontend:2] starting in -fork mode-
2023-12-02T12:18:31: PM2 log: App [frontend:2] online
2024-01-21T07:11:20: PM2 log: [PM2] This PM2 is not UP TO DATE
2024-01-21T07:11:20: PM2 log: [PM2] Upgrade to version 5.3.1
2024-01-22T07:11:20: PM2 log: [PM2] This PM2 is not UP TO DATE
2024-01-22T07:11:20: PM2 log: [PM2] Upgrade to version 5.3.1
2024-01-23T07:11:20: PM2 log: [PM2] This PM2 is not UP TO DATE
2024-01-23T07:11:20: PM2 log: [PM2] Upgrade to version 5.3.1
2024-01-24T07:11:20: PM2 log: [PM2] This PM2 is not UP TO DATE
2024-01-24T07:11:20: PM2 log: [PM2] Upgrade to version 5.3.1
2024-01-25T07:11:20: PM2 log: [PM2] This PM2 is not UP TO DATE
2024-01-25T07:11:20: PM2 log: [PM2] Upgrade to version 5.3.1
2024-01-26T07:11:20: PM2 log: [PM2] This PM2 is not UP TO DATE
2024-01-26T07:11:20: PM2 log: [PM2] Upgrade to version 5.3.1
2024-01-27T07:11:20: PM2 log: [PM2] This PM2 is not UP TO DATE
2024-01-27T07:11:20: PM2 log: [PM2] Upgrade to version 5.3.1
2024-01-28T07:11:20: PM2 log: [PM2] This PM2 is not UP TO DATE
2024-01-28T07:11:20: PM2 log: [PM2] Upgrade to version 5.3.1
2024-01-29T07:11:20: PM2 log: [PM2] This PM2 is not UP TO DATE
2024-01-29T07:11:20: PM2 log: [PM2] Upgrade to version 5.3.1
2024-01-30T07:11:20: PM2 log: [PM2] This PM2 is not UP TO DATE
2024-01-30T07:11:20: PM2 log: [PM2] Upgrade to version 5.3.1
2024-01-31T07:11:20: PM2 log: [PM2] This PM2 is not UP TO DATE
2024-01-31T07:11:20: PM2 log: [PM2] Upgrade to version 5.3.1
2024-02-01T07:11:20: PM2 log: [PM2] This PM2 is not UP TO DATE
2024-02-01T07:11:20: PM2 log: [PM2] Upgrade to version 5.3.1
2024-02-02T07:11:20: PM2 log: [PM2] This PM2 is not UP TO DATE
2024-02-02T07:11:20: PM2 log: [PM2] Upgrade to version 5.3.1
2024-02-03T07:11:20: PM2 log: [PM2] This PM2 is not UP TO DATE
2024-02-03T07:11:20: PM2 log: [PM2] Upgrade to version 5.3.1
2024-02-04T07:11:20: PM2 log: [PM2] This PM2 is not UP TO DATE
2024-02-04T07:11:20: PM2 log: [PM2] Upgrade to version 5.3.1
2024-02-05T07:11:20: PM2 log: [PM2] This PM2 is not UP TO DATE
2024-02-05T07:11:20: PM2 log: [PM2] Upgrade to version 5.3.1
2024-02-06T07:11:20: PM2 log: [PM2] This PM2 is not UP TO DATE
2024-02-06T07:11:20: PM2 log: [PM2] Upgrade to version 5.3.1
2024-02-07T07:11:20: PM2 log: [PM2] This PM2 is not UP TO DATE
2024-02-07T07:11:20: PM2 log: [PM2] Upgrade to version 5.3.1
2024-02-08T07:11:20: PM2 log: [PM2] This PM2 is not UP TO DATE
2024-02-08T07:11:20: PM2 log: [PM2] Upgrade to version 5.3.1
2024-02-09T07:11:20: PM2 log: [PM2] This PM2 is not UP TO DATE
2024-02-09T07:11:20: PM2 log: [PM2] Upgrade to version 5.3.1
2024-02-10T07:11:20: PM2 log: [PM2] This PM2 is not UP TO DATE
2024-02-10T07:11:20: PM2 log: [PM2] Upgrade to version 5.3.1
2024-02-11T07:11:20: PM2 log: [PM2] This PM2 is not UP TO DATE
2024-02-11T07:11:20: PM2 log: [PM2] Upgrade to version 5.3.1
2024-02-12T07:11:20: PM2 log: [PM2] This PM2 is not UP TO DATE
2024-02-12T07:11:20: PM2 log: [PM2] Upgrade to version 5.3.1
2024-02-13T04:14:10: PM2 log: Stopping app:server id:1
2024-02-13T04:14:10: PM2 log: App [server:1] exited with code [0] via signal [SIGINT]
2024-02-13T04:14:10: PM2 log: pid=37322 msg=process killed
2024-02-13T04:14:10: PM2 log: App [server:1] starting in -fork mode-
2024-02-13T04:14:10: PM2 log: App [server:1] online
2024-02-13T04:14:14: PM2 log: Stopping app:frontend id:2
2024-02-13T04:14:15: PM2 log: App [frontend:2] exited with code [0] via signal [SIGINT]
2024-02-13T04:14:15: PM2 log: pid=37381 msg=process killed
2024-02-13T04:14:15: PM2 log: App [frontend:2] starting in -fork mode-
2024-02-13T04:14:15: PM2 log: App [frontend:2] online
2024-02-13T04:41:08: PM2 log: pm2 has been killed by signal, dumping process list before exit...
2024-02-13T04:41:08: PM2 log: Deleting process 1
2024-02-13T04:41:08: PM2 log: Stopping app:server id:1
2024-02-13T04:41:08: PM2 log: App [frontend:2] exited with code [0] via signal [SIGHUP]
2024-02-13T04:41:08: PM2 log: App [frontend:2] starting in -fork mode-
2024-02-13T04:41:08: PM2 log: App [server:1] exited with code [0] via signal [SIGHUP]
2024-02-13T04:41:08: PM2 log: App [frontend:2] online
2024-02-13T04:41:08: PM2 log: pid=300506 msg=process killed
2024-02-13T04:41:08: PM2 log: Deleting process 2
2024-02-13T04:41:08: PM2 log: Stopping app:frontend id:2
2024-02-13T04:41:08: PM2 log: App [frontend:2] exited with code [0] via signal [SIGINT]
2024-02-13T04:41:08: PM2 log: pid=300746 msg=process killed
2024-02-13T04:41:08: PM2 log: Exited peacefully
2024-02-13T04:42:40: PM2 log: ===============================================================================
2024-02-13T04:42:40: PM2 log: --- New PM2 Daemon started ----------------------------------------------------
2024-02-13T04:42:40: PM2 log: Time                 : Tue Feb 13 2024 04:42:40 GMT+0000 (Coordinated Universal Time)
2024-02-13T04:42:40: PM2 log: PM2 version          : 5.3.0
2024-02-13T04:42:40: PM2 log: Node.js version      : 21.1.0
2024-02-13T04:42:40: PM2 log: Current arch         : x64
2024-02-13T04:42:40: PM2 log: PM2 home             : /home/ubuntu/.pm2
2024-02-13T04:42:40: PM2 log: PM2 PID file         : /home/ubuntu/.pm2/pm2.pid
2024-02-13T04:42:40: PM2 log: RPC socket file      : /home/ubuntu/.pm2/rpc.sock
2024-02-13T04:42:40: PM2 log: BUS socket file      : /home/ubuntu/.pm2/pub.sock
2024-02-13T04:42:40: PM2 log: Application log path : /home/ubuntu/.pm2/logs
2024-02-13T04:42:40: PM2 log: Worker Interval      : 30000
2024-02-13T04:42:40: PM2 log: Process dump file    : /home/ubuntu/.pm2/dump.pm2
2024-02-13T04:42:40: PM2 log: Concurrent actions   : 2
2024-02-13T04:42:40: PM2 log: SIGTERM timeout      : 1600
2024-02-13T04:42:40: PM2 log: ===============================================================================
2024-02-13T04:44:02: PM2 log: App [backend:0] starting in -fork mode-
2024-02-13T04:44:02: PM2 log: App [backend:0] online
2024-02-13T04:48:37: PM2 log: App [frontend:1] starting in -fork mode-
2024-02-13T04:48:37: PM2 log: App [frontend:1] online
