0 verbose cli /usr/local/bin/node /usr/local/bin/npm
1 info using npm@10.2.0
2 info using node@v21.1.0
3 timing npm:load:whichnode Completed in 26ms
4 timing config:load:defaults Completed in 2ms
5 timing config:load:file:/usr/local/lib/node_modules/npm/npmrc Completed in 7ms
6 timing config:load:builtin Completed in 7ms
7 timing config:load:cli Completed in 2ms
8 timing config:load:env Completed in 0ms
9 timing config:load:file:/home/ubuntu/dasboard_server/.npmrc Completed in 0ms
10 timing config:load:project Completed in 1ms
11 timing config:load:file:/home/ubuntu/.npmrc Completed in 4ms
12 timing config:load:user Completed in 4ms
13 timing config:load:file:/usr/local/etc/npmrc Completed in 1ms
14 timing config:load:global Completed in 1ms
15 timing config:load:setEnvs Completed in 1ms
16 timing config:load Completed in 19ms
17 timing npm:load:configload Completed in 19ms
18 timing config:load:flatten Completed in 7ms
19 timing npm:load:mkdirpcache Completed in 2ms
20 timing npm:load:mkdirplogs Completed in 0ms
21 verbose title npm i
22 verbose argv "i"
23 timing npm:load:setTitle Completed in 1ms
24 timing npm:load:display Completed in 1ms
25 verbose logfile logs-max:10 dir:/home/ubuntu/.npm/_logs/2023-11-16T03_13_40_024Z-
26 verbose logfile /home/ubuntu/.npm/_logs/2023-11-16T03_13_40_024Z-debug-0.log
27 timing npm:load:logFile Completed in 22ms
28 timing npm:load:timers Completed in 0ms
29 timing npm:load:configScope Completed in 0ms
30 timing npm:load Completed in 107ms
31 timing arborist:ctor Completed in 0ms
32 silly logfile done cleaning log files
33 timing idealTree:init Completed in 196ms
34 timing idealTree:userRequests Completed in 1ms
35 silly idealTree buildDeps
36 timing idealTree:#root Completed in 0ms
37 timing idealTree:buildDeps Completed in 1ms
38 timing idealTree:fixDepFlags Completed in 0ms
39 timing idealTree Completed in 202ms
40 timing arborist:ctor Completed in 1ms
41 timing reify:loadTrees Completed in 378ms
42 timing reify:diffTrees Completed in 14ms
43 silly reify moves {}
44 timing reify:retireShallow Completed in 1ms
45 timing reify:createSparse Completed in 7ms
46 timing reify:loadBundles Completed in 0ms
47 silly audit bulk request {
47 silly audit   '@jridgewell/gen-mapping': [ '0.3.3' ],
47 silly audit   '@jridgewell/resolve-uri': [ '3.1.1' ],
47 silly audit   '@jridgewell/set-array': [ '1.1.2' ],
47 silly audit   '@jridgewell/source-map': [ '0.3.5' ],
47 silly audit   '@jridgewell/sourcemap-codec': [ '1.4.15' ],
47 silly audit   '@jridgewell/trace-mapping': [ '0.3.20' ],
47 silly audit   '@mapbox/node-pre-gyp': [ '1.0.11' ],
47 silly audit   '@mongodb-js/saslprep': [ '1.1.0' ],
47 silly audit   '@types/eslint': [ '8.44.6' ],
47 silly audit   '@types/eslint-scope': [ '3.7.6' ],
47 silly audit   '@types/estree': [ '1.0.3' ],
47 silly audit   '@types/json-schema': [ '7.0.14' ],
47 silly audit   '@types/node': [ '20.7.0' ],
47 silly audit   '@types/webidl-conversions': [ '7.0.1' ],
47 silly audit   '@types/whatwg-url': [ '8.2.2' ],
47 silly audit   '@webassemblyjs/ast': [ '1.11.6' ],
47 silly audit   '@webassemblyjs/floating-point-hex-parser': [ '1.11.6' ],
47 silly audit   '@webassemblyjs/helper-api-error': [ '1.11.6' ],
47 silly audit   '@webassemblyjs/helper-buffer': [ '1.11.6' ],
47 silly audit   '@webassemblyjs/helper-numbers': [ '1.11.6' ],
47 silly audit   '@webassemblyjs/helper-wasm-bytecode': [ '1.11.6' ],
47 silly audit   '@webassemblyjs/helper-wasm-section': [ '1.11.6' ],
47 silly audit   '@webassemblyjs/ieee754': [ '1.11.6' ],
47 silly audit   '@webassemblyjs/leb128': [ '1.11.6' ],
47 silly audit   '@webassemblyjs/utf8': [ '1.11.6' ],
47 silly audit   '@webassemblyjs/wasm-edit': [ '1.11.6' ],
47 silly audit   '@webassemblyjs/wasm-gen': [ '1.11.6' ],
47 silly audit   '@webassemblyjs/wasm-opt': [ '1.11.6' ],
47 silly audit   '@webassemblyjs/wasm-parser': [ '1.11.6' ],
47 silly audit   '@webassemblyjs/wast-printer': [ '1.11.6' ],
47 silly audit   '@xtuc/ieee754': [ '1.2.0' ],
47 silly audit   '@xtuc/long': [ '4.2.2' ],
47 silly audit   abab: [ '2.0.6' ],
47 silly audit   abbrev: [ '1.1.1' ],
47 silly audit   accepts: [ '1.3.8' ],
47 silly audit   acorn: [ '8.11.2' ],
47 silly audit   'acorn-import-assertions': [ '1.9.0' ],
47 silly audit   'agent-base': [ '6.0.2' ],
47 silly audit   debug: [ '4.3.4', '2.6.9', '3.2.7' ],
47 silly audit   ms: [ '2.1.2', '2.1.3', '2.0.0' ],
47 silly audit   ajv: [ '6.12.6' ],
47 silly audit   'ajv-keywords': [ '3.5.2' ],
47 silly audit   'ansi-regex': [ '5.0.1' ],
47 silly audit   anymatch: [ '3.1.3' ],
47 silly audit   aproba: [ '2.0.0' ],
47 silly audit   'are-we-there-yet': [ '2.0.0' ],
47 silly audit   'array-flatten': [ '1.1.1' ],
47 silly audit   'balanced-match': [ '1.0.2' ],
47 silly audit   bcrypt: [ '5.1.1' ],
47 silly audit   'big.js': [ '5.2.2' ],
47 silly audit   'binary-extensions': [ '2.2.0' ],
47 silly audit   'body-parser': [ '1.20.1' ],
47 silly audit   'brace-expansion': [ '1.1.11' ],
47 silly audit   braces: [ '3.0.2' ],
47 silly audit   browserslist: [ '4.22.1' ],
47 silly audit   bson: [ '5.5.0' ],
47 silly audit   'buffer-equal-constant-time': [ '1.0.1' ],
47 silly audit   'buffer-from': [ '1.1.2' ],
47 silly audit   bytes: [ '3.1.2' ],
47 silly audit   'call-bind': [ '1.0.2' ],
47 silly audit   'caniuse-lite': [ '1.0.30001555' ],
47 silly audit   chokidar: [ '3.5.3' ],
47 silly audit   chownr: [ '2.0.0' ],
47 silly audit   'chrome-trace-event': [ '1.0.3' ],
47 silly audit   'color-support': [ '1.1.3' ],
47 silly audit   commander: [ '2.20.3' ],
47 silly audit   'concat-map': [ '0.0.1' ],
47 silly audit   'console-control-strings': [ '1.1.0' ],
47 silly audit   'content-disposition': [ '0.5.4' ],
47 silly audit   'content-type': [ '1.0.5' ],
47 silly audit   cookie: [ '0.5.0' ],
47 silly audit   'cookie-signature': [ '1.0.6' ],
47 silly audit   cors: [ '2.8.5' ],
47 silly audit   delegates: [ '1.0.0' ],
47 silly audit   depd: [ '2.0.0' ],
47 silly audit   destroy: [ '1.2.0' ],
47 silly audit   'detect-libc': [ '2.0.2' ],
47 silly audit   'ecdsa-sig-formatter': [ '1.0.11' ],
47 silly audit   'ee-first': [ '1.1.1' ],
47 silly audit   'electron-to-chromium': [ '1.4.569' ],
47 silly audit   'emoji-regex': [ '8.0.0' ],
47 silly audit   'emojis-list': [ '3.0.0' ],
47 silly audit   encodeurl: [ '1.0.2' ],
47 silly audit   'enhanced-resolve': [ '5.15.0' ],
47 silly audit   'es-module-lexer': [ '1.3.1' ],
47 silly audit   escalade: [ '3.1.1' ],
47 silly audit   'escape-html': [ '1.0.3' ],
47 silly audit   'eslint-scope': [ '5.1.1' ],
47 silly audit   esrecurse: [ '4.3.0' ],
47 silly audit   estraverse: [ '5.3.0', '4.3.0' ],
47 silly audit   etag: [ '1.8.1' ],
47 silly audit   events: [ '3.3.0' ],
47 silly audit   express: [ '4.18.2' ],
47 silly audit   'fast-deep-equal': [ '3.1.3' ],
47 silly audit   'fast-json-stable-stringify': [ '2.1.0' ],
47 silly audit   'fill-range': [ '7.0.1' ],
47 silly audit   finalhandler: [ '1.2.0' ],
47 silly audit   forwarded: [ '0.2.0' ],
47 silly audit   fresh: [ '0.5.2' ],
47 silly audit   'fs-minipass': [ '2.1.0' ],
47 silly audit   minipass: [ '3.3.6', '5.0.0' ],
47 silly audit   'fs.realpath': [ '1.0.0' ],
47 silly audit   fsevents: [ '2.3.3' ],
47 silly audit   'function-bind': [ '1.1.1' ],
47 silly audit   gauge: [ '3.0.2' ],
47 silly audit   'get-intrinsic': [ '1.2.1' ],
47 silly audit   glob: [ '7.2.3' ],
47 silly audit   'glob-parent': [ '5.1.2' ],
47 silly audit   'glob-to-regexp': [ '0.4.1' ],
47 silly audit   'graceful-fs': [ '4.2.11' ],
47 silly audit   has: [ '1.0.3' ],
47 silly audit   'has-flag': [ '3.0.0', '4.0.0' ],
47 silly audit   'has-proto': [ '1.0.1' ],
47 silly audit   'has-symbols': [ '1.0.3' ],
47 silly audit   'has-unicode': [ '2.0.1' ],
47 silly audit   'http-errors': [ '2.0.0' ],
47 silly audit   'https-proxy-agent': [ '5.0.1' ],
47 silly audit   'iconv-lite': [ '0.4.24', '0.6.3' ],
47 silly audit   'ignore-by-default': [ '1.0.1' ],
47 silly audit   inflight: [ '1.0.6' ],
47 silly audit   inherits: [ '2.0.4' ],
47 silly audit   ip: [ '2.0.0' ],
47 silly audit   'ipaddr.js': [ '1.9.1' ],
47 silly audit   'is-binary-path': [ '2.1.0' ],
47 silly audit   'is-extglob': [ '2.1.1' ],
47 silly audit   'is-fullwidth-code-point': [ '3.0.0' ],
47 silly audit   'is-glob': [ '4.0.3' ],
47 silly audit   'is-number': [ '7.0.0' ],
47 silly audit   'jest-worker': [ '27.5.1' ],
47 silly audit   'supports-color': [ '8.1.1', '5.5.0' ],
47 silly audit   'json-parse-even-better-errors': [ '2.3.1' ],
47 silly audit   'json-schema-traverse': [ '0.4.1' ],
47 silly audit   json5: [ '2.2.3' ],
47 silly audit   jsonwebtoken: [ '9.0.2' ],
47 silly audit   jwa: [ '1.4.1' ],
47 silly audit   jws: [ '3.2.2' ],
47 silly audit   kareem: [ '2.5.1' ],
47 silly audit   'loader-runner': [ '4.3.0' ],
47 silly audit   'loader-utils': [ '2.0.4' ],
47 silly audit   'lodash.includes': [ '4.3.0' ],
47 silly audit   'lodash.isboolean': [ '3.0.3' ],
47 silly audit   'lodash.isinteger': [ '4.0.4' ],
47 silly audit   'lodash.isnumber': [ '3.0.3' ],
47 silly audit   'lodash.isplainobject': [ '4.0.6' ],
47 silly audit   'lodash.isstring': [ '4.0.1' ],
47 silly audit   'lodash.once': [ '4.1.1' ],
47 silly audit   'lru-cache': [ '6.0.0' ],
47 silly audit   'make-dir': [ '3.1.0' ],
47 silly audit   semver: [ '6.3.1', '7.5.4' ],
47 silly audit   'media-typer': [ '0.3.0' ],
47 silly audit   'memory-pager': [ '1.5.0' ],
47 silly audit   'merge-descriptors': [ '1.0.1' ],
47 silly audit   'merge-stream': [ '2.0.0' ],
47 silly audit   methods: [ '1.1.2' ],
47 silly audit   mime: [ '1.6.0' ],
47 silly audit   'mime-db': [ '1.52.0' ],
47 silly audit   'mime-types': [ '2.1.35' ],
47 silly audit   minimatch: [ '3.1.2' ],
47 silly audit   minizlib: [ '2.1.2' ],
47 silly audit   mkdirp: [ '1.0.4' ],
47 silly audit   mongodb: [ '5.8.1' ],
47 silly audit   'mongodb-connection-string-url': [ '2.6.0' ],
47 silly audit   mongoose: [ '7.5.3' ],
47 silly audit   mpath: [ '0.9.0' ],
47 silly audit   mquery: [ '5.0.0' ],
47 silly audit   negotiator: [ '0.6.3' ],
47 silly audit   'neo-async': [ '2.6.2' ],
47 silly audit   'node-addon-api': [ '5.1.0' ],
47 silly audit   'node-fetch': [ '2.7.0' ],
47 silly audit   tr46: [ '0.0.3', '3.0.0' ],
47 silly audit   'webidl-conversions': [ '3.0.1', '7.0.0' ],
47 silly audit   'whatwg-url': [ '5.0.0', '11.0.0' ],
47 silly audit   'node-releases': [ '2.0.13' ],
47 silly audit   nodemon: [ '3.0.1' ],
47 silly audit   nopt: [ '5.0.0', '1.0.10' ],
47 silly audit   'normalize-path': [ '3.0.0' ],
47 silly audit   npmlog: [ '5.0.1' ],
47 silly audit   'object-assign': [ '4.1.1' ],
47 silly audit   'object-inspect': [ '1.12.3' ],
47 silly audit   'on-finished': [ '2.4.1' ],
47 silly audit   once: [ '1.4.0' ],
47 silly audit   parseurl: [ '1.3.3' ],
47 silly audit   'path-is-absolute': [ '1.0.1' ],
47 silly audit   'path-to-regexp': [ '0.1.7' ],
47 silly audit   picocolors: [ '1.0.0' ],
47 silly audit   picomatch: [ '2.3.1' ],
47 silly audit   'proxy-addr': [ '2.0.7' ],
47 silly audit   'pstree.remy': [ '1.1.8' ],
47 silly audit   punycode: [ '2.3.1' ],
47 silly audit   qs: [ '6.11.0' ],
47 silly audit   randombytes: [ '2.1.0' ],
47 silly audit   'range-parser': [ '1.2.1' ],
47 silly audit   'raw-body': [ '2.5.1' ],
47 silly audit   'readable-stream': [ '3.6.2' ],
47 silly audit   readdirp: [ '3.6.0' ],
47 silly audit   rimraf: [ '3.0.2' ],
47 silly audit   'safe-buffer': [ '5.2.1' ],
47 silly audit   'safer-buffer': [ '2.1.2' ],
47 silly audit   'schema-utils': [ '3.3.0' ],
47 silly audit   send: [ '0.18.0' ],
47 silly audit   'serialize-javascript': [ '6.0.1' ],
47 silly audit   'serve-static': [ '1.15.0' ],
47 silly audit   'set-blocking': [ '2.0.0' ],
47 silly audit   setprototypeof: [ '1.2.0' ],
47 silly audit   'side-channel': [ '1.0.4' ],
47 silly audit   sift: [ '16.0.1' ],
47 silly audit   'signal-exit': [ '3.0.7' ],
47 silly audit   'simple-update-notifier': [ '2.0.0' ],
47 silly audit   'smart-buffer': [ '4.2.0' ],
47 silly audit   socks: [ '2.7.1' ],
47 silly audit   'source-map': [ '0.6.1' ],
47 silly audit   'source-map-loader': [ '1.1.3' ],
47 silly audit   'source-map-support': [ '0.5.21' ],
47 silly audit   'sparse-bitfield': [ '3.0.3' ],
47 silly audit   statuses: [ '2.0.1' ],
47 silly audit   string_decoder: [ '1.3.0' ],
47 silly audit   'string-width': [ '4.2.3' ],
47 silly audit   'strip-ansi': [ '6.0.1' ],
47 silly audit   tapable: [ '2.2.1' ],
47 silly audit   tar: [ '6.2.0' ],
47 silly audit   terser: [ '5.22.0' ],
47 silly audit   'terser-webpack-plugin': [ '5.3.9' ],
47 silly audit   'to-regex-range': [ '5.0.1' ],
47 silly audit   toidentifier: [ '1.0.1' ],
47 silly audit   touch: [ '3.1.0' ],
47 silly audit   'type-is': [ '1.6.18' ],
47 silly audit   undefsafe: [ '2.0.5' ],
47 silly audit   unpipe: [ '1.0.0' ],
47 silly audit   'update-browserslist-db': [ '1.0.13' ],
47 silly audit   'uri-js': [ '4.4.1' ],
47 silly audit   'util-deprecate': [ '1.0.2' ],
47 silly audit   'utils-merge': [ '1.0.1' ],
47 silly audit   vary: [ '1.1.2' ],
47 silly audit   watchpack: [ '2.4.0' ],
47 silly audit   webpack: [ '5.89.0' ],
47 silly audit   'webpack-sources': [ '3.2.3' ],
47 silly audit   'whatwg-mimetype': [ '2.3.0' ],
47 silly audit   'wide-align': [ '1.1.5' ],
47 silly audit   wrappy: [ '1.0.2' ],
47 silly audit   yallist: [ '4.0.0' ]
47 silly audit }
48 verbose reify failed optional dependency /home/ubuntu/dasboard_server/node_modules/fsevents
49 silly reify mark deleted [ '/home/ubuntu/dasboard_server/node_modules/fsevents' ]
50 timing reifyNode:node_modules/fsevents Completed in 70ms
51 timing reify:unpack Completed in 71ms
52 timing reify:unretire Completed in 0ms
53 timing build:queue Completed in 11ms
54 timing build:deps Completed in 11ms
55 timing build Completed in 12ms
56 timing reify:build Completed in 12ms
57 timing reify:trash Completed in 4ms
58 timing reify:save Completed in 133ms
59 http fetch POST 200 https://registry.npmjs.org/-/npm/v1/security/advisories/bulk 588ms
60 timing auditReport:getReport Completed in 593ms
61 silly audit report {}
62 timing auditReport:init Completed in 0ms
63 timing reify:audit Completed in 594ms
64 timing reify Completed in 1017ms
65 silly ADD
66 timing command:i Completed in 1039ms
67 verbose exit 0
68 timing npm Completed in 1617ms
69 info ok
