0 verbose cli /usr/local/bin/node /usr/local/bin/npm
1 info using npm@10.2.0
2 info using node@v21.1.0
3 timing npm:load:whichnode Completed in 26ms
4 timing config:load:defaults Completed in 1ms
5 timing config:load:file:/usr/local/lib/node_modules/npm/npmrc Completed in 6ms
6 timing config:load:builtin Completed in 8ms
7 timing config:load:cli Completed in 1ms
8 timing config:load:env Completed in 0ms
9 timing config:load:file:/home/ubuntu/dasboard_server/.npmrc Completed in 0ms
10 timing config:load:project Completed in 2ms
11 timing config:load:file:/home/ubuntu/.npmrc Completed in 0ms
12 timing config:load:user Completed in 0ms
13 timing config:load:file:/usr/local/etc/npmrc Completed in 3ms
14 timing config:load:global Completed in 3ms
15 timing config:load:setEnvs Completed in 0ms
16 timing config:load Completed in 17ms
17 timing npm:load:configload Completed in 18ms
18 timing config:load:flatten Completed in 6ms
19 timing npm:load:mkdirpcache Completed in 0ms
20 timing npm:load:mkdirplogs Completed in 0ms
21 verbose title npm i
22 verbose argv "i"
23 timing npm:load:setTitle Completed in 1ms
24 timing npm:load:display Completed in 4ms
25 verbose logfile logs-max:10 dir:/home/ubuntu/.npm/_logs/2023-11-14T11_27_03_608Z-
26 verbose logfile /home/ubuntu/.npm/_logs/2023-11-14T11_27_03_608Z-debug-0.log
27 timing npm:load:logFile Completed in 15ms
28 timing npm:load:timers Completed in 1ms
29 timing npm:load:configScope Completed in 0ms
30 timing npm:load Completed in 104ms
31 timing arborist:ctor Completed in 1ms
32 silly logfile done cleaning log files
33 timing idealTree:init Completed in 185ms
34 timing idealTree:userRequests Completed in 1ms
35 silly idealTree buildDeps
36 timing idealTree:#root Completed in 1ms
37 timing idealTree:buildDeps Completed in 1ms
38 timing idealTree:fixDepFlags Completed in 0ms
39 timing idealTree Completed in 191ms
40 timing reify:loadTrees Completed in 389ms
41 timing reify:diffTrees Completed in 7ms
42 silly reify mark retired [ '/home/ubuntu/dasboard_server/node_modules/bcrypt' ]
43 silly reify mark retired [
43 silly reify   '/home/ubuntu/dasboard_server/node_modules/touch',
43 silly reify   '/home/ubuntu/dasboard_server/node_modules/.bin/nodetouch'
43 silly reify ]
44 silly reify mark retired [
44 silly reify   '/home/ubuntu/dasboard_server/node_modules/color-support',
44 silly reify   '/home/ubuntu/dasboard_server/node_modules/.bin/color-support'
44 silly reify ]
45 silly reify mark retired [
45 silly reify   '/home/ubuntu/dasboard_server/node_modules/mime',
45 silly reify   '/home/ubuntu/dasboard_server/node_modules/.bin/mime'
45 silly reify ]
46 silly reify mark retired [
46 silly reify   '/home/ubuntu/dasboard_server/node_modules/mkdirp',
46 silly reify   '/home/ubuntu/dasboard_server/node_modules/.bin/mkdirp'
46 silly reify ]
47 silly reify mark retired [
47 silly reify   '/home/ubuntu/dasboard_server/node_modules/nodemon',
47 silly reify   '/home/ubuntu/dasboard_server/node_modules/.bin/nodemon'
47 silly reify ]
48 silly reify mark retired [
48 silly reify   '/home/ubuntu/dasboard_server/node_modules/nopt',
48 silly reify   '/home/ubuntu/dasboard_server/node_modules/.bin/nopt'
48 silly reify ]
49 silly reify mark retired [
49 silly reify   '/home/ubuntu/dasboard_server/node_modules/rimraf',
49 silly reify   '/home/ubuntu/dasboard_server/node_modules/.bin/rimraf'
49 silly reify ]
50 silly reify mark retired [
50 silly reify   '/home/ubuntu/dasboard_server/node_modules/semver',
50 silly reify   '/home/ubuntu/dasboard_server/node_modules/.bin/semver'
50 silly reify ]
51 silly reify moves {
51 silly reify   '/home/ubuntu/dasboard_server/node_modules/bcrypt': '/home/ubuntu/dasboard_server/node_modules/.bcrypt-n8puH5Wd',
51 silly reify   '/home/ubuntu/dasboard_server/node_modules/touch': '/home/ubuntu/dasboard_server/node_modules/.touch-rWQtThqL',
51 silly reify   '/home/ubuntu/dasboard_server/node_modules/.bin/nodetouch': '/home/ubuntu/dasboard_server/node_modules/.bin/.nodetouch-az4BGqaQ',
51 silly reify   '/home/ubuntu/dasboard_server/node_modules/color-support': '/home/ubuntu/dasboard_server/node_modules/.color-support-BnUF9M1i',
51 silly reify   '/home/ubuntu/dasboard_server/node_modules/.bin/color-support': '/home/ubuntu/dasboard_server/node_modules/.bin/.color-support-bkQNKNIt',
51 silly reify   '/home/ubuntu/dasboard_server/node_modules/mime': '/home/ubuntu/dasboard_server/node_modules/.mime-kPVl2dhz',
51 silly reify   '/home/ubuntu/dasboard_server/node_modules/.bin/mime': '/home/ubuntu/dasboard_server/node_modules/.bin/.mime-tA1AUIzW',
51 silly reify   '/home/ubuntu/dasboard_server/node_modules/mkdirp': '/home/ubuntu/dasboard_server/node_modules/.mkdirp-umNfBhXz',
51 silly reify   '/home/ubuntu/dasboard_server/node_modules/.bin/mkdirp': '/home/ubuntu/dasboard_server/node_modules/.bin/.mkdirp-b8W0WhYv',
51 silly reify   '/home/ubuntu/dasboard_server/node_modules/nodemon': '/home/ubuntu/dasboard_server/node_modules/.nodemon-fnHUZF4n',
51 silly reify   '/home/ubuntu/dasboard_server/node_modules/.bin/nodemon': '/home/ubuntu/dasboard_server/node_modules/.bin/.nodemon-S3xkxJ61',
51 silly reify   '/home/ubuntu/dasboard_server/node_modules/nopt': '/home/ubuntu/dasboard_server/node_modules/.nopt-YueLUBkj',
51 silly reify   '/home/ubuntu/dasboard_server/node_modules/.bin/nopt': '/home/ubuntu/dasboard_server/node_modules/.bin/.nopt-wx1eZ2Dm',
51 silly reify   '/home/ubuntu/dasboard_server/node_modules/rimraf': '/home/ubuntu/dasboard_server/node_modules/.rimraf-gwMqSuRS',
51 silly reify   '/home/ubuntu/dasboard_server/node_modules/.bin/rimraf': '/home/ubuntu/dasboard_server/node_modules/.bin/.rimraf-jPoiwDtq',
51 silly reify   '/home/ubuntu/dasboard_server/node_modules/semver': '/home/ubuntu/dasboard_server/node_modules/.semver-YO51QMkZ',
51 silly reify   '/home/ubuntu/dasboard_server/node_modules/.bin/semver': '/home/ubuntu/dasboard_server/node_modules/.bin/.semver-EYqvUl7u'
51 silly reify }
52 timing reify:retireShallow Completed in 20ms
53 timing reify:createSparse Completed in 24ms
54 timing reify:loadBundles Completed in 0ms
55 silly audit bulk request {
55 silly audit   '@jridgewell/gen-mapping': [ '0.3.3' ],
55 silly audit   '@jridgewell/resolve-uri': [ '3.1.1' ],
55 silly audit   '@jridgewell/set-array': [ '1.1.2' ],
55 silly audit   '@jridgewell/source-map': [ '0.3.5' ],
55 silly audit   '@jridgewell/sourcemap-codec': [ '1.4.15' ],
55 silly audit   '@jridgewell/trace-mapping': [ '0.3.20' ],
55 silly audit   '@mapbox/node-pre-gyp': [ '1.0.11' ],
55 silly audit   '@mongodb-js/saslprep': [ '1.1.0' ],
55 silly audit   '@types/eslint': [ '8.44.6' ],
55 silly audit   '@types/eslint-scope': [ '3.7.6' ],
55 silly audit   '@types/estree': [ '1.0.3' ],
55 silly audit   '@types/json-schema': [ '7.0.14' ],
55 silly audit   '@types/node': [ '20.7.0' ],
55 silly audit   '@types/webidl-conversions': [ '7.0.1' ],
55 silly audit   '@types/whatwg-url': [ '8.2.2' ],
55 silly audit   '@webassemblyjs/ast': [ '1.11.6' ],
55 silly audit   '@webassemblyjs/floating-point-hex-parser': [ '1.11.6' ],
55 silly audit   '@webassemblyjs/helper-api-error': [ '1.11.6' ],
55 silly audit   '@webassemblyjs/helper-buffer': [ '1.11.6' ],
55 silly audit   '@webassemblyjs/helper-numbers': [ '1.11.6' ],
55 silly audit   '@webassemblyjs/helper-wasm-bytecode': [ '1.11.6' ],
55 silly audit   '@webassemblyjs/helper-wasm-section': [ '1.11.6' ],
55 silly audit   '@webassemblyjs/ieee754': [ '1.11.6' ],
55 silly audit   '@webassemblyjs/leb128': [ '1.11.6' ],
55 silly audit   '@webassemblyjs/utf8': [ '1.11.6' ],
55 silly audit   '@webassemblyjs/wasm-edit': [ '1.11.6' ],
55 silly audit   '@webassemblyjs/wasm-gen': [ '1.11.6' ],
55 silly audit   '@webassemblyjs/wasm-opt': [ '1.11.6' ],
55 silly audit   '@webassemblyjs/wasm-parser': [ '1.11.6' ],
55 silly audit   '@webassemblyjs/wast-printer': [ '1.11.6' ],
55 silly audit   '@xtuc/ieee754': [ '1.2.0' ],
55 silly audit   '@xtuc/long': [ '4.2.2' ],
55 silly audit   abab: [ '2.0.6' ],
55 silly audit   abbrev: [ '1.1.1' ],
55 silly audit   accepts: [ '1.3.8' ],
55 silly audit   acorn: [ '8.11.2' ],
55 silly audit   'acorn-import-assertions': [ '1.9.0' ],
55 silly audit   'agent-base': [ '6.0.2' ],
55 silly audit   debug: [ '4.3.4', '2.6.9', '3.2.7' ],
55 silly audit   ms: [ '2.1.2', '2.1.3', '2.0.0' ],
55 silly audit   ajv: [ '6.12.6' ],
55 silly audit   'ajv-keywords': [ '3.5.2' ],
55 silly audit   'ansi-regex': [ '5.0.1' ],
55 silly audit   anymatch: [ '3.1.3' ],
55 silly audit   aproba: [ '2.0.0' ],
55 silly audit   'are-we-there-yet': [ '2.0.0' ],
55 silly audit   'array-flatten': [ '1.1.1' ],
55 silly audit   'balanced-match': [ '1.0.2' ],
55 silly audit   bcrypt: [ '5.1.1' ],
55 silly audit   'big.js': [ '5.2.2' ],
55 silly audit   'binary-extensions': [ '2.2.0' ],
55 silly audit   'body-parser': [ '1.20.1' ],
55 silly audit   'brace-expansion': [ '1.1.11' ],
55 silly audit   braces: [ '3.0.2' ],
55 silly audit   browserslist: [ '4.22.1' ],
55 silly audit   bson: [ '5.5.0' ],
55 silly audit   'buffer-equal-constant-time': [ '1.0.1' ],
55 silly audit   'buffer-from': [ '1.1.2' ],
55 silly audit   bytes: [ '3.1.2' ],
55 silly audit   'call-bind': [ '1.0.2' ],
55 silly audit   'caniuse-lite': [ '1.0.30001555' ],
55 silly audit   chokidar: [ '3.5.3' ],
55 silly audit   chownr: [ '2.0.0' ],
55 silly audit   'chrome-trace-event': [ '1.0.3' ],
55 silly audit   'color-support': [ '1.1.3' ],
55 silly audit   commander: [ '2.20.3' ],
55 silly audit   'concat-map': [ '0.0.1' ],
55 silly audit   'console-control-strings': [ '1.1.0' ],
55 silly audit   'content-disposition': [ '0.5.4' ],
55 silly audit   'content-type': [ '1.0.5' ],
55 silly audit   cookie: [ '0.5.0' ],
55 silly audit   'cookie-signature': [ '1.0.6' ],
55 silly audit   cors: [ '2.8.5' ],
55 silly audit   delegates: [ '1.0.0' ],
55 silly audit   depd: [ '2.0.0' ],
55 silly audit   destroy: [ '1.2.0' ],
55 silly audit   'detect-libc': [ '2.0.2' ],
55 silly audit   'ecdsa-sig-formatter': [ '1.0.11' ],
55 silly audit   'ee-first': [ '1.1.1' ],
55 silly audit   'electron-to-chromium': [ '1.4.569' ],
55 silly audit   'emoji-regex': [ '8.0.0' ],
55 silly audit   'emojis-list': [ '3.0.0' ],
55 silly audit   encodeurl: [ '1.0.2' ],
55 silly audit   'enhanced-resolve': [ '5.15.0' ],
55 silly audit   'es-module-lexer': [ '1.3.1' ],
55 silly audit   escalade: [ '3.1.1' ],
55 silly audit   'escape-html': [ '1.0.3' ],
55 silly audit   'eslint-scope': [ '5.1.1' ],
55 silly audit   esrecurse: [ '4.3.0' ],
55 silly audit   estraverse: [ '5.3.0', '4.3.0' ],
55 silly audit   etag: [ '1.8.1' ],
55 silly audit   events: [ '3.3.0' ],
55 silly audit   express: [ '4.18.2' ],
55 silly audit   'fast-deep-equal': [ '3.1.3' ],
55 silly audit   'fast-json-stable-stringify': [ '2.1.0' ],
55 silly audit   'fill-range': [ '7.0.1' ],
55 silly audit   finalhandler: [ '1.2.0' ],
55 silly audit   forwarded: [ '0.2.0' ],
55 silly audit   fresh: [ '0.5.2' ],
55 silly audit   'fs-minipass': [ '2.1.0' ],
55 silly audit   minipass: [ '3.3.6', '5.0.0' ],
55 silly audit   'fs.realpath': [ '1.0.0' ],
55 silly audit   fsevents: [ '2.3.3' ],
55 silly audit   'function-bind': [ '1.1.1' ],
55 silly audit   gauge: [ '3.0.2' ],
55 silly audit   'get-intrinsic': [ '1.2.1' ],
55 silly audit   glob: [ '7.2.3' ],
55 silly audit   'glob-parent': [ '5.1.2' ],
55 silly audit   'glob-to-regexp': [ '0.4.1' ],
55 silly audit   'graceful-fs': [ '4.2.11' ],
55 silly audit   has: [ '1.0.3' ],
55 silly audit   'has-flag': [ '3.0.0', '4.0.0' ],
55 silly audit   'has-proto': [ '1.0.1' ],
55 silly audit   'has-symbols': [ '1.0.3' ],
55 silly audit   'has-unicode': [ '2.0.1' ],
55 silly audit   'http-errors': [ '2.0.0' ],
55 silly audit   'https-proxy-agent': [ '5.0.1' ],
55 silly audit   'iconv-lite': [ '0.4.24', '0.6.3' ],
55 silly audit   'ignore-by-default': [ '1.0.1' ],
55 silly audit   inflight: [ '1.0.6' ],
55 silly audit   inherits: [ '2.0.4' ],
55 silly audit   ip: [ '2.0.0' ],
55 silly audit   'ipaddr.js': [ '1.9.1' ],
55 silly audit   'is-binary-path': [ '2.1.0' ],
55 silly audit   'is-extglob': [ '2.1.1' ],
55 silly audit   'is-fullwidth-code-point': [ '3.0.0' ],
55 silly audit   'is-glob': [ '4.0.3' ],
55 silly audit   'is-number': [ '7.0.0' ],
55 silly audit   'jest-worker': [ '27.5.1' ],
55 silly audit   'supports-color': [ '8.1.1', '5.5.0' ],
55 silly audit   'json-parse-even-better-errors': [ '2.3.1' ],
55 silly audit   'json-schema-traverse': [ '0.4.1' ],
55 silly audit   json5: [ '2.2.3' ],
55 silly audit   jsonwebtoken: [ '9.0.2' ],
55 silly audit   jwa: [ '1.4.1' ],
55 silly audit   jws: [ '3.2.2' ],
55 silly audit   kareem: [ '2.5.1' ],
55 silly audit   'loader-runner': [ '4.3.0' ],
55 silly audit   'loader-utils': [ '2.0.4' ],
55 silly audit   'lodash.includes': [ '4.3.0' ],
55 silly audit   'lodash.isboolean': [ '3.0.3' ],
55 silly audit   'lodash.isinteger': [ '4.0.4' ],
55 silly audit   'lodash.isnumber': [ '3.0.3' ],
55 silly audit   'lodash.isplainobject': [ '4.0.6' ],
55 silly audit   'lodash.isstring': [ '4.0.1' ],
55 silly audit   'lodash.once': [ '4.1.1' ],
55 silly audit   'lru-cache': [ '6.0.0' ],
55 silly audit   'make-dir': [ '3.1.0' ],
55 silly audit   semver: [ '6.3.1', '7.5.4' ],
55 silly audit   'media-typer': [ '0.3.0' ],
55 silly audit   'memory-pager': [ '1.5.0' ],
55 silly audit   'merge-descriptors': [ '1.0.1' ],
55 silly audit   'merge-stream': [ '2.0.0' ],
55 silly audit   methods: [ '1.1.2' ],
55 silly audit   mime: [ '1.6.0' ],
55 silly audit   'mime-db': [ '1.52.0' ],
55 silly audit   'mime-types': [ '2.1.35' ],
55 silly audit   minimatch: [ '3.1.2' ],
55 silly audit   minizlib: [ '2.1.2' ],
55 silly audit   mkdirp: [ '1.0.4' ],
55 silly audit   mongodb: [ '5.8.1' ],
55 silly audit   'mongodb-connection-string-url': [ '2.6.0' ],
55 silly audit   mongoose: [ '7.5.3' ],
55 silly audit   mpath: [ '0.9.0' ],
55 silly audit   mquery: [ '5.0.0' ],
55 silly audit   negotiator: [ '0.6.3' ],
55 silly audit   'neo-async': [ '2.6.2' ],
55 silly audit   'node-addon-api': [ '5.1.0' ],
55 silly audit   'node-fetch': [ '2.7.0' ],
55 silly audit   tr46: [ '0.0.3', '3.0.0' ],
55 silly audit   'webidl-conversions': [ '3.0.1', '7.0.0' ],
55 silly audit   'whatwg-url': [ '5.0.0', '11.0.0' ],
55 silly audit   'node-releases': [ '2.0.13' ],
55 silly audit   nodemon: [ '3.0.1' ],
55 silly audit   nopt: [ '5.0.0', '1.0.10' ],
55 silly audit   'normalize-path': [ '3.0.0' ],
55 silly audit   npmlog: [ '5.0.1' ],
55 silly audit   'object-assign': [ '4.1.1' ],
55 silly audit   'object-inspect': [ '1.12.3' ],
55 silly audit   'on-finished': [ '2.4.1' ],
55 silly audit   once: [ '1.4.0' ],
55 silly audit   parseurl: [ '1.3.3' ],
55 silly audit   'path-is-absolute': [ '1.0.1' ],
55 silly audit   'path-to-regexp': [ '0.1.7' ],
55 silly audit   picocolors: [ '1.0.0' ],
55 silly audit   picomatch: [ '2.3.1' ],
55 silly audit   'proxy-addr': [ '2.0.7' ],
55 silly audit   'pstree.remy': [ '1.1.8' ],
55 silly audit   punycode: [ '2.3.1' ],
55 silly audit   qs: [ '6.11.0' ],
55 silly audit   randombytes: [ '2.1.0' ],
55 silly audit   'range-parser': [ '1.2.1' ],
55 silly audit   'raw-body': [ '2.5.1' ],
55 silly audit   'readable-stream': [ '3.6.2' ],
55 silly audit   readdirp: [ '3.6.0' ],
55 silly audit   rimraf: [ '3.0.2' ],
55 silly audit   'safe-buffer': [ '5.2.1' ],
55 silly audit   'safer-buffer': [ '2.1.2' ],
55 silly audit   'schema-utils': [ '3.3.0' ],
55 silly audit   send: [ '0.18.0' ],
55 silly audit   'serialize-javascript': [ '6.0.1' ],
55 silly audit   'serve-static': [ '1.15.0' ],
55 silly audit   'set-blocking': [ '2.0.0' ],
55 silly audit   setprototypeof: [ '1.2.0' ],
55 silly audit   'side-channel': [ '1.0.4' ],
55 silly audit   sift: [ '16.0.1' ],
55 silly audit   'signal-exit': [ '3.0.7' ],
55 silly audit   'simple-update-notifier': [ '2.0.0' ],
55 silly audit   'smart-buffer': [ '4.2.0' ],
55 silly audit   socks: [ '2.7.1' ],
55 silly audit   'source-map': [ '0.6.1' ],
55 silly audit   'source-map-loader': [ '1.1.3' ],
55 silly audit   'source-map-support': [ '0.5.21' ],
55 silly audit   'sparse-bitfield': [ '3.0.3' ],
55 silly audit   statuses: [ '2.0.1' ],
55 silly audit   string_decoder: [ '1.3.0' ],
55 silly audit   'string-width': [ '4.2.3' ],
55 silly audit   'strip-ansi': [ '6.0.1' ],
55 silly audit   tapable: [ '2.2.1' ],
55 silly audit   tar: [ '6.2.0' ],
55 silly audit   terser: [ '5.22.0' ],
55 silly audit   'terser-webpack-plugin': [ '5.3.9' ],
55 silly audit   'to-regex-range': [ '5.0.1' ],
55 silly audit   toidentifier: [ '1.0.1' ],
55 silly audit   touch: [ '3.1.0' ],
55 silly audit   'type-is': [ '1.6.18' ],
55 silly audit   undefsafe: [ '2.0.5' ],
55 silly audit   unpipe: [ '1.0.0' ],
55 silly audit   'update-browserslist-db': [ '1.0.13' ],
55 silly audit   'uri-js': [ '4.4.1' ],
55 silly audit   'util-deprecate': [ '1.0.2' ],
55 silly audit   'utils-merge': [ '1.0.1' ],
55 silly audit   vary: [ '1.1.2' ],
55 silly audit   watchpack: [ '2.4.0' ],
55 silly audit   webpack: [ '5.89.0' ],
55 silly audit   'webpack-sources': [ '3.2.3' ],
55 silly audit   'whatwg-mimetype': [ '2.3.0' ],
55 silly audit   'wide-align': [ '1.1.5' ],
55 silly audit   wrappy: [ '1.0.2' ],
55 silly audit   yallist: [ '4.0.0' ]
55 silly audit }
56 verbose reify failed optional dependency /home/ubuntu/dasboard_server/node_modules/fsevents
57 silly reify mark deleted [ '/home/ubuntu/dasboard_server/node_modules/fsevents' ]
58 timing reifyNode:node_modules/fsevents Completed in 124ms
59 silly tarball no local data for fast-deep-equal@https://registry.npmjs.org/fast-deep-equal/-/fast-deep-equal-3.1.3.tgz. Extracting by manifest.
60 silly tarball no local data for events@https://registry.npmjs.org/events/-/events-3.3.0.tgz. Extracting by manifest.
61 silly tarball no local data for estraverse@https://registry.npmjs.org/estraverse/-/estraverse-4.3.0.tgz. Extracting by manifest.
62 silly tarball no local data for esrecurse@https://registry.npmjs.org/esrecurse/-/esrecurse-4.3.0.tgz. Extracting by manifest.
63 silly tarball no local data for eslint-scope@https://registry.npmjs.org/eslint-scope/-/eslint-scope-5.1.1.tgz. Extracting by manifest.
64 silly tarball no local data for escalade@https://registry.npmjs.org/escalade/-/escalade-3.1.1.tgz. Extracting by manifest.
65 silly tarball no local data for es-module-lexer@https://registry.npmjs.org/es-module-lexer/-/es-module-lexer-1.3.1.tgz. Extracting by manifest.
66 silly tarball no local data for enhanced-resolve@https://registry.npmjs.org/enhanced-resolve/-/enhanced-resolve-5.15.0.tgz. Extracting by manifest.
67 silly tarball no local data for emojis-list@https://registry.npmjs.org/emojis-list/-/emojis-list-3.0.0.tgz. Extracting by manifest.
68 silly tarball no local data for electron-to-chromium@https://registry.npmjs.org/electron-to-chromium/-/electron-to-chromium-1.4.569.tgz. Extracting by manifest.
69 silly tarball no local data for commander@https://registry.npmjs.org/commander/-/commander-2.20.3.tgz. Extracting by manifest.
70 silly tarball no local data for chrome-trace-event@https://registry.npmjs.org/chrome-trace-event/-/chrome-trace-event-1.0.3.tgz. Extracting by manifest.
71 silly tarball no local data for caniuse-lite@https://registry.npmjs.org/caniuse-lite/-/caniuse-lite-1.0.30001555.tgz. Extracting by manifest.
72 silly tarball no local data for buffer-from@https://registry.npmjs.org/buffer-from/-/buffer-from-1.1.2.tgz. Extracting by manifest.
73 silly tarball no local data for browserslist@https://registry.npmjs.org/browserslist/-/browserslist-4.22.1.tgz. Extracting by manifest.
74 silly tarball no local data for big.js@https://registry.npmjs.org/big.js/-/big.js-5.2.2.tgz. Extracting by manifest.
75 silly tarball no local data for balanced-match@https://registry.npmjs.org/balanced-match/-/balanced-match-1.0.2.tgz. Extracting by manifest.
76 silly tarball no local data for array-flatten@https://registry.npmjs.org/array-flatten/-/array-flatten-1.1.1.tgz. Extracting by manifest.
77 silly tarball no local data for are-we-there-yet@https://registry.npmjs.org/are-we-there-yet/-/are-we-there-yet-2.0.0.tgz. Extracting by manifest.
78 silly tarball no local data for aproba@https://registry.npmjs.org/aproba/-/aproba-2.0.0.tgz. Extracting by manifest.
79 silly tarball no local data for anymatch@https://registry.npmjs.org/anymatch/-/anymatch-3.1.3.tgz. Extracting by manifest.
80 silly tarball no local data for ansi-regex@https://registry.npmjs.org/ansi-regex/-/ansi-regex-5.0.1.tgz. Extracting by manifest.
81 silly tarball no local data for ajv-keywords@https://registry.npmjs.org/ajv-keywords/-/ajv-keywords-3.5.2.tgz. Extracting by manifest.
82 silly tarball no local data for ajv@https://registry.npmjs.org/ajv/-/ajv-6.12.6.tgz. Extracting by manifest.
83 silly tarball no local data for agent-base@https://registry.npmjs.org/agent-base/-/agent-base-6.0.2.tgz. Extracting by manifest.
84 silly tarball no local data for acorn-import-assertions@https://registry.npmjs.org/acorn-import-assertions/-/acorn-import-assertions-1.9.0.tgz. Extracting by manifest.
85 silly tarball no local data for acorn@https://registry.npmjs.org/acorn/-/acorn-8.11.2.tgz. Extracting by manifest.
86 silly tarball no local data for accepts@https://registry.npmjs.org/accepts/-/accepts-1.3.8.tgz. Extracting by manifest.
87 silly tarball no local data for abbrev@https://registry.npmjs.org/abbrev/-/abbrev-1.1.1.tgz. Extracting by manifest.
88 silly tarball no local data for abab@https://registry.npmjs.org/abab/-/abab-2.0.6.tgz. Extracting by manifest.
89 silly tarball no local data for @xtuc/long@https://registry.npmjs.org/@xtuc/long/-/long-4.2.2.tgz. Extracting by manifest.
90 silly tarball no local data for @xtuc/ieee754@https://registry.npmjs.org/@xtuc/ieee754/-/ieee754-1.2.0.tgz. Extracting by manifest.
91 silly tarball no local data for @webassemblyjs/wast-printer@https://registry.npmjs.org/@webassemblyjs/wast-printer/-/wast-printer-1.11.6.tgz. Extracting by manifest.
92 silly tarball no local data for @webassemblyjs/wasm-parser@https://registry.npmjs.org/@webassemblyjs/wasm-parser/-/wasm-parser-1.11.6.tgz. Extracting by manifest.
93 silly tarball no local data for @webassemblyjs/wasm-opt@https://registry.npmjs.org/@webassemblyjs/wasm-opt/-/wasm-opt-1.11.6.tgz. Extracting by manifest.
94 silly tarball no local data for whatwg-mimetype@https://registry.npmjs.org/whatwg-mimetype/-/whatwg-mimetype-2.3.0.tgz. Extracting by manifest.
95 silly tarball no local data for webpack-sources@https://registry.npmjs.org/webpack-sources/-/webpack-sources-3.2.3.tgz. Extracting by manifest.
96 silly tarball no local data for webpack@https://registry.npmjs.org/webpack/-/webpack-5.89.0.tgz. Extracting by manifest.
97 silly tarball no local data for watchpack@https://registry.npmjs.org/watchpack/-/watchpack-2.4.0.tgz. Extracting by manifest.
98 silly tarball no local data for uri-js@https://registry.npmjs.org/uri-js/-/uri-js-4.4.1.tgz. Extracting by manifest.
99 silly tarball no local data for update-browserslist-db@https://registry.npmjs.org/update-browserslist-db/-/update-browserslist-db-1.0.13.tgz. Extracting by manifest.
100 silly tarball no local data for terser-webpack-plugin@https://registry.npmjs.org/terser-webpack-plugin/-/terser-webpack-plugin-5.3.9.tgz. Extracting by manifest.
101 silly tarball no local data for terser@https://registry.npmjs.org/terser/-/terser-5.22.0.tgz. Extracting by manifest.
102 silly tarball no local data for tapable@https://registry.npmjs.org/tapable/-/tapable-2.2.1.tgz. Extracting by manifest.
103 silly tarball no local data for source-map-support@https://registry.npmjs.org/source-map-support/-/source-map-support-0.5.21.tgz. Extracting by manifest.
104 silly tarball no local data for source-map-loader@https://registry.npmjs.org/source-map-loader/-/source-map-loader-1.1.3.tgz. Extracting by manifest.
105 silly tarball no local data for source-map@https://registry.npmjs.org/source-map/-/source-map-0.6.1.tgz. Extracting by manifest.
106 silly tarball no local data for serialize-javascript@https://registry.npmjs.org/serialize-javascript/-/serialize-javascript-6.0.1.tgz. Extracting by manifest.
107 silly tarball no local data for schema-utils@https://registry.npmjs.org/schema-utils/-/schema-utils-3.3.0.tgz. Extracting by manifest.
108 silly tarball no local data for randombytes@https://registry.npmjs.org/randombytes/-/randombytes-2.1.0.tgz. Extracting by manifest.
109 silly tarball no local data for picocolors@https://registry.npmjs.org/picocolors/-/picocolors-1.0.0.tgz. Extracting by manifest.
110 silly tarball no local data for node-releases@https://registry.npmjs.org/node-releases/-/node-releases-2.0.13.tgz. Extracting by manifest.
111 silly tarball no local data for neo-async@https://registry.npmjs.org/neo-async/-/neo-async-2.6.2.tgz. Extracting by manifest.
112 silly tarball no local data for merge-stream@https://registry.npmjs.org/merge-stream/-/merge-stream-2.0.0.tgz. Extracting by manifest.
113 silly tarball no local data for loader-utils@https://registry.npmjs.org/loader-utils/-/loader-utils-2.0.4.tgz. Extracting by manifest.
114 silly tarball no local data for loader-runner@https://registry.npmjs.org/loader-runner/-/loader-runner-4.3.0.tgz. Extracting by manifest.
115 silly tarball no local data for json5@https://registry.npmjs.org/json5/-/json5-2.2.3.tgz. Extracting by manifest.
116 silly tarball no local data for json-schema-traverse@https://registry.npmjs.org/json-schema-traverse/-/json-schema-traverse-0.4.1.tgz. Extracting by manifest.
117 silly tarball no local data for json-parse-even-better-errors@https://registry.npmjs.org/json-parse-even-better-errors/-/json-parse-even-better-errors-2.3.1.tgz. Extracting by manifest.
118 silly tarball no local data for jest-worker@https://registry.npmjs.org/jest-worker/-/jest-worker-27.5.1.tgz. Extracting by manifest.
119 silly tarball no local data for graceful-fs@https://registry.npmjs.org/graceful-fs/-/graceful-fs-4.2.11.tgz. Extracting by manifest.
120 silly tarball no local data for glob-to-regexp@https://registry.npmjs.org/glob-to-regexp/-/glob-to-regexp-0.4.1.tgz. Extracting by manifest.
121 silly tarball no local data for fast-json-stable-stringify@https://registry.npmjs.org/fast-json-stable-stringify/-/fast-json-stable-stringify-2.1.0.tgz. Extracting by manifest.
122 silly tarball no local data for @webassemblyjs/wasm-gen@https://registry.npmjs.org/@webassemblyjs/wasm-gen/-/wasm-gen-1.11.6.tgz. Extracting by manifest.
123 silly tarball no local data for @webassemblyjs/wasm-edit@https://registry.npmjs.org/@webassemblyjs/wasm-edit/-/wasm-edit-1.11.6.tgz. Extracting by manifest.
124 silly tarball no local data for @webassemblyjs/utf8@https://registry.npmjs.org/@webassemblyjs/utf8/-/utf8-1.11.6.tgz. Extracting by manifest.
125 silly tarball no local data for @webassemblyjs/leb128@https://registry.npmjs.org/@webassemblyjs/leb128/-/leb128-1.11.6.tgz. Extracting by manifest.
126 silly tarball no local data for @webassemblyjs/ieee754@https://registry.npmjs.org/@webassemblyjs/ieee754/-/ieee754-1.11.6.tgz. Extracting by manifest.
127 silly tarball no local data for @webassemblyjs/helper-wasm-section@https://registry.npmjs.org/@webassemblyjs/helper-wasm-section/-/helper-wasm-section-1.11.6.tgz. Extracting by manifest.
128 silly tarball no local data for @webassemblyjs/helper-wasm-bytecode@https://registry.npmjs.org/@webassemblyjs/helper-wasm-bytecode/-/helper-wasm-bytecode-1.11.6.tgz. Extracting by manifest.
129 silly tarball no local data for @webassemblyjs/helper-numbers@https://registry.npmjs.org/@webassemblyjs/helper-numbers/-/helper-numbers-1.11.6.tgz. Extracting by manifest.
130 silly tarball no local data for @webassemblyjs/helper-buffer@https://registry.npmjs.org/@webassemblyjs/helper-buffer/-/helper-buffer-1.11.6.tgz. Extracting by manifest.
131 silly tarball no local data for @webassemblyjs/helper-api-error@https://registry.npmjs.org/@webassemblyjs/helper-api-error/-/helper-api-error-1.11.6.tgz. Extracting by manifest.
132 silly tarball no local data for @webassemblyjs/floating-point-hex-parser@https://registry.npmjs.org/@webassemblyjs/floating-point-hex-parser/-/floating-point-hex-parser-1.11.6.tgz. Extracting by manifest.
133 silly tarball no local data for @webassemblyjs/ast@https://registry.npmjs.org/@webassemblyjs/ast/-/ast-1.11.6.tgz. Extracting by manifest.
134 silly tarball no local data for @types/whatwg-url@https://registry.npmjs.org/@types/whatwg-url/-/whatwg-url-8.2.2.tgz. Extracting by manifest.
135 silly tarball no local data for @types/webidl-conversions@https://registry.npmjs.org/@types/webidl-conversions/-/webidl-conversions-7.0.1.tgz. Extracting by manifest.
136 silly tarball no local data for @types/node@https://registry.npmjs.org/@types/node/-/node-20.7.0.tgz. Extracting by manifest.
137 silly tarball no local data for @types/json-schema@https://registry.npmjs.org/@types/json-schema/-/json-schema-7.0.14.tgz. Extracting by manifest.
138 silly tarball no local data for @types/estree@https://registry.npmjs.org/@types/estree/-/estree-1.0.3.tgz. Extracting by manifest.
139 silly tarball no local data for @types/eslint-scope@https://registry.npmjs.org/@types/eslint-scope/-/eslint-scope-3.7.6.tgz. Extracting by manifest.
140 silly tarball no local data for @types/eslint@https://registry.npmjs.org/@types/eslint/-/eslint-8.44.6.tgz. Extracting by manifest.
141 silly tarball no local data for @mongodb-js/saslprep@https://registry.npmjs.org/@mongodb-js/saslprep/-/saslprep-1.1.0.tgz. Extracting by manifest.
142 silly tarball no local data for @mapbox/node-pre-gyp@https://registry.npmjs.org/@mapbox/node-pre-gyp/-/node-pre-gyp-1.0.11.tgz. Extracting by manifest.
143 silly tarball no local data for @jridgewell/trace-mapping@https://registry.npmjs.org/@jridgewell/trace-mapping/-/trace-mapping-0.3.20.tgz. Extracting by manifest.
144 silly tarball no local data for @jridgewell/sourcemap-codec@https://registry.npmjs.org/@jridgewell/sourcemap-codec/-/sourcemap-codec-1.4.15.tgz. Extracting by manifest.
145 silly tarball no local data for @jridgewell/source-map@https://registry.npmjs.org/@jridgewell/source-map/-/source-map-0.3.5.tgz. Extracting by manifest.
146 silly tarball no local data for @jridgewell/set-array@https://registry.npmjs.org/@jridgewell/set-array/-/set-array-1.1.2.tgz. Extracting by manifest.
147 silly tarball no local data for @jridgewell/resolve-uri@https://registry.npmjs.org/@jridgewell/resolve-uri/-/resolve-uri-3.1.1.tgz. Extracting by manifest.
148 silly tarball no local data for @jridgewell/gen-mapping@https://registry.npmjs.org/@jridgewell/gen-mapping/-/gen-mapping-0.3.3.tgz. Extracting by manifest.
149 silly tarball no local data for semver@https://registry.npmjs.org/semver/-/semver-7.5.4.tgz. Extracting by manifest.
150 silly tarball no local data for rimraf@https://registry.npmjs.org/rimraf/-/rimraf-3.0.2.tgz. Extracting by manifest.
151 silly tarball no local data for nopt@https://registry.npmjs.org/nopt/-/nopt-5.0.0.tgz. Extracting by manifest.
152 silly tarball no local data for nodemon@https://registry.npmjs.org/nodemon/-/nodemon-3.0.1.tgz. Extracting by manifest.
153 silly tarball no local data for mkdirp@https://registry.npmjs.org/mkdirp/-/mkdirp-1.0.4.tgz. Extracting by manifest.
154 silly tarball no local data for mime@https://registry.npmjs.org/mime/-/mime-1.6.0.tgz. Extracting by manifest.
155 silly tarball no local data for color-support@https://registry.npmjs.org/color-support/-/color-support-1.1.3.tgz. Extracting by manifest.
156 silly tarball no local data for touch@https://registry.npmjs.org/touch/-/touch-3.1.0.tgz. Extracting by manifest.
157 silly tarball no local data for bcrypt@https://registry.npmjs.org/bcrypt/-/bcrypt-5.1.1.tgz. Extracting by manifest.
158 silly tarball no local data for iconv-lite@https://registry.npmjs.org/iconv-lite/-/iconv-lite-0.6.3.tgz. Extracting by manifest.
159 silly tarball no local data for supports-color@https://registry.npmjs.org/supports-color/-/supports-color-8.1.1.tgz. Extracting by manifest.
160 silly tarball no local data for has-flag@https://registry.npmjs.org/has-flag/-/has-flag-4.0.0.tgz. Extracting by manifest.
161 silly tarball no local data for estraverse@https://registry.npmjs.org/estraverse/-/estraverse-5.3.0.tgz. Extracting by manifest.
162 silly tarball no local data for ms@https://registry.npmjs.org/ms/-/ms-2.1.2.tgz. Extracting by manifest.
163 silly tarball no local data for debug@https://registry.npmjs.org/debug/-/debug-4.3.4.tgz. Extracting by manifest.
164 http fetch POST 200 https://registry.npmjs.org/-/npm/v1/security/advisories/bulk 1640ms
165 timing auditReport:getReport Completed in 1648ms
166 silly audit report {}
167 timing auditReport:init Completed in 0ms
168 timing reify:audit Completed in 1649ms
169 http fetch GET 200 https://registry.npmjs.org/fast-deep-equal/-/fast-deep-equal-3.1.3.tgz 2004ms (cache miss)
170 timing reifyNode:node_modules/fast-deep-equal Completed in 2178ms
171 http fetch GET 200 https://registry.npmjs.org/abbrev/-/abbrev-1.1.1.tgz 1967ms (cache miss)
172 timing reifyNode:node_modules/abbrev Completed in 2179ms
173 http fetch GET 200 https://registry.npmjs.org/@xtuc/ieee754/-/ieee754-1.2.0.tgz 1965ms (cache miss)
174 timing reifyNode:node_modules/@xtuc/ieee754 Completed in 2180ms
175 http fetch GET 200 https://registry.npmjs.org/esrecurse/-/esrecurse-4.3.0.tgz 2031ms (cache miss)
176 timing reifyNode:node_modules/esrecurse Completed in 2211ms
177 http fetch GET 200 https://registry.npmjs.org/escalade/-/escalade-3.1.1.tgz 2031ms (cache miss)
178 timing reifyNode:node_modules/escalade Completed in 2212ms
179 http fetch GET 200 https://registry.npmjs.org/chrome-trace-event/-/chrome-trace-event-1.0.3.tgz 2018ms (cache miss)
180 timing reifyNode:node_modules/chrome-trace-event Completed in 2212ms
181 http fetch GET 200 https://registry.npmjs.org/array-flatten/-/array-flatten-1.1.1.tgz 2015ms (cache miss)
182 timing reifyNode:node_modules/array-flatten Completed in 2212ms
183 http fetch GET 200 https://registry.npmjs.org/accepts/-/accepts-1.3.8.tgz 2008ms (cache miss)
184 timing reifyNode:node_modules/accepts Completed in 2211ms
185 http fetch GET 200 https://registry.npmjs.org/merge-stream/-/merge-stream-2.0.0.tgz 1984ms (cache miss)
186 timing reifyNode:node_modules/merge-stream Completed in 2227ms
187 http fetch GET 200 https://registry.npmjs.org/anymatch/-/anymatch-3.1.3.tgz 2031ms (cache miss)
188 timing reifyNode:node_modules/anymatch Completed in 2232ms
189 http fetch GET 200 https://registry.npmjs.org/@webassemblyjs/helper-wasm-section/-/helper-wasm-section-1.11.6.tgz 1890ms (cache miss)
190 timing reifyNode:node_modules/@webassemblyjs/helper-wasm-section Completed in 2234ms
191 http fetch GET 200 https://registry.npmjs.org/balanced-match/-/balanced-match-1.0.2.tgz 2043ms (cache miss)
192 timing reifyNode:node_modules/balanced-match Completed in 2239ms
193 http fetch GET 200 https://registry.npmjs.org/color-support/-/color-support-1.1.3.tgz 1866ms (cache miss)
194 timing reifyNode:node_modules/color-support Completed in 2232ms
195 http fetch GET 200 https://registry.npmjs.org/ansi-regex/-/ansi-regex-5.0.1.tgz 2038ms (cache miss)
196 timing reifyNode:node_modules/ansi-regex Completed in 2240ms
197 http fetch GET 200 https://registry.npmjs.org/@jridgewell/set-array/-/set-array-1.1.2.tgz 1883ms (cache miss)
198 http fetch GET 200 https://registry.npmjs.org/@webassemblyjs/utf8/-/utf8-1.11.6.tgz 1903ms (cache miss)
199 timing reifyNode:node_modules/@webassemblyjs/utf8 Completed in 2246ms
200 http fetch GET 200 https://registry.npmjs.org/update-browserslist-db/-/update-browserslist-db-1.0.13.tgz 2018ms (cache miss)
201 timing reifyNode:node_modules/update-browserslist-db Completed in 2253ms
202 http fetch GET 200 https://registry.npmjs.org/@webassemblyjs/ieee754/-/ieee754-1.11.6.tgz 1909ms (cache miss)
203 timing reifyNode:node_modules/@webassemblyjs/ieee754 Completed in 2252ms
204 http fetch GET 200 https://registry.npmjs.org/@webassemblyjs/helper-buffer/-/helper-buffer-1.11.6.tgz 1908ms (cache miss)
205 timing reifyNode:node_modules/@webassemblyjs/helper-buffer Completed in 2248ms
206 http fetch GET 200 https://registry.npmjs.org/json-parse-even-better-errors/-/json-parse-even-better-errors-2.3.1.tgz 2008ms (cache miss)
207 timing reifyNode:node_modules/json-parse-even-better-errors Completed in 2257ms
208 http fetch GET 200 https://registry.npmjs.org/has-flag/-/has-flag-4.0.0.tgz 1762ms (cache miss)
209 timing reifyNode:node_modules/jest-worker/node_modules/has-flag Completed in 2258ms
210 http fetch GET 200 https://registry.npmjs.org/are-we-there-yet/-/are-we-there-yet-2.0.0.tgz 2056ms (cache miss)
211 timing reifyNode:node_modules/are-we-there-yet Completed in 2256ms
212 http fetch GET 200 https://registry.npmjs.org/aproba/-/aproba-2.0.0.tgz 2055ms (cache miss)
213 timing reifyNode:node_modules/aproba Completed in 2256ms
214 http fetch GET 200 https://registry.npmjs.org/randombytes/-/randombytes-2.1.0.tgz 2022ms (cache miss)
215 timing reifyNode:node_modules/randombytes Completed in 2264ms
216 http fetch GET 200 https://registry.npmjs.org/@webassemblyjs/helper-api-error/-/helper-api-error-1.11.6.tgz 1916ms (cache miss)
217 timing reifyNode:node_modules/@webassemblyjs/helper-api-error Completed in 2256ms
218 http fetch GET 200 https://registry.npmjs.org/abab/-/abab-2.0.6.tgz 2052ms (cache miss)
219 timing reifyNode:node_modules/abab Completed in 2263ms
220 http fetch GET 200 https://registry.npmjs.org/@webassemblyjs/floating-point-hex-parser/-/floating-point-hex-parser-1.11.6.tgz 1926ms (cache miss)
221 timing reifyNode:node_modules/@webassemblyjs/floating-point-hex-parser Completed in 2267ms
222 http fetch GET 200 https://registry.npmjs.org/loader-runner/-/loader-runner-4.3.0.tgz 2028ms (cache miss)
223 timing reifyNode:node_modules/loader-runner Completed in 2278ms
224 http fetch GET 200 https://registry.npmjs.org/buffer-from/-/buffer-from-1.1.2.tgz 2081ms (cache miss)
225 timing reifyNode:node_modules/buffer-from Completed in 2275ms
226 http fetch GET 200 https://registry.npmjs.org/@webassemblyjs/wast-printer/-/wast-printer-1.11.6.tgz 2059ms (cache miss)
227 timing reifyNode:node_modules/@webassemblyjs/wast-printer Completed in 2274ms
228 http fetch GET 200 https://registry.npmjs.org/ms/-/ms-2.1.2.tgz 1781ms (cache miss)
229 timing reifyNode:node_modules/agent-base/node_modules/ms Completed in 2276ms
230 http fetch GET 200 https://registry.npmjs.org/node-releases/-/node-releases-2.0.13.tgz 2037ms (cache miss)
231 timing reifyNode:node_modules/node-releases Completed in 2279ms
232 http fetch GET 200 https://registry.npmjs.org/@webassemblyjs/helper-wasm-bytecode/-/helper-wasm-bytecode-1.11.6.tgz 1930ms (cache miss)
233 timing reifyNode:node_modules/@webassemblyjs/helper-wasm-bytecode Completed in 2272ms
234 http fetch GET 200 https://registry.npmjs.org/@types/eslint-scope/-/eslint-scope-3.7.6.tgz 1936ms (cache miss)
235 timing reifyNode:node_modules/@types/eslint-scope Completed in 2284ms
236 timing reifyNode:node_modules/@jridgewell/set-array Completed in 2290ms
237 http fetch GET 200 https://registry.npmjs.org/acorn-import-assertions/-/acorn-import-assertions-1.9.0.tgz 2095ms (cache miss)
238 timing reifyNode:node_modules/acorn-import-assertions Completed in 2297ms
239 http fetch GET 200 https://registry.npmjs.org/serialize-javascript/-/serialize-javascript-6.0.1.tgz 2061ms (cache miss)
240 timing reifyNode:node_modules/serialize-javascript Completed in 2305ms
241 http fetch GET 200 https://registry.npmjs.org/whatwg-mimetype/-/whatwg-mimetype-2.3.0.tgz 2078ms (cache miss)
242 timing reifyNode:node_modules/whatwg-mimetype Completed in 2308ms
243 http fetch GET 200 https://registry.npmjs.org/@webassemblyjs/wasm-edit/-/wasm-edit-1.11.6.tgz 1980ms (cache miss)
244 timing reifyNode:node_modules/@webassemblyjs/wasm-edit Completed in 2317ms
245 http fetch GET 200 https://registry.npmjs.org/@types/webidl-conversions/-/webidl-conversions-7.0.1.tgz 1966ms (cache miss)
246 timing reifyNode:node_modules/@types/webidl-conversions Completed in 2312ms
247 http fetch GET 200 https://registry.npmjs.org/picocolors/-/picocolors-1.0.0.tgz 2081ms (cache miss)
248 timing reifyNode:node_modules/picocolors Completed in 2323ms
249 http fetch GET 200 https://registry.npmjs.org/@webassemblyjs/wasm-gen/-/wasm-gen-1.11.6.tgz 2039ms (cache miss)
250 timing reifyNode:node_modules/@webassemblyjs/wasm-gen Completed in 2321ms
251 http fetch GET 200 https://registry.npmjs.org/touch/-/touch-3.1.0.tgz 1950ms (cache miss)
252 timing reifyNode:node_modules/touch Completed in 2314ms
253 http fetch GET 200 https://registry.npmjs.org/@webassemblyjs/helper-numbers/-/helper-numbers-1.11.6.tgz 1983ms (cache miss)
254 timing reifyNode:node_modules/@webassemblyjs/helper-numbers Completed in 2323ms
255 http fetch GET 200 https://registry.npmjs.org/rimraf/-/rimraf-3.0.2.tgz 2001ms (cache miss)
256 timing reifyNode:node_modules/rimraf Completed in 2358ms
257 http fetch GET 200 https://registry.npmjs.org/glob-to-regexp/-/glob-to-regexp-0.4.1.tgz 2117ms (cache miss)
258 timing reifyNode:node_modules/glob-to-regexp Completed in 2368ms
259 http fetch GET 200 https://registry.npmjs.org/estraverse/-/estraverse-4.3.0.tgz 2188ms (cache miss)
260 timing reifyNode:node_modules/estraverse Completed in 2367ms
261 http fetch GET 200 https://registry.npmjs.org/supports-color/-/supports-color-8.1.1.tgz 1890ms (cache miss)
262 timing reifyNode:node_modules/jest-worker/node_modules/supports-color Completed in 2385ms
263 http fetch GET 200 https://registry.npmjs.org/@types/estree/-/estree-1.0.3.tgz 2035ms (cache miss)
264 timing reifyNode:node_modules/@types/estree Completed in 2383ms
265 http fetch GET 200 https://registry.npmjs.org/@types/json-schema/-/json-schema-7.0.14.tgz 2053ms (cache miss)
266 timing reifyNode:node_modules/@types/json-schema Completed in 2400ms
267 http fetch GET 200 https://registry.npmjs.org/@webassemblyjs/wasm-parser/-/wasm-parser-1.11.6.tgz 2186ms (cache miss)
268 timing reifyNode:node_modules/@webassemblyjs/wasm-parser Completed in 2406ms
269 http fetch GET 200 https://registry.npmjs.org/agent-base/-/agent-base-6.0.2.tgz 2212ms (cache miss)
270 timing reifyNode:node_modules/agent-base Completed in 2415ms
271 http fetch GET 200 https://registry.npmjs.org/@webassemblyjs/wasm-opt/-/wasm-opt-1.11.6.tgz 2278ms (cache miss)
272 timing reifyNode:node_modules/@webassemblyjs/wasm-opt Completed in 2498ms
273 http fetch GET 200 https://registry.npmjs.org/emojis-list/-/emojis-list-3.0.0.tgz 2312ms (cache miss)
274 timing reifyNode:node_modules/emojis-list Completed in 2500ms
275 http fetch GET 200 https://registry.npmjs.org/@jridgewell/sourcemap-codec/-/sourcemap-codec-1.4.15.tgz 2139ms (cache miss)
276 timing reifyNode:node_modules/@jridgewell/sourcemap-codec Completed in 2492ms
277 http fetch GET 200 https://registry.npmjs.org/nopt/-/nopt-5.0.0.tgz 2136ms (cache miss)
278 timing reifyNode:node_modules/nopt Completed in 2492ms
279 http fetch GET 200 https://registry.npmjs.org/graceful-fs/-/graceful-fs-4.2.11.tgz 2288ms (cache miss)
280 timing reifyNode:node_modules/graceful-fs Completed in 2538ms
281 http fetch GET 200 https://registry.npmjs.org/estraverse/-/estraverse-5.3.0.tgz 2048ms (cache miss)
282 timing reifyNode:node_modules/esrecurse/node_modules/estraverse Completed in 2543ms
283 http fetch GET 200 https://registry.npmjs.org/json-schema-traverse/-/json-schema-traverse-0.4.1.tgz 2295ms (cache miss)
284 timing reifyNode:node_modules/json-schema-traverse Completed in 2544ms
285 http fetch GET 200 https://registry.npmjs.org/source-map-loader/-/source-map-loader-1.1.3.tgz 2306ms (cache miss)
286 timing reifyNode:node_modules/source-map-loader Completed in 2546ms
287 http fetch GET 200 https://registry.npmjs.org/big.js/-/big.js-5.2.2.tgz 2367ms (cache miss)
288 timing reifyNode:node_modules/big.js Completed in 2562ms
289 http fetch GET 200 https://registry.npmjs.org/@jridgewell/resolve-uri/-/resolve-uri-3.1.1.tgz 2200ms (cache miss)
290 timing reifyNode:node_modules/@jridgewell/resolve-uri Completed in 2554ms
291 http fetch GET 200 https://registry.npmjs.org/fast-json-stable-stringify/-/fast-json-stable-stringify-2.1.0.tgz 2313ms (cache miss)
292 http fetch GET 200 https://registry.npmjs.org/@webassemblyjs/leb128/-/leb128-1.11.6.tgz 2217ms (cache miss)
293 timing reifyNode:node_modules/@webassemblyjs/leb128 Completed in 2560ms
294 http fetch GET 200 https://registry.npmjs.org/mkdirp/-/mkdirp-1.0.4.tgz 2194ms (cache miss)
295 timing reifyNode:node_modules/mkdirp Completed in 2555ms
296 http fetch GET 200 https://registry.npmjs.org/browserslist/-/browserslist-4.22.1.tgz 2368ms (cache miss)
297 timing reifyNode:node_modules/browserslist Completed in 2563ms
298 timing reifyNode:node_modules/fast-json-stable-stringify Completed in 2565ms
299 http fetch GET 200 https://registry.npmjs.org/watchpack/-/watchpack-2.4.0.tgz 2352ms (cache miss)
300 timing reifyNode:node_modules/watchpack Completed in 2587ms
301 http fetch GET 200 https://registry.npmjs.org/@jridgewell/gen-mapping/-/gen-mapping-0.3.3.tgz 2231ms (cache miss)
302 timing reifyNode:node_modules/@jridgewell/gen-mapping Completed in 2586ms
303 http fetch GET 200 https://registry.npmjs.org/commander/-/commander-2.20.3.tgz 2421ms (cache miss)
304 timing reifyNode:node_modules/commander Completed in 2615ms
305 http fetch GET 200 https://registry.npmjs.org/debug/-/debug-4.3.4.tgz 2137ms (cache miss)
306 timing reifyNode:node_modules/agent-base/node_modules/debug Completed in 2630ms
307 http fetch GET 200 https://registry.npmjs.org/terser-webpack-plugin/-/terser-webpack-plugin-5.3.9.tgz 2418ms (cache miss)
308 timing reifyNode:node_modules/terser-webpack-plugin Completed in 2654ms
309 http fetch GET 200 https://registry.npmjs.org/mime/-/mime-1.6.0.tgz 2285ms (cache miss)
310 timing reifyNode:node_modules/mime Completed in 2649ms
311 http fetch GET 200 https://registry.npmjs.org/source-map-support/-/source-map-support-0.5.21.tgz 2425ms (cache miss)
312 timing reifyNode:node_modules/source-map-support Completed in 2662ms
313 http fetch GET 200 https://registry.npmjs.org/eslint-scope/-/eslint-scope-5.1.1.tgz 2499ms (cache miss)
314 timing reifyNode:node_modules/eslint-scope Completed in 2679ms
315 http fetch GET 200 https://registry.npmjs.org/es-module-lexer/-/es-module-lexer-1.3.1.tgz 2513ms (cache miss)
316 timing reifyNode:node_modules/es-module-lexer Completed in 2699ms
317 http fetch GET 200 https://registry.npmjs.org/tapable/-/tapable-2.2.1.tgz 2466ms (cache miss)
318 timing reifyNode:node_modules/tapable Completed in 2702ms
319 http fetch GET 200 https://registry.npmjs.org/loader-utils/-/loader-utils-2.0.4.tgz 2492ms (cache miss)
320 timing reifyNode:node_modules/loader-utils Completed in 2741ms
321 http fetch GET 200 https://registry.npmjs.org/@types/whatwg-url/-/whatwg-url-8.2.2.tgz 2385ms (cache miss)
322 timing reifyNode:node_modules/@types/whatwg-url Completed in 2731ms
323 http fetch GET 200 https://registry.npmjs.org/ajv-keywords/-/ajv-keywords-3.5.2.tgz 2582ms (cache miss)
324 http fetch GET 200 https://registry.npmjs.org/electron-to-chromium/-/electron-to-chromium-1.4.569.tgz 2599ms (cache miss)
325 timing reifyNode:node_modules/electron-to-chromium Completed in 2792ms
326 timing reifyNode:node_modules/ajv-keywords Completed in 2811ms
327 http fetch GET 200 https://registry.npmjs.org/jest-worker/-/jest-worker-27.5.1.tgz 2579ms (cache miss)
328 http fetch GET 200 https://registry.npmjs.org/@jridgewell/trace-mapping/-/trace-mapping-0.3.20.tgz 2473ms (cache miss)
329 timing reifyNode:node_modules/@jridgewell/trace-mapping Completed in 2827ms
330 http fetch GET 200 https://registry.npmjs.org/webpack-sources/-/webpack-sources-3.2.3.tgz 2612ms (cache miss)
331 timing reifyNode:node_modules/webpack-sources Completed in 2847ms
332 http fetch GET 200 https://registry.npmjs.org/events/-/events-3.3.0.tgz 2665ms (cache miss)
333 timing reifyNode:node_modules/events Completed in 2844ms
334 timing reifyNode:node_modules/jest-worker Completed in 2853ms
335 http fetch GET 200 https://registry.npmjs.org/schema-utils/-/schema-utils-3.3.0.tgz 2621ms (cache miss)
336 timing reifyNode:node_modules/schema-utils Completed in 2863ms
337 http fetch GET 200 https://registry.npmjs.org/@xtuc/long/-/long-4.2.2.tgz 2644ms (cache miss)
338 timing reifyNode:node_modules/@xtuc/long Completed in 2858ms
339 http fetch GET 200 https://registry.npmjs.org/@jridgewell/source-map/-/source-map-0.3.5.tgz 2512ms (cache miss)
340 timing reifyNode:node_modules/@jridgewell/source-map Completed in 2865ms
341 http fetch GET 200 https://registry.npmjs.org/@types/eslint/-/eslint-8.44.6.tgz 2542ms (cache miss)
342 timing reifyNode:node_modules/@types/eslint Completed in 2889ms
343 http fetch GET 200 https://registry.npmjs.org/@webassemblyjs/ast/-/ast-1.11.6.tgz 2573ms (cache miss)
344 timing reifyNode:node_modules/@webassemblyjs/ast Completed in 2914ms
345 http fetch GET 200 https://registry.npmjs.org/@mongodb-js/saslprep/-/saslprep-1.1.0.tgz 2590ms (cache miss)
346 timing reifyNode:node_modules/@mongodb-js/saslprep Completed in 2939ms
347 http fetch GET 200 https://registry.npmjs.org/bcrypt/-/bcrypt-5.1.1.tgz 2580ms (cache miss)
348 timing reifyNode:node_modules/bcrypt Completed in 2945ms
349 http fetch GET 200 https://registry.npmjs.org/json5/-/json5-2.2.3.tgz 2714ms (cache miss)
350 timing reifyNode:node_modules/json5 Completed in 2963ms
351 http fetch GET 200 https://registry.npmjs.org/acorn/-/acorn-8.11.2.tgz 2804ms (cache miss)
352 timing reifyNode:node_modules/acorn Completed in 3008ms
353 http fetch GET 200 https://registry.npmjs.org/@mapbox/node-pre-gyp/-/node-pre-gyp-1.0.11.tgz 2658ms (cache miss)
354 timing reifyNode:node_modules/@mapbox/node-pre-gyp Completed in 3006ms
355 http fetch GET 200 https://registry.npmjs.org/semver/-/semver-7.5.4.tgz 2662ms (cache miss)
356 timing reifyNode:node_modules/semver Completed in 3018ms
357 http fetch GET 200 https://registry.npmjs.org/enhanced-resolve/-/enhanced-resolve-5.15.0.tgz 2865ms (cache miss)
358 timing reifyNode:node_modules/enhanced-resolve Completed in 3053ms
359 http fetch GET 200 https://registry.npmjs.org/nodemon/-/nodemon-3.0.1.tgz 2718ms (cache miss)
360 timing reifyNode:node_modules/nodemon Completed in 3088ms
361 http fetch GET 200 https://registry.npmjs.org/iconv-lite/-/iconv-lite-0.6.3.tgz 2647ms (cache miss)
362 http fetch GET 200 https://registry.npmjs.org/uri-js/-/uri-js-4.4.1.tgz 2911ms (cache miss)
363 timing reifyNode:node_modules/source-map-loader/node_modules/iconv-lite Completed in 3151ms
364 timing reifyNode:node_modules/uri-js Completed in 3154ms
365 http fetch GET 200 https://registry.npmjs.org/source-map/-/source-map-0.6.1.tgz 2916ms (cache miss)
366 timing reifyNode:node_modules/source-map Completed in 3157ms
367 http fetch GET 200 https://registry.npmjs.org/neo-async/-/neo-async-2.6.2.tgz 2988ms (cache miss)
368 timing reifyNode:node_modules/neo-async Completed in 3231ms
369 http fetch GET 200 https://registry.npmjs.org/ajv/-/ajv-6.12.6.tgz 3158ms (cache miss)
370 timing reifyNode:node_modules/ajv Completed in 3361ms
371 http fetch GET 200 https://registry.npmjs.org/terser/-/terser-5.22.0.tgz 3160ms (cache miss)
372 timing reifyNode:node_modules/terser Completed in 3395ms
373 http fetch GET 200 https://registry.npmjs.org/@types/node/-/node-20.7.0.tgz 3307ms (cache miss)
374 timing reifyNode:node_modules/@types/node Completed in 3658ms
375 http fetch GET 200 https://registry.npmjs.org/caniuse-lite/-/caniuse-lite-1.0.30001555.tgz 4009ms (cache miss)
376 timing reifyNode:node_modules/caniuse-lite Completed in 4205ms
377 http fetch GET 200 https://registry.npmjs.org/webpack/-/webpack-5.89.0.tgz 4037ms (cache miss)
378 timing reifyNode:node_modules/webpack Completed in 4271ms
379 timing reify:unpack Completed in 4272ms
380 timing reify:unretire Completed in 8ms
381 timing build:queue Completed in 9ms
382 timing build:link:node_modules/@mapbox/node-pre-gyp Completed in 15ms
383 timing build:link:node_modules/acorn Completed in 16ms
384 timing build:link:node_modules/browserslist Completed in 15ms
385 timing build:link:node_modules/color-support Completed in 15ms
386 timing build:link:node_modules/json5 Completed in 15ms
387 timing build:link:node_modules/mime Completed in 15ms
388 timing build:link:node_modules/mkdirp Completed in 14ms
389 timing build:link:node_modules/nopt Completed in 14ms
390 timing build:link:node_modules/rimraf Completed in 14ms
391 timing build:link:node_modules/terser Completed in 14ms
392 timing build:link:node_modules/touch Completed in 14ms
393 timing build:link:node_modules/update-browserslist-db Completed in 14ms
394 timing build:link:node_modules/webpack Completed in 13ms
395 timing build:link:node_modules/nodemon Completed in 20ms
396 timing build:link:node_modules/semver Completed in 20ms
397 timing build:link Completed in 23ms
398 info run bcrypt@5.1.1 install node_modules/bcrypt node-pre-gyp install --fallback-to-build
399 info run bcrypt@5.1.1 install { code: 0, signal: null }
400 timing build:run:install:node_modules/bcrypt Completed in 604ms
401 timing build:run:install Completed in 605ms
402 timing build:deps Completed in 642ms
403 timing build Completed in 644ms
404 timing reify:build Completed in 645ms
405 timing reify:trash Completed in 30ms
406 timing reify:save Completed in 124ms
407 timing reify Completed in 5638ms
408 silly ADD node_modules/whatwg-mimetype
409 silly ADD node_modules/webpack-sources
410 silly ADD node_modules/webpack
411 silly ADD node_modules/watchpack
412 silly ADD node_modules/uri-js
413 silly ADD node_modules/update-browserslist-db
414 silly ADD node_modules/terser-webpack-plugin
415 silly ADD node_modules/terser
416 silly ADD node_modules/tapable
417 silly ADD node_modules/source-map-support
418 silly ADD node_modules/source-map-loader
419 silly ADD node_modules/source-map-loader/node_modules/iconv-lite
420 silly ADD node_modules/source-map
421 silly ADD node_modules/serialize-javascript
422 silly ADD node_modules/schema-utils
423 silly ADD node_modules/randombytes
424 silly ADD node_modules/picocolors
425 silly ADD node_modules/node-releases
426 silly ADD node_modules/neo-async
427 silly ADD node_modules/merge-stream
428 silly ADD node_modules/loader-utils
429 silly ADD node_modules/loader-runner
430 silly ADD node_modules/json5
431 silly ADD node_modules/json-schema-traverse
432 silly ADD node_modules/json-parse-even-better-errors
433 silly ADD node_modules/jest-worker
434 silly ADD node_modules/jest-worker/node_modules/supports-color
435 silly ADD node_modules/jest-worker/node_modules/has-flag
436 silly ADD node_modules/graceful-fs
437 silly ADD node_modules/glob-to-regexp
438 silly ADD
439 silly ADD node_modules/fast-json-stable-stringify
440 silly ADD node_modules/fast-deep-equal
441 silly ADD node_modules/events
442 silly ADD node_modules/estraverse
443 silly ADD node_modules/esrecurse
444 silly ADD node_modules/esrecurse/node_modules/estraverse
445 silly ADD node_modules/eslint-scope
446 silly ADD node_modules/escalade
447 silly ADD node_modules/es-module-lexer
448 silly ADD node_modules/enhanced-resolve
449 silly ADD node_modules/emojis-list
450 silly ADD node_modules/electron-to-chromium
451 silly ADD node_modules/commander
452 silly ADD node_modules/chrome-trace-event
453 silly ADD node_modules/caniuse-lite
454 silly ADD node_modules/buffer-from
455 silly ADD node_modules/browserslist
456 silly ADD node_modules/big.js
457 silly ADD node_modules/balanced-match
458 silly ADD node_modules/array-flatten
459 silly ADD node_modules/are-we-there-yet
460 silly ADD node_modules/aproba
461 silly ADD node_modules/anymatch
462 silly ADD node_modules/ansi-regex
463 silly ADD node_modules/ajv-keywords
464 silly ADD node_modules/ajv
465 silly ADD node_modules/agent-base
466 silly ADD node_modules/agent-base/node_modules/ms
467 silly ADD node_modules/agent-base/node_modules/debug
468 silly ADD node_modules/acorn-import-assertions
469 silly ADD node_modules/acorn
470 silly ADD node_modules/accepts
471 silly ADD node_modules/abbrev
472 silly ADD node_modules/abab
473 silly ADD node_modules/@xtuc/long
474 silly ADD node_modules/@xtuc/ieee754
475 silly ADD node_modules/@webassemblyjs/wast-printer
476 silly ADD node_modules/@webassemblyjs/wasm-parser
477 silly ADD node_modules/@webassemblyjs/wasm-opt
478 silly ADD node_modules/@webassemblyjs/wasm-gen
479 silly ADD node_modules/@webassemblyjs/wasm-edit
480 silly ADD node_modules/@webassemblyjs/utf8
481 silly ADD node_modules/@webassemblyjs/leb128
482 silly ADD node_modules/@webassemblyjs/ieee754
483 silly ADD node_modules/@webassemblyjs/helper-wasm-section
484 silly ADD node_modules/@webassemblyjs/helper-wasm-bytecode
485 silly ADD node_modules/@webassemblyjs/helper-numbers
486 silly ADD node_modules/@webassemblyjs/helper-buffer
487 silly ADD node_modules/@webassemblyjs/helper-api-error
488 silly ADD node_modules/@webassemblyjs/floating-point-hex-parser
489 silly ADD node_modules/@webassemblyjs/ast
490 silly ADD node_modules/@types/whatwg-url
491 silly ADD node_modules/@types/webidl-conversions
492 silly ADD node_modules/@types/node
493 silly ADD node_modules/@types/json-schema
494 silly ADD node_modules/@types/estree
495 silly ADD node_modules/@types/eslint-scope
496 silly ADD node_modules/@types/eslint
497 silly ADD node_modules/@mongodb-js/saslprep
498 silly ADD node_modules/@mapbox/node-pre-gyp
499 silly ADD node_modules/@jridgewell/trace-mapping
500 silly ADD node_modules/@jridgewell/sourcemap-codec
501 silly ADD node_modules/@jridgewell/source-map
502 silly ADD node_modules/@jridgewell/set-array
503 silly ADD node_modules/@jridgewell/resolve-uri
504 silly ADD node_modules/@jridgewell/gen-mapping
505 silly CHANGE node_modules/semver
506 silly CHANGE node_modules/rimraf
507 silly CHANGE node_modules/nopt
508 silly CHANGE node_modules/nodemon
509 silly CHANGE node_modules/mkdirp
510 silly CHANGE node_modules/mime
511 silly CHANGE node_modules/color-support
512 silly CHANGE node_modules/touch
513 silly CHANGE node_modules/bcrypt
514 timing command:i Completed in 5667ms
515 verbose exit 0
516 timing npm Completed in 5991ms
517 info ok
