0 verbose cli /usr/local/bin/node /usr/local/bin/npm
1 info using npm@10.2.0
2 info using node@v21.1.0
3 timing npm:load:whichnode Completed in 24ms
4 timing config:load:defaults Completed in 1ms
5 timing config:load:file:/usr/local/lib/node_modules/npm/npmrc Completed in 6ms
6 timing config:load:builtin Completed in 7ms
7 timing config:load:cli Completed in 2ms
8 timing config:load:env Completed in 1ms
9 timing config:load:project Completed in 5ms
10 timing config:load:file:/home/ubuntu/.npmrc Completed in 0ms
11 timing config:load:user Completed in 0ms
12 timing config:load:file:/usr/local/etc/npmrc Completed in 0ms
13 timing config:load:global Completed in 0ms
14 timing config:load:setEnvs Completed in 1ms
15 timing config:load Completed in 18ms
16 timing npm:load:configload Completed in 19ms
17 timing config:load:flatten Completed in 7ms
18 timing npm:load:mkdirpcache Completed in 0ms
19 timing npm:load:mkdirplogs Completed in 1ms
20 verbose title npm i pm2
21 verbose argv "i" "--global" "pm2"
22 timing npm:load:setTitle Completed in 0ms
23 timing npm:load:display Completed in 1ms
24 verbose logfile logs-max:10 dir:/home/ubuntu/.npm/_logs/2023-11-14T11_23_46_393Z-
25 verbose logfile /home/ubuntu/.npm/_logs/2023-11-14T11_23_46_393Z-debug-0.log
26 timing npm:load:logFile Completed in 20ms
27 timing npm:load:timers Completed in 1ms
28 timing npm:load:configScope Completed in 0ms
29 timing npm:load Completed in 106ms
30 timing config:load:flatten Completed in 1ms
31 timing arborist:ctor Completed in 1ms
32 silly logfile done cleaning log files
33 timing idealTree:init Completed in 15ms
34 timing idealTree:userRequests Completed in 6ms
35 silly idealTree buildDeps
36 silly fetch manifest pm2@*
37 http fetch GET 200 https://registry.npmjs.org/pm2 209ms (cache miss)
38 silly placeDep ROOT pm2@5.3.0 OK for:  want: *
39 silly fetch manifest @pm2/agent@~2.0.0
40 silly fetch manifest @pm2/io@~5.0.0
41 silly fetch manifest @pm2/js-api@~0.6.7
42 silly fetch manifest @pm2/pm2-version-check@latest
43 silly fetch manifest async@~3.2.0
44 silly fetch manifest blessed@0.1.81
45 silly fetch manifest chalk@3.0.0
46 silly fetch manifest chokidar@^3.5.3
47 silly fetch manifest cli-tableau@^2.0.0
48 silly fetch manifest commander@2.15.1
49 silly fetch manifest croner@~4.1.92
50 silly fetch manifest dayjs@~1.11.5
51 silly fetch manifest debug@^4.3.1
52 silly fetch manifest enquirer@2.3.6
53 silly fetch manifest eventemitter2@5.0.1
54 silly fetch manifest fclone@1.0.11
55 silly fetch manifest mkdirp@1.0.4
56 silly fetch manifest needle@2.4.0
57 silly fetch manifest pidusage@~3.0
58 silly fetch manifest pm2-axon@~4.0.1
59 silly fetch manifest pm2-axon-rpc@~0.7.1
60 silly fetch manifest pm2-deploy@~1.0.2
61 silly fetch manifest pm2-multimeter@^0.1.2
62 silly fetch manifest promptly@^2
63 silly fetch manifest semver@^7.2
64 silly fetch manifest source-map-support@0.5.21
65 silly fetch manifest sprintf-js@1.1.2
66 silly fetch manifest vizion@~2.2.1
67 silly fetch manifest yamljs@0.3.0
68 silly fetch manifest pm2-sysmonit@^1.2.8
69 http fetch GET 200 https://registry.npmjs.org/pm2-multimeter 500ms (cache miss)
70 http fetch GET 200 https://registry.npmjs.org/@pm2%2fagent 511ms (cache miss)
71 http fetch GET 200 https://registry.npmjs.org/cli-tableau 507ms (cache miss)
72 http fetch GET 200 https://registry.npmjs.org/sprintf-js 511ms (cache miss)
73 http fetch GET 200 https://registry.npmjs.org/fclone 522ms (cache miss)
74 http fetch GET 200 https://registry.npmjs.org/@pm2%2fpm2-version-check 529ms (cache miss)
75 http fetch GET 200 https://registry.npmjs.org/yamljs 527ms (cache miss)
76 http fetch GET 200 https://registry.npmjs.org/promptly 535ms (cache miss)
77 http fetch GET 200 https://registry.npmjs.org/pm2-axon 551ms (cache miss)
78 http fetch GET 200 https://registry.npmjs.org/pm2-axon-rpc 557ms (cache miss)
79 http fetch GET 200 https://registry.npmjs.org/pm2-deploy 559ms (cache miss)
80 http fetch GET 200 https://registry.npmjs.org/vizion 570ms (cache miss)
81 http fetch GET 200 https://registry.npmjs.org/pm2-sysmonit 575ms (cache miss)
82 http fetch GET 200 https://registry.npmjs.org/blessed 595ms (cache miss)
83 http fetch GET 200 https://registry.npmjs.org/chalk 603ms (cache miss)
84 http fetch GET 200 https://registry.npmjs.org/eventemitter2 607ms (cache miss)
85 http fetch GET 200 https://registry.npmjs.org/pidusage 606ms (cache miss)
86 http fetch GET 200 https://registry.npmjs.org/mkdirp 608ms (cache miss)
87 http fetch GET 200 https://registry.npmjs.org/enquirer 615ms (cache miss)
88 http fetch GET 200 https://registry.npmjs.org/source-map-support 620ms (cache miss)
89 http fetch GET 200 https://registry.npmjs.org/debug 626ms (cache miss)
90 http fetch GET 200 https://registry.npmjs.org/semver 635ms (cache miss)
91 http fetch GET 200 https://registry.npmjs.org/async 646ms (cache miss)
92 http fetch GET 200 https://registry.npmjs.org/@pm2%2fjs-api 653ms (cache miss)
93 http fetch GET 200 https://registry.npmjs.org/needle 648ms (cache miss)
94 http fetch GET 200 https://registry.npmjs.org/chokidar 658ms (cache miss)
95 http fetch GET 200 https://registry.npmjs.org/commander 660ms (cache miss)
96 http fetch GET 200 https://registry.npmjs.org/@pm2%2fio 683ms (cache miss)
97 http fetch GET 200 https://registry.npmjs.org/croner 679ms (cache miss)
98 http fetch GET 200 https://registry.npmjs.org/dayjs 688ms (cache miss)
99 timing idealTree:#root Completed in 933ms
100 silly placeDep node_modules/pm2 @pm2/agent@2.0.3 OK for: pm2@5.3.0 want: ~2.0.0
101 silly fetch manifest chalk@~3.0.0
102 silly fetch manifest dayjs@~1.8.24
103 silly fetch manifest debug@~4.3.1
104 silly fetch manifest eventemitter2@~5.0.1
105 silly fetch manifest fast-json-patch@^3.0.0-1
106 silly fetch manifest fclone@~1.0.11
107 silly fetch manifest nssocket@0.6.0
108 silly fetch manifest pm2-axon-rpc@~0.7.0
109 silly fetch manifest proxy-agent@~6.3.0
110 silly fetch manifest semver@~7.5.0
111 silly fetch manifest ws@~7.4.0
112 silly placeDep node_modules/pm2 @pm2/io@5.0.2 OK for: pm2@5.3.0 want: ~5.0.0
113 silly fetch manifest @opencensus/core@0.0.9
114 silly fetch manifest @opencensus/propagation-b3@0.0.8
115 silly fetch manifest async@~2.6.1
116 silly fetch manifest eventemitter2@^6.3.1
117 silly fetch manifest require-in-the-middle@^5.0.0
118 silly fetch manifest semver@~7.5.4
119 silly fetch manifest shimmer@^1.2.0
120 silly fetch manifest signal-exit@^3.0.3
121 silly fetch manifest tslib@1.9.3
122 silly placeDep node_modules/pm2 @pm2/js-api@0.6.7 OK for: pm2@5.3.0 want: ~0.6.7
123 silly fetch manifest async@^2.6.3
124 silly fetch manifest axios@^0.21.0
125 silly fetch manifest ws@^7.0.0
126 silly placeDep node_modules/pm2 @pm2/pm2-version-check@1.0.4 OK for: pm2@5.3.0 want: latest
127 silly placeDep node_modules/pm2 async@3.2.5 OK for: pm2@5.3.0 want: ~3.2.0
128 silly placeDep node_modules/pm2 blessed@0.1.81 OK for: pm2@5.3.0 want: 0.1.81
129 silly placeDep node_modules/pm2 chalk@3.0.0 OK for: pm2@5.3.0 want: 3.0.0
130 silly fetch manifest ansi-styles@^4.1.0
131 silly fetch manifest supports-color@^7.1.0
132 silly placeDep node_modules/pm2 chokidar@3.5.3 OK for: pm2@5.3.0 want: ^3.5.3
133 silly fetch manifest anymatch@~3.1.2
134 silly fetch manifest braces@~3.0.2
135 silly fetch manifest glob-parent@~5.1.2
136 silly fetch manifest is-binary-path@~2.1.0
137 silly fetch manifest is-glob@~4.0.1
138 silly fetch manifest normalize-path@~3.0.0
139 silly fetch manifest readdirp@~3.6.0
140 silly fetch manifest fsevents@~2.3.2
141 silly placeDep node_modules/pm2 cli-tableau@2.0.1 OK for: pm2@5.3.0 want: ^2.0.0
142 silly placeDep node_modules/pm2 commander@2.15.1 OK for: pm2@5.3.0 want: 2.15.1
143 silly placeDep node_modules/pm2 croner@4.1.97 OK for: pm2@5.3.0 want: ~4.1.92
144 silly placeDep node_modules/pm2 dayjs@1.11.10 OK for: pm2@5.3.0 want: ~1.11.5
145 silly placeDep node_modules/pm2 debug@4.3.4 OK for: pm2@5.3.0 want: ^4.3.1
146 silly fetch manifest ms@2.1.2
147 silly placeDep node_modules/pm2 enquirer@2.3.6 OK for: pm2@5.3.0 want: 2.3.6
148 silly fetch manifest ansi-colors@^4.1.1
149 silly placeDep node_modules/pm2 eventemitter2@5.0.1 OK for: pm2@5.3.0 want: 5.0.1
150 silly placeDep node_modules/pm2 fclone@1.0.11 OK for: pm2@5.3.0 want: 1.0.11
151 silly placeDep node_modules/pm2 mkdirp@1.0.4 OK for: pm2@5.3.0 want: 1.0.4
152 silly placeDep node_modules/pm2 needle@2.4.0 OK for: pm2@5.3.0 want: 2.4.0
153 silly fetch manifest debug@^3.2.6
154 silly fetch manifest iconv-lite@^0.4.4
155 silly fetch manifest sax@^1.2.4
156 silly placeDep node_modules/pm2 pidusage@3.0.2 OK for: pm2@5.3.0 want: ~3.0
157 silly fetch manifest safe-buffer@^5.2.1
158 silly placeDep node_modules/pm2 pm2-axon@4.0.1 OK for: pm2@5.3.0 want: ~4.0.1
159 silly fetch manifest amp@~0.3.1
160 silly fetch manifest amp-message@~0.1.1
161 silly fetch manifest escape-string-regexp@^4.0.0
162 silly placeDep node_modules/pm2 pm2-axon-rpc@0.7.1 OK for: pm2@5.3.0 want: ~0.7.1
163 silly placeDep node_modules/pm2 pm2-deploy@1.0.2 OK for: pm2@5.3.0 want: ~1.0.2
164 silly fetch manifest run-series@^1.1.8
165 silly fetch manifest tv4@^1.3.0
166 silly placeDep node_modules/pm2 pm2-multimeter@0.1.2 OK for: pm2@5.3.0 want: ^0.1.2
167 silly fetch manifest charm@~0.1.1
168 silly placeDep node_modules/pm2 pm2-sysmonit@1.2.8 OK for: pm2@5.3.0 want: ^1.2.8
169 silly fetch manifest pidusage@^2.0.21
170 silly fetch manifest systeminformation@^5.7
171 silly fetch manifest tx2@~1.0.4
172 silly placeDep node_modules/pm2 promptly@2.2.0 OK for: pm2@5.3.0 want: ^2
173 silly fetch manifest read@^1.0.4
174 silly placeDep node_modules/pm2 semver@7.5.4 OK for: pm2@5.3.0 want: ^7.2
175 silly fetch manifest lru-cache@^6.0.0
176 silly placeDep node_modules/pm2 source-map-support@0.5.21 OK for: pm2@5.3.0 want: 0.5.21
177 silly fetch manifest buffer-from@^1.0.0
178 silly fetch manifest source-map@^0.6.0
179 silly placeDep node_modules/pm2 sprintf-js@1.1.2 OK for: pm2@5.3.0 want: 1.1.2
180 silly placeDep node_modules/pm2 vizion@2.2.1 OK for: pm2@5.3.0 want: ~2.2.1
181 silly fetch manifest git-node-fs@^1.0.0
182 silly fetch manifest ini@^1.3.5
183 silly fetch manifest js-git@^0.7.8
184 silly placeDep node_modules/pm2 yamljs@0.3.0 OK for: pm2@5.3.0 want: 0.3.0
185 silly fetch manifest argparse@^1.0.7
186 silly fetch manifest glob@^7.0.5
187 http fetch GET 200 https://registry.npmjs.org/npm 1446ms (cache miss)
188 http fetch GET 200 https://registry.npmjs.org/ms 655ms (cache miss)
189 http fetch GET 200 https://registry.npmjs.org/read 654ms (cache miss)
190 http fetch GET 200 https://registry.npmjs.org/safe-buffer 676ms (cache miss)
191 http fetch GET 200 https://registry.npmjs.org/is-glob 692ms (cache miss)
192 http fetch GET 200 https://registry.npmjs.org/nssocket 727ms (cache miss)
193 http fetch GET 200 https://registry.npmjs.org/proxy-agent 730ms (cache miss)
194 http fetch GET 200 https://registry.npmjs.org/fast-json-patch 735ms (cache miss)
195 http fetch GET 200 https://registry.npmjs.org/require-in-the-middle 747ms (cache miss)
196 http fetch GET 200 https://registry.npmjs.org/is-binary-path 736ms (cache miss)
197 http fetch GET 200 https://registry.npmjs.org/normalize-path 735ms (cache miss)
198 http fetch GET 200 https://registry.npmjs.org/amp 720ms (cache miss)
199 http fetch GET 200 https://registry.npmjs.org/amp-message 725ms (cache miss)
200 http fetch GET 200 https://registry.npmjs.org/tx2 718ms (cache miss)
201 http fetch GET 200 https://registry.npmjs.org/git-node-fs 713ms (cache miss)
202 http fetch GET 200 https://registry.npmjs.org/@opencensus%2fpropagation-b3 761ms (cache miss)
203 http fetch GET 200 https://registry.npmjs.org/@opencensus%2fcore 761ms (cache miss)
204 http fetch GET 200 https://registry.npmjs.org/shimmer 760ms (cache miss)
205 http fetch GET 200 https://registry.npmjs.org/buffer-from 727ms (cache miss)
206 http fetch GET 200 https://registry.npmjs.org/escape-string-regexp 739ms (cache miss)
207 http fetch GET 200 https://registry.npmjs.org/charm 745ms (cache miss)
208 http fetch GET 200 https://registry.npmjs.org/ini 748ms (cache miss)
209 http fetch GET 200 https://registry.npmjs.org/run-series 760ms (cache miss)
210 http fetch GET 200 https://registry.npmjs.org/anymatch 783ms (cache miss)
211 http fetch GET 200 https://registry.npmjs.org/glob-parent 783ms (cache miss)
212 http fetch GET 200 https://registry.npmjs.org/argparse 754ms (cache miss)
213 http fetch GET 200 https://registry.npmjs.org/signal-exit 799ms (cache miss)
214 http fetch GET 200 https://registry.npmjs.org/js-git 759ms (cache miss)
215 http fetch GET 200 https://registry.npmjs.org/sax 781ms (cache miss)
216 http fetch GET 200 https://registry.npmjs.org/ansi-styles 808ms (cache miss)
217 http fetch GET 200 https://registry.npmjs.org/ws 827ms (cache miss)
218 http fetch GET 200 https://registry.npmjs.org/braces 821ms (cache miss)
219 http fetch GET 200 https://registry.npmjs.org/tv4 801ms (cache miss)
220 http fetch GET 200 https://registry.npmjs.org/ansi-colors 817ms (cache miss)
221 http fetch GET 200 https://registry.npmjs.org/tslib 838ms (cache miss)
222 http fetch GET 200 https://registry.npmjs.org/readdirp 827ms (cache miss)
223 http fetch GET 200 https://registry.npmjs.org/iconv-lite 817ms (cache miss)
224 http fetch GET 200 https://registry.npmjs.org/source-map 808ms (cache miss)
225 http fetch GET 200 https://registry.npmjs.org/supports-color 846ms (cache miss)
226 http fetch GET 200 https://registry.npmjs.org/fsevents 851ms (cache miss)
227 http fetch GET 200 https://registry.npmjs.org/glob 831ms (cache miss)
228 http fetch GET 200 https://registry.npmjs.org/ws 882ms (cache miss)
229 http fetch GET 200 https://registry.npmjs.org/lru-cache 860ms (cache miss)
230 http fetch GET 200 https://registry.npmjs.org/axios 904ms (cache miss)
231 http fetch GET 200 https://registry.npmjs.org/systeminformation 891ms (cache miss)
232 timing idealTree:node_modules/pm2 Completed in 974ms
233 silly fetch manifest bufferutil@^4.0.1
234 http fetch GET 200 https://registry.npmjs.org/bufferutil 30ms (cache miss)
235 silly fetch manifest utf-8-validate@^5.0.2
236 http fetch GET 200 https://registry.npmjs.org/utf-8-validate 31ms (cache miss)
237 silly placeDep node_modules/pm2/node_modules/@pm2/agent dayjs@1.8.36 OK for: @pm2/agent@2.0.3 want: ~1.8.24
238 silly placeDep node_modules/pm2 fast-json-patch@3.1.1 OK for: @pm2/agent@2.0.3 want: ^3.0.0-1
239 silly placeDep node_modules/pm2 nssocket@0.6.0 OK for: @pm2/agent@2.0.3 want: 0.6.0
240 silly fetch manifest eventemitter2@~0.4.14
241 silly fetch manifest lazy@~1.0.11
242 silly placeDep node_modules/pm2 proxy-agent@6.3.1 OK for: @pm2/agent@2.0.3 want: ~6.3.0
243 silly fetch manifest agent-base@^7.0.2
244 silly fetch manifest http-proxy-agent@^7.0.0
245 silly fetch manifest https-proxy-agent@^7.0.2
246 silly fetch manifest lru-cache@^7.14.1
247 silly fetch manifest pac-proxy-agent@^7.0.1
248 silly fetch manifest proxy-from-env@^1.1.0
249 silly fetch manifest socks-proxy-agent@^8.0.2
250 silly placeDep node_modules/pm2 ws@7.4.6 OK for: @pm2/agent@2.0.3 want: ~7.4.0
251 http fetch GET 200 https://registry.npmjs.org/lazy 108ms (cache miss)
252 http fetch GET 200 https://registry.npmjs.org/proxy-from-env 103ms (cache miss)
253 http fetch GET 200 https://registry.npmjs.org/agent-base 109ms (cache miss)
254 http fetch GET 200 https://registry.npmjs.org/http-proxy-agent 114ms (cache miss)
255 http fetch GET 200 https://registry.npmjs.org/https-proxy-agent 111ms (cache miss)
256 http fetch GET 200 https://registry.npmjs.org/socks-proxy-agent 111ms (cache miss)
257 http fetch GET 200 https://registry.npmjs.org/pac-proxy-agent 407ms (cache miss)
258 timing idealTree:node_modules/pm2/node_modules/@pm2/agent Completed in 509ms
259 silly placeDep node_modules/pm2 @opencensus/core@0.0.9 OK for: @pm2/io@5.0.2 want: 0.0.9
260 silly fetch manifest continuation-local-storage@^3.2.1
261 silly fetch manifest log-driver@^1.2.7
262 silly fetch manifest semver@^5.5.0
263 silly fetch manifest uuid@^3.2.1
264 silly placeDep node_modules/pm2 @opencensus/propagation-b3@0.0.8 OK for: @pm2/io@5.0.2 want: 0.0.8
265 silly fetch manifest @opencensus/core@^0.0.8
266 silly placeDep node_modules/pm2/node_modules/@pm2/io async@2.6.4 OK for: @pm2/io@5.0.2 want: ~2.6.1
267 silly fetch manifest lodash@^4.17.14
268 silly placeDep node_modules/pm2/node_modules/@pm2/io eventemitter2@6.4.9 OK for: @pm2/io@5.0.2 want: ^6.3.1
269 silly placeDep node_modules/pm2 require-in-the-middle@5.2.0 OK for: @pm2/io@5.0.2 want: ^5.0.0
270 silly fetch manifest module-details-from-path@^1.0.3
271 silly fetch manifest resolve@^1.22.1
272 silly placeDep node_modules/pm2 shimmer@1.2.1 OK for: @pm2/io@5.0.2 want: ^1.2.0
273 silly placeDep node_modules/pm2 signal-exit@3.0.7 OK for: @pm2/io@5.0.2 want: ^3.0.3
274 silly placeDep node_modules/pm2 tslib@1.9.3 OK for: @pm2/io@5.0.2 want: 1.9.3
275 http fetch GET 200 https://registry.npmjs.org/log-driver 88ms (cache miss)
276 http fetch GET 200 https://registry.npmjs.org/module-details-from-path 81ms (cache miss)
277 http fetch GET 200 https://registry.npmjs.org/uuid 91ms (cache miss)
278 http fetch GET 200 https://registry.npmjs.org/lodash 91ms (cache miss)
279 http fetch GET 200 https://registry.npmjs.org/continuation-local-storage 97ms (cache miss)
280 http fetch GET 200 https://registry.npmjs.org/resolve 90ms (cache miss)
281 timing idealTree:node_modules/pm2/node_modules/@pm2/io Completed in 114ms
282 silly placeDep node_modules/pm2 continuation-local-storage@3.2.1 OK for: @opencensus/core@0.0.9 want: ^3.2.1
283 silly fetch manifest async-listener@^0.6.0
284 silly fetch manifest emitter-listener@^1.1.1
285 silly placeDep node_modules/pm2 log-driver@1.2.7 OK for: @opencensus/core@0.0.9 want: ^1.2.7
286 silly placeDep node_modules/pm2/node_modules/@opencensus/core semver@5.7.2 OK for: @opencensus/core@0.0.9 want: ^5.5.0
287 silly placeDep node_modules/pm2 uuid@3.4.0 OK for: @opencensus/core@0.0.9 want: ^3.2.1
288 http fetch GET 200 https://registry.npmjs.org/async-listener 42ms (cache miss)
289 http fetch GET 200 https://registry.npmjs.org/emitter-listener 50ms (cache miss)
290 timing idealTree:node_modules/pm2/node_modules/@opencensus/core Completed in 56ms
291 silly placeDep node_modules/pm2/node_modules/@opencensus/propagation-b3 @opencensus/core@0.0.8 OK for: @opencensus/propagation-b3@0.0.8 want: ^0.0.8
292 timing idealTree:node_modules/pm2/node_modules/@opencensus/propagation-b3 Completed in 3ms
293 silly placeDep node_modules/pm2/node_modules/@pm2/js-api async@2.6.4 OK for: @pm2/js-api@0.6.7 want: ^2.6.3
294 silly placeDep node_modules/pm2 axios@0.21.4 OK for: @pm2/js-api@0.6.7 want: ^0.21.0
295 silly fetch manifest follow-redirects@^1.14.0
296 silly placeDep node_modules/pm2/node_modules/@pm2/js-api eventemitter2@6.4.9 OK for: @pm2/js-api@0.6.7 want: ^6.3.1
297 http fetch GET 200 https://registry.npmjs.org/follow-redirects 77ms (cache miss)
298 timing idealTree:node_modules/pm2/node_modules/@pm2/js-api Completed in 85ms
299 timing idealTree:node_modules/pm2/node_modules/@pm2/pm2-version-check Completed in 0ms
300 timing idealTree:node_modules/pm2/node_modules/async Completed in 0ms
301 silly placeDep node_modules/pm2 follow-redirects@1.15.3 OK for: axios@0.21.4 want: ^1.14.0
302 timing idealTree:node_modules/pm2/node_modules/axios Completed in 2ms
303 timing idealTree:node_modules/pm2/node_modules/blessed Completed in 0ms
304 silly placeDep node_modules/pm2 ansi-styles@4.3.0 OK for: chalk@3.0.0 want: ^4.1.0
305 silly fetch manifest color-convert@^2.0.1
306 silly placeDep node_modules/pm2 supports-color@7.2.0 OK for: chalk@3.0.0 want: ^7.1.0
307 silly fetch manifest has-flag@^4.0.0
308 http fetch GET 200 https://registry.npmjs.org/has-flag 36ms (cache miss)
309 http fetch GET 200 https://registry.npmjs.org/color-convert 53ms (cache miss)
310 timing idealTree:node_modules/pm2/node_modules/chalk Completed in 57ms
311 silly placeDep node_modules/pm2 color-convert@2.0.1 OK for: ansi-styles@4.3.0 want: ^2.0.1
312 silly fetch manifest color-name@~1.1.4
313 http fetch GET 200 https://registry.npmjs.org/color-name 29ms (cache miss)
314 timing idealTree:node_modules/pm2/node_modules/ansi-styles Completed in 32ms
315 silly placeDep node_modules/pm2 anymatch@3.1.3 OK for: chokidar@3.5.3 want: ~3.1.2
316 silly fetch manifest normalize-path@^3.0.0
317 silly fetch manifest picomatch@^2.0.4
318 silly placeDep node_modules/pm2 braces@3.0.2 OK for: chokidar@3.5.3 want: ~3.0.2
319 silly fetch manifest fill-range@^7.0.1
320 silly placeDep node_modules/pm2 fsevents@2.3.3 OK for: chokidar@3.5.3 want: ~2.3.2
321 silly placeDep node_modules/pm2 glob-parent@5.1.2 OK for: chokidar@3.5.3 want: ~5.1.2
322 silly fetch manifest is-glob@^4.0.1
323 silly placeDep node_modules/pm2 is-binary-path@2.1.0 OK for: chokidar@3.5.3 want: ~2.1.0
324 silly fetch manifest binary-extensions@^2.0.0
325 silly placeDep node_modules/pm2 is-glob@4.0.3 OK for: chokidar@3.5.3 want: ~4.0.1
326 silly fetch manifest is-extglob@^2.1.1
327 silly placeDep node_modules/pm2 normalize-path@3.0.0 OK for: chokidar@3.5.3 want: ~3.0.0
328 silly placeDep node_modules/pm2 readdirp@3.6.0 OK for: chokidar@3.5.3 want: ~3.6.0
329 silly fetch manifest picomatch@^2.2.1
330 http fetch GET 200 https://registry.npmjs.org/picomatch 55ms (cache miss)
331 http fetch GET 200 https://registry.npmjs.org/is-extglob 47ms (cache miss)
332 http fetch GET 200 https://registry.npmjs.org/picomatch 46ms (cache miss)
333 http fetch GET 200 https://registry.npmjs.org/binary-extensions 55ms (cache miss)
334 http fetch GET 200 https://registry.npmjs.org/fill-range 69ms (cache miss)
335 timing idealTree:node_modules/pm2/node_modules/chokidar Completed in 83ms
336 silly placeDep node_modules/pm2 picomatch@2.3.1 OK for: anymatch@3.1.3 want: ^2.0.4
337 timing idealTree:node_modules/pm2/node_modules/anymatch Completed in 2ms
338 silly placeDep node_modules/pm2 fill-range@7.0.1 OK for: braces@3.0.2 want: ^7.0.1
339 silly fetch manifest to-regex-range@^5.0.1
340 http fetch GET 200 https://registry.npmjs.org/to-regex-range 31ms (cache miss)
341 timing idealTree:node_modules/pm2/node_modules/braces Completed in 39ms
342 timing idealTree:node_modules/pm2/node_modules/cli-tableau Completed in 0ms
343 silly placeDep node_modules/pm2 color-name@1.1.4 OK for: color-convert@2.0.1 want: ~1.1.4
344 timing idealTree:node_modules/pm2/node_modules/color-convert Completed in 2ms
345 timing idealTree:node_modules/pm2/node_modules/color-name Completed in 0ms
346 timing idealTree:node_modules/pm2/node_modules/commander Completed in 0ms
347 silly placeDep node_modules/pm2 async-listener@0.6.10 OK for: continuation-local-storage@3.2.1 want: ^0.6.0
348 silly fetch manifest semver@^5.3.0
349 silly placeDep node_modules/pm2 emitter-listener@1.1.2 OK for: continuation-local-storage@3.2.1 want: ^1.1.1
350 timing idealTree:node_modules/pm2/node_modules/continuation-local-storage Completed in 10ms
351 silly placeDep node_modules/pm2/node_modules/async-listener semver@5.7.2 OK for: async-listener@0.6.10 want: ^5.3.0
352 timing idealTree:node_modules/pm2/node_modules/async-listener Completed in 2ms
353 timing idealTree:node_modules/pm2/node_modules/croner Completed in 0ms
354 timing idealTree:node_modules/pm2/node_modules/dayjs Completed in 0ms
355 silly placeDep node_modules/pm2 ms@2.1.2 OK for: debug@4.3.4 want: 2.1.2
356 timing idealTree:node_modules/pm2/node_modules/debug Completed in 1ms
357 timing idealTree:node_modules/pm2/node_modules/emitter-listener Completed in 0ms
358 silly placeDep node_modules/pm2 ansi-colors@4.1.3 OK for: enquirer@2.3.6 want: ^4.1.1
359 timing idealTree:node_modules/pm2/node_modules/enquirer Completed in 2ms
360 timing idealTree:node_modules/pm2/node_modules/ansi-colors Completed in 0ms
361 timing idealTree:node_modules/pm2/node_modules/eventemitter2 Completed in 0ms
362 timing idealTree:node_modules/pm2/node_modules/fast-json-patch Completed in 0ms
363 timing idealTree:node_modules/pm2/node_modules/fclone Completed in 0ms
364 silly placeDep node_modules/pm2 to-regex-range@5.0.1 OK for: fill-range@7.0.1 want: ^5.0.1
365 silly fetch manifest is-number@^7.0.0
366 http fetch GET 200 https://registry.npmjs.org/is-number 56ms (cache miss)
367 timing idealTree:node_modules/pm2/node_modules/fill-range Completed in 59ms
368 timing idealTree:node_modules/pm2/node_modules/follow-redirects Completed in 0ms
369 timing idealTree:node_modules/pm2/node_modules/fsevents Completed in 0ms
370 timing idealTree:node_modules/pm2/node_modules/glob-parent Completed in 0ms
371 silly placeDep node_modules/pm2 binary-extensions@2.2.0 OK for: is-binary-path@2.1.0 want: ^2.0.0
372 timing idealTree:node_modules/pm2/node_modules/is-binary-path Completed in 2ms
373 timing idealTree:node_modules/pm2/node_modules/binary-extensions Completed in 0ms
374 silly placeDep node_modules/pm2 is-extglob@2.1.1 OK for: is-glob@4.0.3 want: ^2.1.1
375 timing idealTree:node_modules/pm2/node_modules/is-glob Completed in 1ms
376 timing idealTree:node_modules/pm2/node_modules/is-extglob Completed in 0ms
377 timing idealTree:node_modules/pm2/node_modules/log-driver Completed in 0ms
378 timing idealTree:node_modules/pm2/node_modules/mkdirp Completed in 0ms
379 timing idealTree:node_modules/pm2/node_modules/ms Completed in 0ms
380 silly placeDep node_modules/pm2/node_modules/needle debug@3.2.7 OK for: needle@2.4.0 want: ^3.2.6
381 silly placeDep node_modules/pm2 iconv-lite@0.4.24 OK for: needle@2.4.0 want: ^0.4.4
382 silly fetch manifest safer-buffer@>= 2.1.2 < 3
383 silly placeDep node_modules/pm2 sax@1.3.0 OK for: needle@2.4.0 want: ^1.2.4
384 http fetch GET 200 https://registry.npmjs.org/safer-buffer 35ms (cache miss)
385 timing idealTree:node_modules/pm2/node_modules/needle Completed in 45ms
386 silly placeDep node_modules/pm2 safer-buffer@2.1.2 OK for: iconv-lite@0.4.24 want: >= 2.1.2 < 3
387 timing idealTree:node_modules/pm2/node_modules/iconv-lite Completed in 1ms
388 timing idealTree:node_modules/pm2/node_modules/normalize-path Completed in 0ms
389 silly placeDep node_modules/pm2/node_modules/nssocket eventemitter2@0.4.14 OK for: nssocket@0.6.0 want: ~0.4.14
390 silly placeDep node_modules/pm2 lazy@1.0.11 OK for: nssocket@0.6.0 want: ~1.0.11
391 timing idealTree:node_modules/pm2/node_modules/nssocket Completed in 8ms
392 timing idealTree:node_modules/pm2/node_modules/lazy Completed in 0ms
393 timing idealTree:node_modules/pm2/node_modules/picomatch Completed in 0ms
394 silly placeDep node_modules/pm2 safe-buffer@5.2.1 OK for: pidusage@3.0.2 want: ^5.2.1
395 timing idealTree:node_modules/pm2/node_modules/pidusage Completed in 1ms
396 silly placeDep node_modules/pm2 amp@0.3.1 OK for: pm2-axon@4.0.1 want: ~0.3.1
397 silly placeDep node_modules/pm2 amp-message@0.1.2 OK for: pm2-axon@4.0.1 want: ~0.1.1
398 silly placeDep node_modules/pm2 escape-string-regexp@4.0.0 OK for: pm2-axon@4.0.1 want: ^4.0.0
399 timing idealTree:node_modules/pm2/node_modules/pm2-axon Completed in 10ms
400 timing idealTree:node_modules/pm2/node_modules/amp Completed in 0ms
401 timing idealTree:node_modules/pm2/node_modules/amp-message Completed in 0ms
402 timing idealTree:node_modules/pm2/node_modules/escape-string-regexp Completed in 0ms
403 timing idealTree:node_modules/pm2/node_modules/pm2-axon-rpc Completed in 1ms
404 silly placeDep node_modules/pm2 run-series@1.1.9 OK for: pm2-deploy@1.0.2 want: ^1.1.8
405 silly placeDep node_modules/pm2 tv4@1.3.0 OK for: pm2-deploy@1.0.2 want: ^1.3.0
406 timing idealTree:node_modules/pm2/node_modules/pm2-deploy Completed in 2ms
407 silly placeDep node_modules/pm2 charm@0.1.2 OK for: pm2-multimeter@0.1.2 want: ~0.1.1
408 timing idealTree:node_modules/pm2/node_modules/pm2-multimeter Completed in 1ms
409 timing idealTree:node_modules/pm2/node_modules/charm Completed in 0ms
410 silly placeDep node_modules/pm2/node_modules/pm2-sysmonit pidusage@2.0.21 OK for: pm2-sysmonit@1.2.8 want: ^2.0.21
411 silly placeDep node_modules/pm2 systeminformation@5.21.17 OK for: pm2-sysmonit@1.2.8 want: ^5.7
412 silly placeDep node_modules/pm2 tx2@1.0.5 OK for: pm2-sysmonit@1.2.8 want: ~1.0.4
413 silly fetch manifest json-stringify-safe@^5.0.1
414 http fetch GET 200 https://registry.npmjs.org/json-stringify-safe 47ms (cache miss)
415 timing idealTree:node_modules/pm2/node_modules/pm2-sysmonit Completed in 54ms
416 silly placeDep node_modules/pm2 read@1.0.7 OK for: promptly@2.2.0 want: ^1.0.4
417 silly fetch manifest mute-stream@~0.0.4
418 http fetch GET 200 https://registry.npmjs.org/mute-stream 23ms (cache miss)
419 timing idealTree:node_modules/pm2/node_modules/promptly Completed in 26ms
420 silly placeDep node_modules/pm2 agent-base@7.1.0 OK for: proxy-agent@6.3.1 want: ^7.0.2
421 silly placeDep node_modules/pm2 http-proxy-agent@7.0.0 OK for: proxy-agent@6.3.1 want: ^7.0.0
422 silly placeDep node_modules/pm2 https-proxy-agent@7.0.2 OK for: proxy-agent@6.3.1 want: ^7.0.2
423 silly placeDep node_modules/pm2 lru-cache@7.18.3 OK for: proxy-agent@6.3.1 want: ^7.14.1
424 silly placeDep node_modules/pm2 pac-proxy-agent@7.0.1 OK for: proxy-agent@6.3.1 want: ^7.0.1
425 silly fetch manifest @tootallnate/quickjs-emscripten@^0.23.0
426 silly fetch manifest get-uri@^6.0.1
427 silly fetch manifest pac-resolver@^7.0.0
428 silly placeDep node_modules/pm2 proxy-from-env@1.1.0 OK for: proxy-agent@6.3.1 want: ^1.1.0
429 silly placeDep node_modules/pm2 socks-proxy-agent@8.0.2 OK for: proxy-agent@6.3.1 want: ^8.0.2
430 silly fetch manifest socks@^2.7.1
431 http fetch GET 200 https://registry.npmjs.org/get-uri 39ms (cache miss)
432 http fetch GET 200 https://registry.npmjs.org/pac-resolver 47ms (cache miss)
433 http fetch GET 200 https://registry.npmjs.org/socks 46ms (cache miss)
434 http fetch GET 200 https://registry.npmjs.org/@tootallnate%2fquickjs-emscripten 63ms (cache miss)
435 timing idealTree:node_modules/pm2/node_modules/proxy-agent Completed in 86ms
436 timing idealTree:node_modules/pm2/node_modules/agent-base Completed in 0ms
437 timing idealTree:node_modules/pm2/node_modules/http-proxy-agent Completed in 0ms
438 timing idealTree:node_modules/pm2/node_modules/https-proxy-agent Completed in 0ms
439 timing idealTree:node_modules/pm2/node_modules/lru-cache Completed in 0ms
440 silly placeDep node_modules/pm2 @tootallnate/quickjs-emscripten@0.23.0 OK for: pac-proxy-agent@7.0.1 want: ^0.23.0
441 silly placeDep node_modules/pm2 get-uri@6.0.2 OK for: pac-proxy-agent@7.0.1 want: ^6.0.1
442 silly fetch manifest basic-ftp@^5.0.2
443 silly fetch manifest data-uri-to-buffer@^6.0.0
444 silly fetch manifest fs-extra@^8.1.0
445 silly placeDep node_modules/pm2 pac-resolver@7.0.0 OK for: pac-proxy-agent@7.0.1 want: ^7.0.0
446 silly fetch manifest degenerator@^5.0.0
447 silly fetch manifest ip@^1.1.8
448 silly fetch manifest netmask@^2.0.2
449 http fetch GET 200 https://registry.npmjs.org/netmask 38ms (cache miss)
450 http fetch GET 200 https://registry.npmjs.org/degenerator 49ms (cache miss)
451 http fetch GET 200 https://registry.npmjs.org/data-uri-to-buffer 60ms (cache miss)
452 http fetch GET 200 https://registry.npmjs.org/ip 55ms (cache miss)
453 http fetch GET 200 https://registry.npmjs.org/fs-extra 72ms (cache miss)
454 http fetch GET 200 https://registry.npmjs.org/basic-ftp 252ms (cache miss)
455 timing idealTree:node_modules/pm2/node_modules/pac-proxy-agent Completed in 259ms
456 timing idealTree:node_modules/pm2/node_modules/@tootallnate/quickjs-emscripten Completed in 0ms
457 silly placeDep node_modules/pm2 basic-ftp@5.0.3 OK for: get-uri@6.0.2 want: ^5.0.2
458 silly placeDep node_modules/pm2 data-uri-to-buffer@6.0.1 OK for: get-uri@6.0.2 want: ^6.0.0
459 silly placeDep node_modules/pm2 fs-extra@8.1.0 OK for: get-uri@6.0.2 want: ^8.1.0
460 silly fetch manifest graceful-fs@^4.2.0
461 silly fetch manifest jsonfile@^4.0.0
462 silly fetch manifest universalify@^0.1.0
463 http fetch GET 200 https://registry.npmjs.org/jsonfile 31ms (cache miss)
464 http fetch GET 200 https://registry.npmjs.org/universalify 44ms (cache miss)
465 http fetch GET 200 https://registry.npmjs.org/graceful-fs 46ms (cache miss)
466 timing idealTree:node_modules/pm2/node_modules/get-uri Completed in 54ms
467 timing idealTree:node_modules/pm2/node_modules/basic-ftp Completed in 0ms
468 timing idealTree:node_modules/pm2/node_modules/data-uri-to-buffer Completed in 0ms
469 silly placeDep node_modules/pm2 graceful-fs@4.2.11 OK for: fs-extra@8.1.0 want: ^4.2.0
470 silly placeDep node_modules/pm2 jsonfile@4.0.0 OK for: fs-extra@8.1.0 want: ^4.0.0
471 silly placeDep node_modules/pm2 universalify@0.1.2 OK for: fs-extra@8.1.0 want: ^0.1.0
472 timing idealTree:node_modules/pm2/node_modules/fs-extra Completed in 8ms
473 timing idealTree:node_modules/pm2/node_modules/graceful-fs Completed in 0ms
474 timing idealTree:node_modules/pm2/node_modules/jsonfile Completed in 0ms
475 silly placeDep node_modules/pm2 degenerator@5.0.1 OK for: pac-resolver@7.0.0 want: ^5.0.0
476 silly fetch manifest ast-types@^0.13.4
477 silly fetch manifest escodegen@^2.1.0
478 silly fetch manifest esprima@^4.0.1
479 silly placeDep node_modules/pm2 ip@1.1.8 OK for: pac-resolver@7.0.0 want: ^1.1.8
480 silly placeDep node_modules/pm2 netmask@2.0.2 OK for: pac-resolver@7.0.0 want: ^2.0.2
481 http fetch GET 200 https://registry.npmjs.org/ast-types 32ms (cache miss)
482 http fetch GET 200 https://registry.npmjs.org/esprima 40ms (cache miss)
483 http fetch GET 200 https://registry.npmjs.org/escodegen 48ms (cache miss)
484 timing idealTree:node_modules/pm2/node_modules/pac-resolver Completed in 56ms
485 silly placeDep node_modules/pm2 ast-types@0.13.4 OK for: degenerator@5.0.1 want: ^0.13.4
486 silly fetch manifest tslib@^2.0.1
487 silly placeDep node_modules/pm2 escodegen@2.1.0 OK for: degenerator@5.0.1 want: ^2.1.0
488 silly fetch manifest estraverse@^5.2.0
489 silly fetch manifest esutils@^2.0.2
490 silly fetch manifest source-map@~0.6.1
491 silly placeDep node_modules/pm2 esprima@4.0.1 OK for: degenerator@5.0.1 want: ^4.0.1
492 http fetch GET 200 https://registry.npmjs.org/esutils 39ms (cache miss)
493 http fetch GET 200 https://registry.npmjs.org/estraverse 40ms (cache miss)
494 timing idealTree:node_modules/pm2/node_modules/degenerator Completed in 49ms
495 silly placeDep node_modules/pm2/node_modules/ast-types tslib@2.6.2 OK for: ast-types@0.13.4 want: ^2.0.1
496 timing idealTree:node_modules/pm2/node_modules/ast-types Completed in 6ms
497 silly placeDep node_modules/pm2 estraverse@5.3.0 OK for: escodegen@2.1.0 want: ^5.2.0
498 silly placeDep node_modules/pm2 esutils@2.0.3 OK for: escodegen@2.1.0 want: ^2.0.2
499 silly placeDep node_modules/pm2 source-map@0.6.1 OK for: escodegen@2.1.0 want: ~0.6.1
500 timing idealTree:node_modules/pm2/node_modules/escodegen Completed in 9ms
501 timing idealTree:node_modules/pm2/node_modules/esprima Completed in 0ms
502 timing idealTree:node_modules/pm2/node_modules/estraverse Completed in 0ms
503 timing idealTree:node_modules/pm2/node_modules/esutils Completed in 0ms
504 timing idealTree:node_modules/pm2/node_modules/ip Completed in 0ms
505 timing idealTree:node_modules/pm2/node_modules/netmask Completed in 0ms
506 timing idealTree:node_modules/pm2/node_modules/proxy-from-env Completed in 0ms
507 silly placeDep node_modules/pm2 mute-stream@0.0.8 OK for: read@1.0.7 want: ~0.0.4
508 timing idealTree:node_modules/pm2/node_modules/read Completed in 2ms
509 timing idealTree:node_modules/pm2/node_modules/mute-stream Completed in 0ms
510 timing idealTree:node_modules/pm2/node_modules/readdirp Completed in 0ms
511 silly placeDep node_modules/pm2 module-details-from-path@1.0.3 OK for: require-in-the-middle@5.2.0 want: ^1.0.3
512 silly placeDep node_modules/pm2 resolve@1.22.8 OK for: require-in-the-middle@5.2.0 want: ^1.22.1
513 silly fetch manifest is-core-module@^2.13.0
514 silly fetch manifest path-parse@^1.0.7
515 silly fetch manifest supports-preserve-symlinks-flag@^1.0.0
516 http fetch GET 200 https://registry.npmjs.org/path-parse 38ms (cache miss)
517 http fetch GET 200 https://registry.npmjs.org/is-core-module 38ms (cache miss)
518 http fetch GET 200 https://registry.npmjs.org/supports-preserve-symlinks-flag 56ms (cache miss)
519 timing idealTree:node_modules/pm2/node_modules/require-in-the-middle Completed in 60ms
520 timing idealTree:node_modules/pm2/node_modules/module-details-from-path Completed in 0ms
521 silly placeDep node_modules/pm2 is-core-module@2.13.1 OK for: resolve@1.22.8 want: ^2.13.0
522 silly fetch manifest hasown@^2.0.0
523 silly placeDep node_modules/pm2 path-parse@1.0.7 OK for: resolve@1.22.8 want: ^1.0.7
524 silly placeDep node_modules/pm2 supports-preserve-symlinks-flag@1.0.0 OK for: resolve@1.22.8 want: ^1.0.0
525 http fetch GET 200 https://registry.npmjs.org/hasown 41ms (cache miss)
526 timing idealTree:node_modules/pm2/node_modules/resolve Completed in 44ms
527 silly placeDep node_modules/pm2 hasown@2.0.0 OK for: is-core-module@2.13.1 want: ^2.0.0
528 silly fetch manifest function-bind@^1.1.2
529 http fetch GET 200 https://registry.npmjs.org/function-bind 23ms (cache miss)
530 timing idealTree:node_modules/pm2/node_modules/is-core-module Completed in 33ms
531 silly placeDep node_modules/pm2 function-bind@1.1.2 OK for: hasown@2.0.0 want: ^1.1.2
532 timing idealTree:node_modules/pm2/node_modules/hasown Completed in 1ms
533 timing idealTree:node_modules/pm2/node_modules/function-bind Completed in 0ms
534 timing idealTree:node_modules/pm2/node_modules/path-parse Completed in 0ms
535 timing idealTree:node_modules/pm2/node_modules/run-series Completed in 0ms
536 timing idealTree:node_modules/pm2/node_modules/safe-buffer Completed in 0ms
537 timing idealTree:node_modules/pm2/node_modules/safer-buffer Completed in 0ms
538 timing idealTree:node_modules/pm2/node_modules/sax Completed in 0ms
539 silly placeDep node_modules/pm2/node_modules/semver lru-cache@6.0.0 OK for: semver@7.5.4 want: ^6.0.0
540 silly fetch manifest yallist@^4.0.0
541 http fetch GET 200 https://registry.npmjs.org/yallist 36ms (cache miss)
542 timing idealTree:node_modules/pm2/node_modules/semver Completed in 51ms
543 timing idealTree:node_modules/pm2/node_modules/shimmer Completed in 0ms
544 timing idealTree:node_modules/pm2/node_modules/signal-exit Completed in 0ms
545 silly placeDep node_modules/pm2 socks@2.7.1 OK for: socks-proxy-agent@8.0.2 want: ^2.7.1
546 silly fetch manifest ip@^2.0.0
547 silly fetch manifest smart-buffer@^4.2.0
548 http fetch GET 200 https://registry.npmjs.org/smart-buffer 28ms (cache miss)
549 timing idealTree:node_modules/pm2/node_modules/socks-proxy-agent Completed in 35ms
550 silly placeDep node_modules/pm2/node_modules/socks ip@2.0.0 OK for: socks@2.7.1 want: ^2.0.0
551 silly placeDep node_modules/pm2 smart-buffer@4.2.0 OK for: socks@2.7.1 want: ^4.2.0
552 timing idealTree:node_modules/pm2/node_modules/socks Completed in 3ms
553 timing idealTree:node_modules/pm2/node_modules/smart-buffer Completed in 0ms
554 timing idealTree:node_modules/pm2/node_modules/source-map Completed in 0ms
555 silly placeDep node_modules/pm2 buffer-from@1.1.2 OK for: source-map-support@0.5.21 want: ^1.0.0
556 timing idealTree:node_modules/pm2/node_modules/source-map-support Completed in 6ms
557 timing idealTree:node_modules/pm2/node_modules/buffer-from Completed in 0ms
558 timing idealTree:node_modules/pm2/node_modules/sprintf-js Completed in 0ms
559 silly placeDep node_modules/pm2 has-flag@4.0.0 OK for: supports-color@7.2.0 want: ^4.0.0
560 timing idealTree:node_modules/pm2/node_modules/supports-color Completed in 6ms
561 timing idealTree:node_modules/pm2/node_modules/has-flag Completed in 0ms
562 timing idealTree:node_modules/pm2/node_modules/supports-preserve-symlinks-flag Completed in 0ms
563 timing idealTree:node_modules/pm2/node_modules/systeminformation Completed in 0ms
564 silly placeDep node_modules/pm2 is-number@7.0.0 OK for: to-regex-range@5.0.1 want: ^7.0.0
565 timing idealTree:node_modules/pm2/node_modules/to-regex-range Completed in 1ms
566 timing idealTree:node_modules/pm2/node_modules/is-number Completed in 0ms
567 timing idealTree:node_modules/pm2/node_modules/tslib Completed in 0ms
568 timing idealTree:node_modules/pm2/node_modules/tv4 Completed in 0ms
569 silly placeDep node_modules/pm2 json-stringify-safe@5.0.1 OK for: tx2@1.0.5 want: ^5.0.1
570 timing idealTree:node_modules/pm2/node_modules/tx2 Completed in 1ms
571 timing idealTree:node_modules/pm2/node_modules/json-stringify-safe Completed in 1ms
572 timing idealTree:node_modules/pm2/node_modules/universalify Completed in 0ms
573 timing idealTree:node_modules/pm2/node_modules/uuid Completed in 0ms
574 silly placeDep node_modules/pm2/node_modules/vizion async@2.6.4 OK for: vizion@2.2.1 want: ^2.6.3
575 silly placeDep node_modules/pm2 git-node-fs@1.0.0 OK for: vizion@2.2.1 want: ^1.0.0
576 silly placeDep node_modules/pm2 ini@1.3.8 OK for: vizion@2.2.1 want: ^1.3.5
577 silly placeDep node_modules/pm2 js-git@0.7.8 OK for: vizion@2.2.1 want: ^0.7.8
578 silly fetch manifest bodec@^0.1.0
579 silly fetch manifest culvert@^0.1.2
580 silly fetch manifest git-sha1@^0.1.2
581 silly fetch manifest pako@^0.2.5
582 http fetch GET 200 https://registry.npmjs.org/culvert 40ms (cache miss)
583 http fetch GET 200 https://registry.npmjs.org/bodec 45ms (cache miss)
584 http fetch GET 200 https://registry.npmjs.org/git-sha1 45ms (cache miss)
585 http fetch GET 200 https://registry.npmjs.org/pako 45ms (cache miss)
586 timing idealTree:node_modules/pm2/node_modules/vizion Completed in 53ms
587 timing idealTree:node_modules/pm2/node_modules/git-node-fs Completed in 0ms
588 timing idealTree:node_modules/pm2/node_modules/ini Completed in 0ms
589 silly placeDep node_modules/pm2 bodec@0.1.0 OK for: js-git@0.7.8 want: ^0.1.0
590 silly placeDep node_modules/pm2 culvert@0.1.2 OK for: js-git@0.7.8 want: ^0.1.2
591 silly placeDep node_modules/pm2 git-sha1@0.1.2 OK for: js-git@0.7.8 want: ^0.1.2
592 silly placeDep node_modules/pm2 pako@0.2.9 OK for: js-git@0.7.8 want: ^0.2.5
593 timing idealTree:node_modules/pm2/node_modules/js-git Completed in 6ms
594 timing idealTree:node_modules/pm2/node_modules/bodec Completed in 0ms
595 timing idealTree:node_modules/pm2/node_modules/culvert Completed in 0ms
596 timing idealTree:node_modules/pm2/node_modules/git-sha1 Completed in 0ms
597 timing idealTree:node_modules/pm2/node_modules/pako Completed in 0ms
598 timing idealTree:node_modules/pm2/node_modules/ws Completed in 0ms
599 silly placeDep node_modules/pm2 argparse@1.0.10 OK for: yamljs@0.3.0 want: ^1.0.7
600 silly fetch manifest sprintf-js@~1.0.2
601 silly placeDep node_modules/pm2 glob@7.2.3 OK for: yamljs@0.3.0 want: ^7.0.5
602 silly fetch manifest fs.realpath@^1.0.0
603 silly fetch manifest inflight@^1.0.4
604 silly fetch manifest inherits@2
605 silly fetch manifest minimatch@^3.1.1
606 silly fetch manifest once@^1.3.0
607 silly fetch manifest path-is-absolute@^1.0.0
608 http fetch GET 200 https://registry.npmjs.org/path-is-absolute 56ms (cache miss)
609 http fetch GET 200 https://registry.npmjs.org/fs.realpath 62ms (cache miss)
610 http fetch GET 200 https://registry.npmjs.org/inherits 62ms (cache miss)
611 http fetch GET 200 https://registry.npmjs.org/once 61ms (cache miss)
612 http fetch GET 200 https://registry.npmjs.org/inflight 63ms (cache miss)
613 http fetch GET 200 https://registry.npmjs.org/minimatch 64ms (cache miss)
614 timing idealTree:node_modules/pm2/node_modules/yamljs Completed in 78ms
615 silly placeDep node_modules/pm2/node_modules/argparse sprintf-js@1.0.3 OK for: argparse@1.0.10 want: ~1.0.2
616 timing idealTree:node_modules/pm2/node_modules/argparse Completed in 2ms
617 silly placeDep node_modules/pm2 fs.realpath@1.0.0 OK for: glob@7.2.3 want: ^1.0.0
618 silly placeDep node_modules/pm2 inflight@1.0.6 OK for: glob@7.2.3 want: ^1.0.4
619 silly fetch manifest wrappy@1
620 silly placeDep node_modules/pm2 inherits@2.0.4 OK for: glob@7.2.3 want: 2
621 silly placeDep node_modules/pm2 minimatch@3.1.2 OK for: glob@7.2.3 want: ^3.1.1
622 silly fetch manifest brace-expansion@^1.1.7
623 silly placeDep node_modules/pm2 once@1.4.0 OK for: glob@7.2.3 want: ^1.3.0
624 silly placeDep node_modules/pm2 path-is-absolute@1.0.1 OK for: glob@7.2.3 want: ^1.0.0
625 http fetch GET 200 https://registry.npmjs.org/brace-expansion 41ms (cache miss)
626 http fetch GET 200 https://registry.npmjs.org/wrappy 44ms (cache miss)
627 timing idealTree:node_modules/pm2/node_modules/glob Completed in 50ms
628 timing idealTree:node_modules/pm2/node_modules/fs.realpath Completed in 0ms
629 silly placeDep node_modules/pm2 wrappy@1.0.2 OK for: inflight@1.0.6 want: 1
630 timing idealTree:node_modules/pm2/node_modules/inflight Completed in 1ms
631 timing idealTree:node_modules/pm2/node_modules/inherits Completed in 0ms
632 silly placeDep node_modules/pm2 brace-expansion@1.1.11 OK for: minimatch@3.1.2 want: ^1.1.7
633 silly fetch manifest balanced-match@^1.0.0
634 silly fetch manifest concat-map@0.0.1
635 http fetch GET 200 https://registry.npmjs.org/concat-map 29ms (cache miss)
636 http fetch GET 200 https://registry.npmjs.org/balanced-match 37ms (cache miss)
637 timing idealTree:node_modules/pm2/node_modules/minimatch Completed in 38ms
638 silly placeDep node_modules/pm2 balanced-match@1.0.2 OK for: brace-expansion@1.1.11 want: ^1.0.0
639 silly placeDep node_modules/pm2 concat-map@0.0.1 OK for: brace-expansion@1.1.11 want: 0.0.1
640 timing idealTree:node_modules/pm2/node_modules/brace-expansion Completed in 8ms
641 timing idealTree:node_modules/pm2/node_modules/balanced-match Completed in 0ms
642 timing idealTree:node_modules/pm2/node_modules/concat-map Completed in 0ms
643 timing idealTree:node_modules/pm2/node_modules/once Completed in 0ms
644 timing idealTree:node_modules/pm2/node_modules/path-is-absolute Completed in 0ms
645 timing idealTree:node_modules/pm2/node_modules/wrappy Completed in 0ms
646 timing idealTree:node_modules/pm2/node_modules/@opencensus/core/node_modules/semver Completed in 0ms
647 silly placeDep node_modules/pm2/node_modules/@opencensus/propagation-b3 semver@5.7.2 OK for: @opencensus/core@0.0.8 want: ^5.5.0
648 timing idealTree:node_modules/pm2/node_modules/@opencensus/propagation-b3/node_modules/@opencensus/core Completed in 2ms
649 timing idealTree:node_modules/pm2/node_modules/@opencensus/propagation-b3/node_modules/semver Completed in 0ms
650 timing idealTree:node_modules/pm2/node_modules/@pm2/agent/node_modules/dayjs Completed in 0ms
651 silly placeDep node_modules/pm2 lodash@4.17.21 OK for: async@2.6.4 want: ^4.17.14
652 timing idealTree:node_modules/pm2/node_modules/@pm2/io/node_modules/async Completed in 6ms
653 timing idealTree:node_modules/pm2/node_modules/lodash Completed in 0ms
654 timing idealTree:node_modules/pm2/node_modules/@pm2/io/node_modules/eventemitter2 Completed in 0ms
655 timing idealTree:node_modules/pm2/node_modules/@pm2/js-api/node_modules/async Completed in 0ms
656 timing idealTree:node_modules/pm2/node_modules/@pm2/js-api/node_modules/eventemitter2 Completed in 0ms
657 timing idealTree:node_modules/pm2/node_modules/argparse/node_modules/sprintf-js Completed in 0ms
658 timing idealTree:node_modules/pm2/node_modules/ast-types/node_modules/tslib Completed in 0ms
659 timing idealTree:node_modules/pm2/node_modules/async-listener/node_modules/semver Completed in 0ms
660 timing idealTree:node_modules/pm2/node_modules/needle/node_modules/debug Completed in 0ms
661 timing idealTree:node_modules/pm2/node_modules/nssocket/node_modules/eventemitter2 Completed in 0ms
662 timing idealTree:node_modules/pm2/node_modules/pm2-sysmonit/node_modules/pidusage Completed in 0ms
663 silly placeDep node_modules/pm2 yallist@4.0.0 OK for: lru-cache@6.0.0 want: ^4.0.0
664 timing idealTree:node_modules/pm2/node_modules/semver/node_modules/lru-cache Completed in 2ms
665 timing idealTree:node_modules/pm2/node_modules/yallist Completed in 0ms
666 timing idealTree:node_modules/pm2/node_modules/socks/node_modules/ip Completed in 0ms
667 timing idealTree:node_modules/pm2/node_modules/vizion/node_modules/async Completed in 0ms
668 timing idealTree:buildDeps Completed in 4169ms
669 timing idealTree:fixDepFlags Completed in 3ms
670 timing idealTree Completed in 4201ms
671 timing reify:loadTrees Completed in 4203ms
672 timing reify:diffTrees Completed in 6ms
673 silly reify moves {}
674 timing reify:retireShallow Completed in 1ms
675 timing reify:rollback:createSparse Completed in 0ms
676 timing reify:rollback:retireShallow Completed in 0ms
677 timing command:i Completed in 4384ms
678 notice
678 notice New [32mpatch[39m version of npm available! [31m10.2.0[39m -> [32m10.2.3[39m
678 notice Changelog: [36mhttps://github.com/npm/cli/releases/tag/v10.2.3[39m
678 notice Run [32mnpm install -g npm@10.2.3[39m to update!
678 notice
679 verbose stack Error: EACCES: permission denied, mkdir '/usr/local/lib/node_modules/pm2'
680 verbose cwd /home/ubuntu
681 verbose Linux 6.2.0-1012-aws
682 verbose node v21.1.0
683 verbose npm  v10.2.0
684 error code EACCES
685 error syscall mkdir
686 error path /usr/local/lib/node_modules/pm2
687 error errno -13
688 error [Error: EACCES: permission denied, mkdir '/usr/local/lib/node_modules/pm2'] {
688 error   errno: -13,
688 error   code: 'EACCES',
688 error   syscall: 'mkdir',
688 error   path: '/usr/local/lib/node_modules/pm2'
688 error }
689 error
689 error The operation was rejected by your operating system.
689 error It is likely you do not have the permissions to access this file as the current user
689 error
689 error If you believe this might be a permissions issue, please double-check the
689 error permissions of the file and its containing directories, or try running
689 error the command again as root/Administrator.
690 verbose exit -13
691 timing npm Completed in 5081ms
692 verbose unfinished npm timer reify 1699961027089
693 verbose unfinished npm timer reify:createSparse 1699961031420
694 verbose code -13
695 error A complete log of this run can be found in: /home/ubuntu/.npm/_logs/2023-11-14T11_23_46_393Z-debug-0.log
