0 verbose cli /usr/local/bin/node /usr/local/bin/npm
1 info using npm@10.2.0
2 info using node@v21.1.0
3 timing npm:load:whichnode Completed in 26ms
4 timing config:load:defaults Completed in 2ms
5 timing config:load:file:/usr/local/lib/node_modules/npm/npmrc Completed in 7ms
6 timing config:load:builtin Completed in 7ms
7 timing config:load:cli Completed in 3ms
8 timing config:load:env Completed in 1ms
9 timing config:load:project Completed in 4ms
10 timing config:load:file:/home/ubuntu/.npmrc Completed in 0ms
11 timing config:load:user Completed in 0ms
12 timing config:load:file:/usr/local/etc/npmrc Completed in 3ms
13 timing config:load:global Completed in 3ms
14 timing config:load:setEnvs Completed in 1ms
15 timing config:load Completed in 22ms
16 timing npm:load:configload Completed in 22ms
17 timing config:load:flatten Completed in 6ms
18 timing npm:load:mkdirpcache Completed in 3ms
19 timing npm:load:mkdirplogs Completed in 0ms
20 verbose title npm i serve
21 verbose argv "i" "--global" "serve"
22 timing npm:load:setTitle Completed in 1ms
23 timing npm:load:display Completed in 1ms
24 verbose logfile logs-max:10 dir:/home/ubuntu/.npm/_logs/2024-02-13T04_47_27_616Z-
25 verbose logfile /home/ubuntu/.npm/_logs/2024-02-13T04_47_27_616Z-debug-0.log
26 timing npm:load:logFile Completed in 26ms
27 timing npm:load:timers Completed in 0ms
28 timing npm:load:configScope Completed in 1ms
29 timing npm:load Completed in 116ms
30 timing config:load:flatten Completed in 0ms
31 timing arborist:ctor Completed in 1ms
32 silly logfile start cleaning logs, removing 1 files
33 silly logfile done cleaning log files
34 timing idealTree:init Completed in 15ms
35 timing idealTree:userRequests Completed in 3ms
36 silly idealTree buildDeps
37 silly fetch manifest serve@*
38 http fetch GET 200 https://registry.npmjs.org/serve 190ms (cache miss)
39 silly placeDep ROOT serve@14.2.1 OK for:  want: *
40 silly fetch manifest @zeit/schemas@2.29.0
41 silly fetch manifest ajv@8.11.0
42 silly fetch manifest arg@5.0.2
43 silly fetch manifest boxen@7.0.0
44 silly fetch manifest chalk@5.0.1
45 silly fetch manifest chalk-template@0.4.0
46 silly fetch manifest clipboardy@3.0.0
47 silly fetch manifest compression@1.7.4
48 silly fetch manifest is-port-reachable@4.0.0
49 silly fetch manifest serve-handler@6.1.5
50 silly fetch manifest update-check@1.5.4
51 http fetch GET 200 https://registry.npmjs.org/is-port-reachable 243ms (cache miss)
52 http fetch GET 200 https://registry.npmjs.org/update-check 243ms (cache miss)
53 http fetch GET 200 https://registry.npmjs.org/chalk-template 246ms (cache miss)
54 http fetch GET 200 https://registry.npmjs.org/clipboardy 253ms (cache miss)
55 http fetch GET 200 https://registry.npmjs.org/arg 257ms (cache miss)
56 http fetch GET 200 https://registry.npmjs.org/compression 254ms (cache miss)
57 http fetch GET 200 https://registry.npmjs.org/boxen 262ms (cache miss)
58 http fetch GET 200 https://registry.npmjs.org/ajv 279ms (cache miss)
59 http fetch GET 200 https://registry.npmjs.org/chalk 434ms (cache updated)
60 http fetch GET 200 https://registry.npmjs.org/@zeit%2fschemas 621ms (cache miss)
61 http fetch GET 200 https://registry.npmjs.org/serve-handler 1221ms (cache miss)
62 timing idealTree:#root Completed in 1438ms
63 silly placeDep node_modules/serve @zeit/schemas@2.29.0 OK for: serve@14.2.1 want: 2.29.0
64 silly placeDep node_modules/serve ajv@8.11.0 OK for: serve@14.2.1 want: 8.11.0
65 silly fetch manifest fast-deep-equal@^3.1.1
66 silly fetch manifest json-schema-traverse@^1.0.0
67 silly fetch manifest require-from-string@^2.0.2
68 silly fetch manifest uri-js@^4.2.2
69 silly placeDep node_modules/serve arg@5.0.2 OK for: serve@14.2.1 want: 5.0.2
70 silly placeDep node_modules/serve boxen@7.0.0 OK for: serve@14.2.1 want: 7.0.0
71 silly fetch manifest ansi-align@^3.0.1
72 silly fetch manifest camelcase@^7.0.0
73 silly fetch manifest chalk@^5.0.1
74 silly fetch manifest cli-boxes@^3.0.0
75 silly fetch manifest string-width@^5.1.2
76 silly fetch manifest type-fest@^2.13.0
77 silly fetch manifest widest-line@^4.0.1
78 silly fetch manifest wrap-ansi@^8.0.1
79 silly placeDep node_modules/serve chalk@5.0.1 OK for: serve@14.2.1 want: 5.0.1
80 silly placeDep node_modules/serve chalk-template@0.4.0 OK for: serve@14.2.1 want: 0.4.0
81 silly fetch manifest chalk@^4.1.2
82 silly placeDep node_modules/serve clipboardy@3.0.0 OK for: serve@14.2.1 want: 3.0.0
83 silly fetch manifest arch@^2.2.0
84 silly fetch manifest execa@^5.1.1
85 silly fetch manifest is-wsl@^2.2.0
86 silly placeDep node_modules/serve compression@1.7.4 OK for: serve@14.2.1 want: 1.7.4
87 silly fetch manifest accepts@~1.3.5
88 silly fetch manifest bytes@3.0.0
89 silly fetch manifest compressible@~2.0.16
90 silly fetch manifest debug@2.6.9
91 silly fetch manifest on-headers@~1.0.2
92 silly fetch manifest safe-buffer@5.1.2
93 silly fetch manifest vary@~1.1.2
94 silly placeDep node_modules/serve is-port-reachable@4.0.0 OK for: serve@14.2.1 want: 4.0.0
95 silly placeDep node_modules/serve serve-handler@6.1.5 OK for: serve@14.2.1 want: 6.1.5
96 silly fetch manifest content-disposition@0.5.2
97 silly fetch manifest fast-url-parser@1.1.3
98 silly fetch manifest mime-types@2.1.18
99 silly fetch manifest minimatch@3.1.2
100 silly fetch manifest path-is-inside@1.0.2
101 silly fetch manifest path-to-regexp@2.2.1
102 silly fetch manifest range-parser@1.2.0
103 silly placeDep node_modules/serve update-check@1.5.4 OK for: serve@14.2.1 want: 1.5.4
104 silly fetch manifest registry-auth-token@3.3.2
105 silly fetch manifest registry-url@3.1.0
106 http fetch GET 200 https://registry.npmjs.org/require-from-string 422ms (cache miss)
107 http fetch GET 200 https://registry.npmjs.org/widest-line 418ms (cache miss)
108 http fetch GET 200 https://registry.npmjs.org/ansi-align 421ms (cache miss)
109 http fetch GET 200 https://registry.npmjs.org/cli-boxes 427ms (cache miss)
110 http fetch GET 200 https://registry.npmjs.org/json-schema-traverse 431ms (cache miss)
111 http fetch GET 200 https://registry.npmjs.org/string-width 427ms (cache miss)
112 http fetch GET 200 https://registry.npmjs.org/uri-js 432ms (cache miss)
113 http fetch GET 200 https://registry.npmjs.org/path-is-inside 428ms (cache miss)
114 http fetch GET 200 https://registry.npmjs.org/vary 431ms (cache miss)
115 http fetch GET 200 https://registry.npmjs.org/on-headers 433ms (cache miss)
116 http fetch GET 200 https://registry.npmjs.org/fast-deep-equal 450ms (cache miss)
117 http fetch GET 200 https://registry.npmjs.org/is-wsl 442ms (cache miss)
118 http fetch GET 200 https://registry.npmjs.org/range-parser 435ms (cache miss)
119 http fetch GET 200 https://registry.npmjs.org/arch 443ms (cache miss)
120 http fetch GET 200 https://registry.npmjs.org/fast-url-parser 438ms (cache miss)
121 http fetch GET 200 https://registry.npmjs.org/camelcase 453ms (cache miss)
122 http fetch GET 200 https://registry.npmjs.org/bytes 447ms (cache miss)
123 http fetch GET 200 https://registry.npmjs.org/wrap-ansi 454ms (cache miss)
124 http fetch GET 200 https://registry.npmjs.org/content-disposition 445ms (cache miss)
125 http fetch GET 200 https://registry.npmjs.org/registry-url 450ms (cache miss)
126 http fetch GET 200 https://registry.npmjs.org/compressible 458ms (cache miss)
127 http fetch GET 200 https://registry.npmjs.org/accepts 467ms (cache miss)
128 http fetch GET 200 https://registry.npmjs.org/registry-auth-token 461ms (cache miss)
129 http fetch GET 200 https://registry.npmjs.org/safe-buffer 474ms (cache revalidated)
130 http fetch GET 200 https://registry.npmjs.org/debug 476ms (cache revalidated)
131 http fetch GET 200 https://registry.npmjs.org/minimatch 473ms (cache revalidated)
132 http fetch GET 200 https://registry.npmjs.org/path-to-regexp 479ms (cache miss)
133 http fetch GET 200 https://registry.npmjs.org/mime-types 481ms (cache miss)
134 http fetch GET 200 https://registry.npmjs.org/type-fest 497ms (cache miss)
135 http fetch GET 200 https://registry.npmjs.org/execa 501ms (cache miss)
136 timing idealTree:node_modules/serve Completed in 538ms
137 timing idealTree:node_modules/serve/node_modules/@zeit/schemas Completed in 0ms
138 silly placeDep node_modules/serve fast-deep-equal@3.1.3 OK for: ajv@8.11.0 want: ^3.1.1
139 silly placeDep node_modules/serve json-schema-traverse@1.0.0 OK for: ajv@8.11.0 want: ^1.0.0
140 silly placeDep node_modules/serve require-from-string@2.0.2 OK for: ajv@8.11.0 want: ^2.0.2
141 silly placeDep node_modules/serve uri-js@4.4.1 OK for: ajv@8.11.0 want: ^4.2.2
142 silly fetch manifest punycode@^2.1.0
143 http fetch GET 200 https://registry.npmjs.org/punycode 52ms (cache miss)
144 timing idealTree:node_modules/serve/node_modules/ajv Completed in 63ms
145 timing idealTree:node_modules/serve/node_modules/arg Completed in 0ms
146 silly placeDep node_modules/serve ansi-align@3.0.1 OK for: boxen@7.0.0 want: ^3.0.1
147 silly fetch manifest string-width@^4.1.0
148 silly placeDep node_modules/serve camelcase@7.0.1 OK for: boxen@7.0.0 want: ^7.0.0
149 silly placeDep node_modules/serve cli-boxes@3.0.0 OK for: boxen@7.0.0 want: ^3.0.0
150 silly placeDep node_modules/serve string-width@5.1.2 OK for: boxen@7.0.0 want: ^5.1.2
151 silly fetch manifest eastasianwidth@^0.2.0
152 silly fetch manifest emoji-regex@^9.2.2
153 silly fetch manifest strip-ansi@^7.0.1
154 silly placeDep node_modules/serve type-fest@2.19.0 OK for: boxen@7.0.0 want: ^2.13.0
155 silly placeDep node_modules/serve widest-line@4.0.1 OK for: boxen@7.0.0 want: ^4.0.1
156 silly placeDep node_modules/serve wrap-ansi@8.1.0 OK for: boxen@7.0.0 want: ^8.0.1
157 silly fetch manifest ansi-styles@^6.1.0
158 http fetch GET 200 https://registry.npmjs.org/eastasianwidth 55ms (cache miss)
159 http fetch GET 200 https://registry.npmjs.org/emoji-regex 57ms (cache miss)
160 http fetch GET 200 https://registry.npmjs.org/strip-ansi 62ms (cache miss)
161 http fetch GET 200 https://registry.npmjs.org/ansi-styles 59ms (cache revalidated)
162 timing idealTree:node_modules/serve/node_modules/boxen Completed in 81ms
163 silly placeDep node_modules/serve/node_modules/ansi-align string-width@4.2.3 OK for: ansi-align@3.0.1 want: ^4.1.0
164 silly fetch manifest emoji-regex@^8.0.0
165 silly fetch manifest is-fullwidth-code-point@^3.0.0
166 silly fetch manifest strip-ansi@^6.0.1
167 http fetch GET 200 https://registry.npmjs.org/is-fullwidth-code-point 49ms (cache miss)
168 timing idealTree:node_modules/serve/node_modules/ansi-align Completed in 58ms
169 timing idealTree:node_modules/serve/node_modules/camelcase Completed in 0ms
170 timing idealTree:node_modules/serve/node_modules/chalk Completed in 0ms
171 silly placeDep node_modules/serve/node_modules/chalk-template chalk@4.1.2 OK for: chalk-template@0.4.0 want: ^4.1.2
172 silly fetch manifest ansi-styles@^4.1.0
173 silly fetch manifest supports-color@^7.1.0
174 http fetch GET 200 https://registry.npmjs.org/supports-color 32ms (cache revalidated)
175 timing idealTree:node_modules/serve/node_modules/chalk-template Completed in 36ms
176 timing idealTree:node_modules/serve/node_modules/cli-boxes Completed in 0ms
177 silly placeDep node_modules/serve arch@2.2.0 OK for: clipboardy@3.0.0 want: ^2.2.0
178 silly placeDep node_modules/serve execa@5.1.1 OK for: clipboardy@3.0.0 want: ^5.1.1
179 silly fetch manifest cross-spawn@^7.0.3
180 silly fetch manifest get-stream@^6.0.0
181 silly fetch manifest human-signals@^2.1.0
182 silly fetch manifest is-stream@^2.0.0
183 silly fetch manifest merge-stream@^2.0.0
184 silly fetch manifest npm-run-path@^4.0.1
185 silly fetch manifest onetime@^5.1.2
186 silly fetch manifest signal-exit@^3.0.3
187 silly fetch manifest strip-final-newline@^2.0.0
188 silly placeDep node_modules/serve is-wsl@2.2.0 OK for: clipboardy@3.0.0 want: ^2.2.0
189 silly fetch manifest is-docker@^2.0.0
190 http fetch GET 200 https://registry.npmjs.org/merge-stream 41ms (cache miss)
191 http fetch GET 200 https://registry.npmjs.org/strip-final-newline 76ms (cache miss)
192 http fetch GET 200 https://registry.npmjs.org/signal-exit 77ms (cache revalidated)
193 http fetch GET 200 https://registry.npmjs.org/is-docker 76ms (cache miss)
194 http fetch GET 200 https://registry.npmjs.org/is-stream 92ms (cache miss)
195 http fetch GET 200 https://registry.npmjs.org/get-stream 92ms (cache miss)
196 http fetch GET 200 https://registry.npmjs.org/npm-run-path 92ms (cache miss)
197 http fetch GET 200 https://registry.npmjs.org/human-signals 94ms (cache miss)
198 http fetch GET 200 https://registry.npmjs.org/onetime 100ms (cache miss)
199 http fetch GET 200 https://registry.npmjs.org/cross-spawn 109ms (cache miss)
200 timing idealTree:node_modules/serve/node_modules/clipboardy Completed in 117ms
201 timing idealTree:node_modules/serve/node_modules/arch Completed in 0ms
202 silly placeDep node_modules/serve accepts@1.3.8 OK for: compression@1.7.4 want: ~1.3.5
203 silly fetch manifest mime-types@~2.1.34
204 silly fetch manifest negotiator@0.6.3
205 silly placeDep node_modules/serve bytes@3.0.0 OK for: compression@1.7.4 want: 3.0.0
206 silly placeDep node_modules/serve compressible@2.0.18 OK for: compression@1.7.4 want: ~2.0.16
207 silly fetch manifest mime-db@>= 1.43.0 < 2
208 silly placeDep node_modules/serve debug@2.6.9 OK for: compression@1.7.4 want: 2.6.9
209 silly fetch manifest ms@2.0.0
210 silly placeDep node_modules/serve on-headers@1.0.2 OK for: compression@1.7.4 want: ~1.0.2
211 silly placeDep node_modules/serve safe-buffer@5.1.2 OK for: compression@1.7.4 want: 5.1.2
212 silly placeDep node_modules/serve vary@1.1.2 OK for: compression@1.7.4 want: ~1.1.2
213 http fetch GET 200 https://registry.npmjs.org/negotiator 63ms (cache miss)
214 http fetch GET 200 https://registry.npmjs.org/mime-db 67ms (cache miss)
215 http fetch GET 200 https://registry.npmjs.org/ms 67ms (cache updated)
216 timing idealTree:node_modules/serve/node_modules/compression Completed in 80ms
217 silly placeDep node_modules/serve mime-types@2.1.35 OK for: accepts@1.3.8 want: ~2.1.34
218 silly fetch manifest mime-db@1.52.0
219 silly placeDep node_modules/serve negotiator@0.6.3 OK for: accepts@1.3.8 want: 0.6.3
220 timing idealTree:node_modules/serve/node_modules/accepts Completed in 7ms
221 timing idealTree:node_modules/serve/node_modules/bytes Completed in 0ms
222 silly placeDep node_modules/serve mime-db@1.52.0 OK for: compressible@2.0.18 want: >= 1.43.0 < 2
223 timing idealTree:node_modules/serve/node_modules/compressible Completed in 2ms
224 silly placeDep node_modules/serve ms@2.0.0 OK for: debug@2.6.9 want: 2.0.0
225 timing idealTree:node_modules/serve/node_modules/debug Completed in 1ms
226 silly placeDep node_modules/serve cross-spawn@7.0.3 OK for: execa@5.1.1 want: ^7.0.3
227 silly fetch manifest path-key@^3.1.0
228 silly fetch manifest shebang-command@^2.0.0
229 silly fetch manifest which@^2.0.1
230 silly placeDep node_modules/serve get-stream@6.0.1 OK for: execa@5.1.1 want: ^6.0.0
231 silly placeDep node_modules/serve human-signals@2.1.0 OK for: execa@5.1.1 want: ^2.1.0
232 silly placeDep node_modules/serve is-stream@2.0.1 OK for: execa@5.1.1 want: ^2.0.0
233 silly placeDep node_modules/serve merge-stream@2.0.0 OK for: execa@5.1.1 want: ^2.0.0
234 silly placeDep node_modules/serve npm-run-path@4.0.1 OK for: execa@5.1.1 want: ^4.0.1
235 silly fetch manifest path-key@^3.0.0
236 silly placeDep node_modules/serve onetime@5.1.2 OK for: execa@5.1.1 want: ^5.1.2
237 silly fetch manifest mimic-fn@^2.1.0
238 silly placeDep node_modules/serve signal-exit@3.0.7 OK for: execa@5.1.1 want: ^3.0.3
239 silly placeDep node_modules/serve strip-final-newline@2.0.0 OK for: execa@5.1.1 want: ^2.0.0
240 http fetch GET 200 https://registry.npmjs.org/shebang-command 78ms (cache miss)
241 http fetch GET 200 https://registry.npmjs.org/mimic-fn 73ms (cache miss)
242 http fetch GET 200 https://registry.npmjs.org/path-key 86ms (cache miss)
243 http fetch GET 200 https://registry.npmjs.org/which 86ms (cache miss)
244 http fetch GET 200 https://registry.npmjs.org/path-key 80ms (cache miss)
245 timing idealTree:node_modules/serve/node_modules/execa Completed in 98ms
246 silly placeDep node_modules/serve path-key@3.1.1 OK for: cross-spawn@7.0.3 want: ^3.1.0
247 silly placeDep node_modules/serve shebang-command@2.0.0 OK for: cross-spawn@7.0.3 want: ^2.0.0
248 silly fetch manifest shebang-regex@^3.0.0
249 silly placeDep node_modules/serve which@2.0.2 OK for: cross-spawn@7.0.3 want: ^2.0.1
250 silly fetch manifest isexe@^2.0.0
251 http fetch GET 200 https://registry.npmjs.org/shebang-regex 39ms (cache miss)
252 http fetch GET 200 https://registry.npmjs.org/isexe 46ms (cache miss)
253 timing idealTree:node_modules/serve/node_modules/cross-spawn Completed in 59ms
254 timing idealTree:node_modules/serve/node_modules/fast-deep-equal Completed in 0ms
255 timing idealTree:node_modules/serve/node_modules/get-stream Completed in 0ms
256 timing idealTree:node_modules/serve/node_modules/human-signals Completed in 0ms
257 timing idealTree:node_modules/serve/node_modules/is-port-reachable Completed in 0ms
258 timing idealTree:node_modules/serve/node_modules/is-stream Completed in 0ms
259 silly placeDep node_modules/serve is-docker@2.2.1 OK for: is-wsl@2.2.0 want: ^2.0.0
260 timing idealTree:node_modules/serve/node_modules/is-wsl Completed in 2ms
261 timing idealTree:node_modules/serve/node_modules/is-docker Completed in 0ms
262 timing idealTree:node_modules/serve/node_modules/json-schema-traverse Completed in 0ms
263 timing idealTree:node_modules/serve/node_modules/merge-stream Completed in 0ms
264 timing idealTree:node_modules/serve/node_modules/mime-db Completed in 0ms
265 timing idealTree:node_modules/serve/node_modules/mime-types Completed in 0ms
266 timing idealTree:node_modules/serve/node_modules/ms Completed in 0ms
267 timing idealTree:node_modules/serve/node_modules/negotiator Completed in 0ms
268 timing idealTree:node_modules/serve/node_modules/npm-run-path Completed in 0ms
269 timing idealTree:node_modules/serve/node_modules/on-headers Completed in 0ms
270 silly placeDep node_modules/serve mimic-fn@2.1.0 OK for: onetime@5.1.2 want: ^2.1.0
271 timing idealTree:node_modules/serve/node_modules/onetime Completed in 5ms
272 timing idealTree:node_modules/serve/node_modules/mimic-fn Completed in 0ms
273 timing idealTree:node_modules/serve/node_modules/path-key Completed in 0ms
274 timing idealTree:node_modules/serve/node_modules/require-from-string Completed in 0ms
275 timing idealTree:node_modules/serve/node_modules/safe-buffer Completed in 0ms
276 silly placeDep node_modules/serve content-disposition@0.5.2 OK for: serve-handler@6.1.5 want: 0.5.2
277 silly placeDep node_modules/serve fast-url-parser@1.1.3 OK for: serve-handler@6.1.5 want: 1.1.3
278 silly fetch manifest punycode@^1.3.2
279 silly placeDep node_modules/serve/node_modules/serve-handler mime-types@2.1.18 OK for: serve-handler@6.1.5 want: 2.1.18
280 silly fetch manifest mime-db@~1.33.0
281 silly placeDep node_modules/serve minimatch@3.1.2 OK for: serve-handler@6.1.5 want: 3.1.2
282 silly fetch manifest brace-expansion@^1.1.7
283 silly placeDep node_modules/serve path-is-inside@1.0.2 OK for: serve-handler@6.1.5 want: 1.0.2
284 silly placeDep node_modules/serve path-to-regexp@2.2.1 OK for: serve-handler@6.1.5 want: 2.2.1
285 silly placeDep node_modules/serve range-parser@1.2.0 OK for: serve-handler@6.1.5 want: 1.2.0
286 http fetch GET 200 https://registry.npmjs.org/brace-expansion 51ms (cache revalidated)
287 timing idealTree:node_modules/serve/node_modules/serve-handler Completed in 59ms
288 timing idealTree:node_modules/serve/node_modules/content-disposition Completed in 0ms
289 silly placeDep node_modules/serve punycode@1.4.1 OK for: fast-url-parser@1.1.3 want: ^1.3.2
290 timing idealTree:node_modules/serve/node_modules/fast-url-parser Completed in 2ms
291 silly placeDep node_modules/serve brace-expansion@1.1.11 OK for: minimatch@3.1.2 want: ^1.1.7
292 silly fetch manifest balanced-match@^1.0.0
293 silly fetch manifest concat-map@0.0.1
294 http fetch GET 200 https://registry.npmjs.org/concat-map 67ms (cache revalidated)
295 http fetch GET 200 https://registry.npmjs.org/balanced-match 86ms (cache revalidated)
296 timing idealTree:node_modules/serve/node_modules/minimatch Completed in 93ms
297 silly placeDep node_modules/serve balanced-match@1.0.2 OK for: brace-expansion@1.1.11 want: ^1.0.0
298 silly placeDep node_modules/serve concat-map@0.0.1 OK for: brace-expansion@1.1.11 want: 0.0.1
299 timing idealTree:node_modules/serve/node_modules/brace-expansion Completed in 3ms
300 timing idealTree:node_modules/serve/node_modules/balanced-match Completed in 0ms
301 timing idealTree:node_modules/serve/node_modules/concat-map Completed in 0ms
302 timing idealTree:node_modules/serve/node_modules/path-is-inside Completed in 0ms
303 timing idealTree:node_modules/serve/node_modules/path-to-regexp Completed in 0ms
304 timing idealTree:node_modules/serve/node_modules/punycode Completed in 0ms
305 timing idealTree:node_modules/serve/node_modules/range-parser Completed in 0ms
306 silly placeDep node_modules/serve shebang-regex@3.0.0 OK for: shebang-command@2.0.0 want: ^3.0.0
307 timing idealTree:node_modules/serve/node_modules/shebang-command Completed in 3ms
308 timing idealTree:node_modules/serve/node_modules/shebang-regex Completed in 0ms
309 timing idealTree:node_modules/serve/node_modules/signal-exit Completed in 1ms
310 silly placeDep node_modules/serve eastasianwidth@0.2.0 OK for: string-width@5.1.2 want: ^0.2.0
311 silly placeDep node_modules/serve emoji-regex@9.2.2 OK for: string-width@5.1.2 want: ^9.2.2
312 silly placeDep node_modules/serve strip-ansi@7.1.0 OK for: string-width@5.1.2 want: ^7.0.1
313 silly fetch manifest ansi-regex@^6.0.1
314 http fetch GET 200 https://registry.npmjs.org/ansi-regex 48ms (cache miss)
315 timing idealTree:node_modules/serve/node_modules/string-width Completed in 59ms
316 timing idealTree:node_modules/serve/node_modules/eastasianwidth Completed in 0ms
317 timing idealTree:node_modules/serve/node_modules/emoji-regex Completed in 0ms
318 silly placeDep node_modules/serve ansi-regex@6.0.1 OK for: strip-ansi@7.1.0 want: ^6.0.1
319 timing idealTree:node_modules/serve/node_modules/strip-ansi Completed in 2ms
320 timing idealTree:node_modules/serve/node_modules/ansi-regex Completed in 0ms
321 timing idealTree:node_modules/serve/node_modules/strip-final-newline Completed in 0ms
322 timing idealTree:node_modules/serve/node_modules/type-fest Completed in 0ms
323 silly placeDep node_modules/serve registry-auth-token@3.3.2 OK for: update-check@1.5.4 want: 3.3.2
324 silly fetch manifest rc@^1.1.6
325 silly placeDep node_modules/serve registry-url@3.1.0 OK for: update-check@1.5.4 want: 3.1.0
326 silly fetch manifest rc@^1.0.1
327 http fetch GET 200 https://registry.npmjs.org/rc 34ms (cache miss)
328 http fetch GET 200 https://registry.npmjs.org/rc 61ms (cache miss)
329 timing idealTree:node_modules/serve/node_modules/update-check Completed in 67ms
330 silly placeDep node_modules/serve rc@1.2.8 OK for: registry-auth-token@3.3.2 want: ^1.1.6
331 silly fetch manifest deep-extend@^0.6.0
332 silly fetch manifest ini@~1.3.0
333 silly fetch manifest minimist@^1.2.0
334 silly fetch manifest strip-json-comments@~2.0.1
335 http fetch GET 200 https://registry.npmjs.org/deep-extend 113ms (cache miss)
336 http fetch GET 200 https://registry.npmjs.org/strip-json-comments 113ms (cache miss)
337 http fetch GET 200 https://registry.npmjs.org/minimist 114ms (cache miss)
338 http fetch GET 200 https://registry.npmjs.org/ini 145ms (cache revalidated)
339 timing idealTree:node_modules/serve/node_modules/registry-auth-token Completed in 154ms
340 silly placeDep node_modules/serve deep-extend@0.6.0 OK for: rc@1.2.8 want: ^0.6.0
341 silly placeDep node_modules/serve ini@1.3.8 OK for: rc@1.2.8 want: ~1.3.0
342 silly placeDep node_modules/serve minimist@1.2.8 OK for: rc@1.2.8 want: ^1.2.0
343 silly placeDep node_modules/serve strip-json-comments@2.0.1 OK for: rc@1.2.8 want: ~2.0.1
344 timing idealTree:node_modules/serve/node_modules/rc Completed in 17ms
345 timing idealTree:node_modules/serve/node_modules/deep-extend Completed in 0ms
346 timing idealTree:node_modules/serve/node_modules/ini Completed in 0ms
347 timing idealTree:node_modules/serve/node_modules/minimist Completed in 0ms
348 timing idealTree:node_modules/serve/node_modules/registry-url Completed in 0ms
349 timing idealTree:node_modules/serve/node_modules/strip-json-comments Completed in 0ms
350 silly placeDep node_modules/serve/node_modules/uri-js punycode@2.3.1 OK for: uri-js@4.4.1 want: ^2.1.0
351 timing idealTree:node_modules/serve/node_modules/uri-js Completed in 2ms
352 timing idealTree:node_modules/serve/node_modules/vary Completed in 0ms
353 silly placeDep node_modules/serve isexe@2.0.0 OK for: which@2.0.2 want: ^2.0.0
354 timing idealTree:node_modules/serve/node_modules/which Completed in 6ms
355 timing idealTree:node_modules/serve/node_modules/isexe Completed in 0ms
356 timing idealTree:node_modules/serve/node_modules/widest-line Completed in 0ms
357 silly placeDep node_modules/serve ansi-styles@6.2.1 OK for: wrap-ansi@8.1.0 want: ^6.1.0
358 timing idealTree:node_modules/serve/node_modules/wrap-ansi Completed in 2ms
359 timing idealTree:node_modules/serve/node_modules/ansi-styles Completed in 0ms
360 silly placeDep node_modules/serve/node_modules/ansi-align emoji-regex@8.0.0 OK for: string-width@4.2.3 want: ^8.0.0
361 silly placeDep node_modules/serve is-fullwidth-code-point@3.0.0 OK for: string-width@4.2.3 want: ^3.0.0
362 silly placeDep node_modules/serve/node_modules/ansi-align strip-ansi@6.0.1 OK for: string-width@4.2.3 want: ^6.0.1
363 silly fetch manifest ansi-regex@^5.0.1
364 timing idealTree:node_modules/serve/node_modules/ansi-align/node_modules/string-width Completed in 7ms
365 timing idealTree:node_modules/serve/node_modules/is-fullwidth-code-point Completed in 0ms
366 timing idealTree:node_modules/serve/node_modules/ansi-align/node_modules/emoji-regex Completed in 0ms
367 silly placeDep node_modules/serve/node_modules/ansi-align ansi-regex@5.0.1 OK for: strip-ansi@6.0.1 want: ^5.0.1
368 timing idealTree:node_modules/serve/node_modules/ansi-align/node_modules/strip-ansi Completed in 2ms
369 timing idealTree:node_modules/serve/node_modules/ansi-align/node_modules/ansi-regex Completed in 0ms
370 silly placeDep node_modules/serve/node_modules/chalk-template ansi-styles@4.3.0 OK for: chalk@4.1.2 want: ^4.1.0
371 silly fetch manifest color-convert@^2.0.1
372 silly placeDep node_modules/serve supports-color@7.2.0 OK for: chalk@4.1.2 want: ^7.1.0
373 silly fetch manifest has-flag@^4.0.0
374 http fetch GET 200 https://registry.npmjs.org/color-convert 44ms (cache revalidated)
375 http fetch GET 200 https://registry.npmjs.org/has-flag 70ms (cache revalidated)
376 timing idealTree:node_modules/serve/node_modules/chalk-template/node_modules/chalk Completed in 75ms
377 silly placeDep node_modules/serve has-flag@4.0.0 OK for: supports-color@7.2.0 want: ^4.0.0
378 timing idealTree:node_modules/serve/node_modules/supports-color Completed in 2ms
379 timing idealTree:node_modules/serve/node_modules/has-flag Completed in 0ms
380 silly placeDep node_modules/serve color-convert@2.0.1 OK for: ansi-styles@4.3.0 want: ^2.0.1
381 silly fetch manifest color-name@~1.1.4
382 http fetch GET 200 https://registry.npmjs.org/color-name 39ms (cache revalidated)
383 timing idealTree:node_modules/serve/node_modules/chalk-template/node_modules/ansi-styles Completed in 42ms
384 silly placeDep node_modules/serve color-name@1.1.4 OK for: color-convert@2.0.1 want: ~1.1.4
385 timing idealTree:node_modules/serve/node_modules/color-convert Completed in 1ms
386 timing idealTree:node_modules/serve/node_modules/color-name Completed in 0ms
387 silly placeDep node_modules/serve/node_modules/serve-handler mime-db@1.33.0 OK for: mime-types@2.1.18 want: ~1.33.0
388 timing idealTree:node_modules/serve/node_modules/serve-handler/node_modules/mime-types Completed in 2ms
389 timing idealTree:node_modules/serve/node_modules/serve-handler/node_modules/mime-db Completed in 0ms
390 timing idealTree:node_modules/serve/node_modules/uri-js/node_modules/punycode Completed in 0ms
391 timing idealTree:buildDeps Completed in 3204ms
392 timing idealTree:fixDepFlags Completed in 10ms
393 timing idealTree Completed in 3237ms
394 timing reify:loadTrees Completed in 3337ms
395 timing reify:diffTrees Completed in 15ms
396 silly reify mark retired [ '/usr/local/lib/node_modules/serve', '/usr/local/bin/serve' ]
397 silly reify moves {
397 silly reify   '/usr/local/lib/node_modules/serve': '/usr/local/lib/node_modules/.serve-ZifzkhmQ',
397 silly reify   '/usr/local/bin/serve': '/usr/local/bin/.serve-ZtOs7kZl'
397 silly reify }
398 timing reify:rollback:retireShallow Completed in 0ms
399 timing command:i Completed in 3387ms
400 verbose stack Error: EACCES: permission denied, rename '/usr/local/lib/node_modules/serve' -> '/usr/local/lib/node_modules/.serve-ZifzkhmQ'
401 verbose cwd /home/ubuntu/dasboard_client
402 verbose Linux 6.2.0-1018-aws
403 verbose node v21.1.0
404 verbose npm  v10.2.0
405 error code EACCES
406 error syscall rename
407 error path /usr/local/lib/node_modules/serve
408 error dest /usr/local/lib/node_modules/.serve-ZifzkhmQ
409 error errno -13
410 error [Error: EACCES: permission denied, rename '/usr/local/lib/node_modules/serve' -> '/usr/local/lib/node_modules/.serve-ZifzkhmQ'] {
410 error   errno: -13,
410 error   code: 'EACCES',
410 error   syscall: 'rename',
410 error   path: '/usr/local/lib/node_modules/serve',
410 error   dest: '/usr/local/lib/node_modules/.serve-ZifzkhmQ'
410 error }
411 error
411 error The operation was rejected by your operating system.
411 error It is likely you do not have the permissions to access this file as the current user
411 error
411 error If you believe this might be a permissions issue, please double-check the
411 error permissions of the file and its containing directories, or try running
411 error the command again as root/Administrator.
412 verbose exit -13
413 timing npm Completed in 3884ms
414 verbose unfinished npm timer reify 1707799648111
415 verbose unfinished npm timer reify:retireShallow 1707799651481
416 verbose code -13
417 error A complete log of this run can be found in: /home/ubuntu/.npm/_logs/2024-02-13T04_47_27_616Z-debug-0.log
